/private/home/apblair/miniconda3/envs/aws-ssds/lib/python3.9/site-packages/google/auth/_default.py:76: UserWarning: Your application has authenticated using end user credentials from Google Cloud SDK without a quota project. You might receive a "quota exceeded" or "API not enabled" error. See the following page for troubleshooting: https://cloud.google.com/docs/authentication/adc-troubleshooting/user-creds. 
  warnings.warn(_CLOUD_SDK_CREDENTIALS_WARNING)
WARNING:google.auth._default:No project ID could be determined. Consider running `gcloud config set project` or setting the GOOGLE_CLOUD_PROJECT environment variable
INFO:ssds.storage:Copied s3://human-pangenomics/submissions/AD30A684-C7A8-4D24-89B2-040DFF021B0C--Y2_1000G_DATA/HG03239/Illumina/child/HG03239.final.cram to s3://human-pangenomics/working/HPRC/HG03239/raw_data/Illumina/child/HG03239.final.cram
INFO:ssds.storage:Copied s3://human-pangenomics/submissions/AD30A684-C7A8-4D24-89B2-040DFF021B0C--Y2_1000G_DATA/HG01255/Illumina/child/HG01255.final.cram to s3://human-pangenomics/working/HPRC/HG01255/raw_data/Illumina/child/HG01255.final.cram
INFO:ssds.storage:Copied s3://human-pangenomics/submissions/AD30A684-C7A8-4D24-89B2-040DFF021B0C--Y2_1000G_DATA/HG02738/Illumina/child/HG02738.final.cram to s3://human-pangenomics/working/HPRC/HG02738/raw_data/Illumina/child/HG02738.final.cram
INFO:ssds.storage:Copied s3://human-pangenomics/submissions/AD30A684-C7A8-4D24-89B2-040DFF021B0C--Y2_1000G_DATA/HG01993/Illumina/child/HG01993.final.cram to s3://human-pangenomics/working/HPRC/HG01993/raw_data/Illumina/child/HG01993.final.cram
INFO:ssds.storage:Copied s3://human-pangenomics/submissions/AD30A684-C7A8-4D24-89B2-040DFF021B0C--Y2_1000G_DATA/HG03669/Illumina/child/HG03669.final.cram to s3://human-pangenomics/working/HPRC/HG03669/raw_data/Illumina/child/HG03669.final.cram
INFO:ssds.storage:Copied s3://human-pangenomics/submissions/AD30A684-C7A8-4D24-89B2-040DFF021B0C--Y2_1000G_DATA/HG02514/Illumina/child/HG02514.final.cram to s3://human-pangenomics/working/HPRC/HG02514/raw_data/Illumina/child/HG02514.final.cram
INFO:ssds.storage:Copied s3://human-pangenomics/submissions/AD30A684-C7A8-4D24-89B2-040DFF021B0C--Y2_1000G_DATA/HG03704/Illumina/child/HG03704.final.cram to s3://human-pangenomics/working/HPRC/HG03704/raw_data/Illumina/child/HG03704.final.cram
INFO:ssds.storage:Copied s3://human-pangenomics/submissions/AD30A684-C7A8-4D24-89B2-040DFF021B0C--Y2_1000G_DATA/HG02258/Illumina/child/HG02258.final.cram to s3://human-pangenomics/working/HPRC/HG02258/raw_data/Illumina/child/HG02258.final.cram
INFO:ssds.storage:Copied s3://human-pangenomics/submissions/AD30A684-C7A8-4D24-89B2-040DFF021B0C--Y2_1000G_DATA/HG01943/Illumina/child/HG01943.final.cram to s3://human-pangenomics/working/HPRC/HG01943/raw_data/Illumina/child/HG01943.final.cram
INFO:ssds.storage:Copied s3://human-pangenomics/submissions/AD30A684-C7A8-4D24-89B2-040DFF021B0C--Y2_1000G_DATA/HG00706/Illumina/child/HG00706.final.cram to s3://human-pangenomics/working/HPRC/HG00706/raw_data/Illumina/child/HG00706.final.cram
INFO:ssds.storage:Copied s3://human-pangenomics/submissions/AD30A684-C7A8-4D24-89B2-040DFF021B0C--Y2_1000G_DATA/HG01940/Illumina/child/HG01940.final.cram to s3://human-pangenomics/working/HPRC/HG01940/raw_data/Illumina/child/HG01940.final.cram
INFO:ssds.storage:Copied s3://human-pangenomics/submissions/AD30A684-C7A8-4D24-89B2-040DFF021B0C--Y2_1000G_DATA/HG01192/Illumina/child/HG01192.final.cram to s3://human-pangenomics/working/HPRC/HG01192/raw_data/Illumina/child/HG01192.final.cram
INFO:ssds.storage:Copied s3://human-pangenomics/submissions/AD30A684-C7A8-4D24-89B2-040DFF021B0C--Y2_1000G_DATA/HG01081/Illumina/child/HG01081.final.cram to s3://human-pangenomics/working/HPRC/HG01081/raw_data/Illumina/child/HG01081.final.cram
INFO:ssds.storage:Copied s3://human-pangenomics/submissions/AD30A684-C7A8-4D24-89B2-040DFF021B0C--Y2_1000G_DATA/HG04184/Illumina/child/HG04184.final.cram to s3://human-pangenomics/working/HPRC/HG04184/raw_data/Illumina/child/HG04184.final.cram
INFO:ssds.storage:Copied s3://human-pangenomics/submissions/AD30A684-C7A8-4D24-89B2-040DFF021B0C--Y2_1000G_DATA/HG01433/Illumina/child/HG01433.final.cram to s3://human-pangenomics/working/HPRC/HG01433/raw_data/Illumina/child/HG01433.final.cram
INFO:ssds.storage:Copied s3://human-pangenomics/submissions/AD30A684-C7A8-4D24-89B2-040DFF021B0C--Y2_1000G_DATA/HG01074/Illumina/child/HG01074.final.cram to s3://human-pangenomics/working/HPRC/HG01074/raw_data/Illumina/child/HG01074.final.cram
INFO:ssds.storage:Copied s3://human-pangenomics/submissions/AD30A684-C7A8-4D24-89B2-040DFF021B0C--Y2_1000G_DATA/HG00639/Illumina/child/HG00639.final.cram to s3://human-pangenomics/working/HPRC/HG00639/raw_data/Illumina/child/HG00639.final.cram
INFO:ssds.storage:Copied s3://human-pangenomics/submissions/AD30A684-C7A8-4D24-89B2-040DFF021B0C--Y2_1000G_DATA/HG01960/Illumina/child/HG01960.final.cram to s3://human-pangenomics/working/HPRC/HG01960/raw_data/Illumina/child/HG01960.final.cram
INFO:ssds.storage:Copied s3://human-pangenomics/submissions/AD30A684-C7A8-4D24-89B2-040DFF021B0C--Y2_1000G_DATA/HG02056/Illumina/child/HG02056.final.cram to s3://human-pangenomics/working/HPRC/HG02056/raw_data/Illumina/child/HG02056.final.cram
INFO:ssds.storage:Copied s3://human-pangenomics/submissions/AD30A684-C7A8-4D24-89B2-040DFF021B0C--Y2_1000G_DATA/HG02129/Illumina/child/HG02129.final.cram to s3://human-pangenomics/working/HPRC/HG02129/raw_data/Illumina/child/HG02129.final.cram
INFO:ssds.storage:Copied s3://human-pangenomics/submissions/AD30A684-C7A8-4D24-89B2-040DFF021B0C--Y2_1000G_DATA/HG02280/Illumina/child/HG02280.final.cram to s3://human-pangenomics/working/HPRC/HG02280/raw_data/Illumina/child/HG02280.final.cram
INFO:ssds.storage:Copied s3://human-pangenomics/submissions/AD30A684-C7A8-4D24-89B2-040DFF021B0C--Y2_1000G_DATA/HG02451/Illumina/child/HG02451.final.cram to s3://human-pangenomics/working/HPRC/HG02451/raw_data/Illumina/child/HG02451.final.cram
INFO:ssds.storage:Copied s3://human-pangenomics/submissions/AD30A684-C7A8-4D24-89B2-040DFF021B0C--Y2_1000G_DATA/HG02668/Illumina/child/HG02668.final.cram to s3://human-pangenomics/working/HPRC/HG02668/raw_data/Illumina/child/HG02668.final.cram
INFO:ssds.storage:Copied s3://human-pangenomics/submissions/AD30A684-C7A8-4D24-89B2-040DFF021B0C--Y2_1000G_DATA/HG01887/Illumina/child/HG01887.final.cram to s3://human-pangenomics/working/HPRC/HG01887/raw_data/Illumina/child/HG01887.final.cram
INFO:ssds.storage:Copied s3://human-pangenomics/submissions/AD30A684-C7A8-4D24-89B2-040DFF021B0C--Y2_1000G_DATA/HG01981/Illumina/child/HG01981.final.cram to s3://human-pangenomics/working/HPRC/HG01981/raw_data/Illumina/child/HG01981.final.cram
INFO:ssds.storage:Copied s3://human-pangenomics/submissions/AD30A684-C7A8-4D24-89B2-040DFF021B0C--Y2_1000G_DATA/HG03017/Illumina/child/HG03017.final.cram to s3://human-pangenomics/working/HPRC/HG03017/raw_data/Illumina/child/HG03017.final.cram
INFO:ssds.storage:Copied s3://human-pangenomics/submissions/AD30A684-C7A8-4D24-89B2-040DFF021B0C--Y2_1000G_DATA/HG00408/Illumina/child/HG00408.final.cram to s3://human-pangenomics/working/HPRC/HG00408/raw_data/Illumina/child/HG00408.final.cram
INFO:ssds.storage:Copied s3://human-pangenomics/submissions/AD30A684-C7A8-4D24-89B2-040DFF021B0C--Y2_1000G_DATA/HG00658/Illumina/child/HG00658.final.cram to s3://human-pangenomics/working/HPRC/HG00658/raw_data/Illumina/child/HG00658.final.cram
INFO:ssds.storage:Copied s3://human-pangenomics/submissions/AD30A684-C7A8-4D24-89B2-040DFF021B0C--Y2_1000G_DATA/HG02735/Illumina/child/HG02735.final.cram to s3://human-pangenomics/working/HPRC/HG02735/raw_data/Illumina/child/HG02735.final.cram
INFO:ssds.storage:Copied s3://human-pangenomics/submissions/AD30A684-C7A8-4D24-89B2-040DFF021B0C--Y2_1000G_DATA/HG02015/Illumina/child/HG02015.final.cram to s3://human-pangenomics/working/HPRC/HG02015/raw_data/Illumina/child/HG02015.final.cram
INFO:ssds.storage:Copied s3://human-pangenomics/submissions/AD30A684-C7A8-4D24-89B2-040DFF021B0C--Y2_1000G_DATA/HG00642/Illumina/child/HG00642.final.cram to s3://human-pangenomics/working/HPRC/HG00642/raw_data/Illumina/child/HG00642.final.cram
INFO:ssds.storage:Copied s3://human-pangenomics/submissions/AD30A684-C7A8-4D24-89B2-040DFF021B0C--Y2_1000G_DATA/HG01975/Illumina/child/HG01975.final.cram to s3://human-pangenomics/working/HPRC/HG01975/raw_data/Illumina/child/HG01975.final.cram
INFO:ssds.storage:Copied s3://human-pangenomics/submissions/AD30A684-C7A8-4D24-89B2-040DFF021B0C--Y2_1000G_DATA/HG01150/Illumina/child/HG01150.final.cram to s3://human-pangenomics/working/HPRC/HG01150/raw_data/Illumina/child/HG01150.final.cram
INFO:ssds.storage:Copied s3://human-pangenomics/submissions/AD30A684-C7A8-4D24-89B2-040DFF021B0C--Y2_1000G_DATA/HG00609/Illumina/child/HG00609.final.cram to s3://human-pangenomics/working/HPRC/HG00609/raw_data/Illumina/child/HG00609.final.cram
INFO:ssds.storage:Copied s3://human-pangenomics/submissions/AD30A684-C7A8-4D24-89B2-040DFF021B0C--Y2_1000G_DATA/HG00597/Illumina/child/HG00597.final.cram to s3://human-pangenomics/working/HPRC/HG00597/raw_data/Illumina/child/HG00597.final.cram
INFO:ssds.storage:Copied s3://human-pangenomics/submissions/AD30A684-C7A8-4D24-89B2-040DFF021B0C--Y2_1000G_DATA/HG03831/Illumina/child/HG03831.final.cram to s3://human-pangenomics/working/HPRC/HG03831/raw_data/Illumina/child/HG03831.final.cram
INFO:ssds.storage:Copied s3://human-pangenomics/submissions/AD30A684-C7A8-4D24-89B2-040DFF021B0C--Y2_1000G_DATA/HG01496/Illumina/child/HG01496.final.cram to s3://human-pangenomics/working/HPRC/HG01496/raw_data/Illumina/child/HG01496.final.cram
INFO:ssds.storage:Copied s3://human-pangenomics/submissions/AD30A684-C7A8-4D24-89B2-040DFF021B0C--Y2_1000G_DATA/HG01252/Illumina/child/HG01252.final.cram to s3://human-pangenomics/working/HPRC/HG01252/raw_data/Illumina/child/HG01252.final.cram
INFO:ssds.storage:Copied s3://human-pangenomics/submissions/AD30A684-C7A8-4D24-89B2-040DFF021B0C--Y2_1000G_DATA/HG03050/Illumina/child/HG03050.final.cram to s3://human-pangenomics/working/HPRC/HG03050/raw_data/Illumina/child/HG03050.final.cram
INFO:ssds.storage:Copied s3://human-pangenomics/submissions/AD30A684-C7A8-4D24-89B2-040DFF021B0C--Y2_1000G_DATA/HG03834/Illumina/child/HG03834.final.cram to s3://human-pangenomics/working/HPRC/HG03834/raw_data/Illumina/child/HG03834.final.cram
INFO:ssds.storage:Copied s3://human-pangenomics/submissions/AD30A684-C7A8-4D24-89B2-040DFF021B0C--Y2_1000G_DATA/HG02300/Illumina/child/HG02300.final.cram to s3://human-pangenomics/working/HPRC/HG02300/raw_data/Illumina/child/HG02300.final.cram
INFO:ssds.storage:Copied s3://human-pangenomics/submissions/AD30A684-C7A8-4D24-89B2-040DFF021B0C--Y2_1000G_DATA/HG03041/Illumina/child/HG03041.final.cram to s3://human-pangenomics/working/HPRC/HG03041/raw_data/Illumina/child/HG03041.final.cram
INFO:ssds.storage:Copied s3://human-pangenomics/submissions/AD30A684-C7A8-4D24-89B2-040DFF021B0C--Y2_1000G_DATA/HG03927/Illumina/child/HG03927.final.cram to s3://human-pangenomics/working/HPRC/HG03927/raw_data/Illumina/child/HG03927.final.cram
INFO:ssds.storage:Copied s3://human-pangenomics/submissions/AD30A684-C7A8-4D24-89B2-040DFF021B0C--Y2_1000G_DATA/HG01346/Illumina/child/HG01346.final.cram to s3://human-pangenomics/working/HPRC/HG01346/raw_data/Illumina/child/HG01346.final.cram
INFO:ssds.storage:Copied s3://human-pangenomics/submissions/AD30A684-C7A8-4D24-89B2-040DFF021B0C--Y2_1000G_DATA/HG01099/Illumina/child/HG01099.final.cram to s3://human-pangenomics/working/HPRC/HG01099/raw_data/Illumina/child/HG01099.final.cram
INFO:ssds.storage:Copied s3://human-pangenomics/submissions/AD30A684-C7A8-4D24-89B2-040DFF021B0C--Y2_1000G_DATA/HG02656/Illumina/child/HG02656.final.cram to s3://human-pangenomics/working/HPRC/HG02656/raw_data/Illumina/child/HG02656.final.cram
INFO:ssds.storage:Copied s3://human-pangenomics/submissions/AD30A684-C7A8-4D24-89B2-040DFF021B0C--Y2_1000G_DATA/HG00738/Illumina/child/HG00738.final.cram to s3://human-pangenomics/working/HPRC/HG00738/raw_data/Illumina/child/HG00738.final.cram
INFO:ssds.storage:Copied s3://human-pangenomics/submissions/AD30A684-C7A8-4D24-89B2-040DFF021B0C--Y2_1000G_DATA/HG03825/Illumina/child/HG03825.final.cram to s3://human-pangenomics/working/HPRC/HG03825/raw_data/Illumina/child/HG03825.final.cram
INFO:ssds.storage:Copied s3://human-pangenomics/submissions/AD30A684-C7A8-4D24-89B2-040DFF021B0C--Y2_1000G_DATA/HG02615/Illumina/child/HG02615.final.cram to s3://human-pangenomics/working/HPRC/HG02615/raw_data/Illumina/child/HG02615.final.cram
INFO:ssds.storage:Copied s3://human-pangenomics/submissions/AD30A684-C7A8-4D24-89B2-040DFF021B0C--Y2_1000G_DATA/HG00544/Illumina/child/HG00544.final.cram to s3://human-pangenomics/working/HPRC/HG00544/raw_data/Illumina/child/HG00544.final.cram
INFO:ssds.storage:Copied s3://human-pangenomics/submissions/AD30A684-C7A8-4D24-89B2-040DFF021B0C--Y2_1000G_DATA/HG01969/Illumina/child/HG01969.final.cram to s3://human-pangenomics/working/HPRC/HG01969/raw_data/Illumina/child/HG01969.final.cram
INFO:ssds.storage:Copied s3://human-pangenomics/submissions/AD30A684-C7A8-4D24-89B2-040DFF021B0C--Y2_1000G_DATA/HG01261/Illumina/child/HG01261.final.cram to s3://human-pangenomics/working/HPRC/HG01261/raw_data/Illumina/child/HG01261.final.cram
INFO:ssds.storage:Copied s3://human-pangenomics/submissions/AD30A684-C7A8-4D24-89B2-040DFF021B0C--Y2_1000G_DATA/HG00558/Illumina/child/HG00558.final.cram to s3://human-pangenomics/working/HPRC/HG00558/raw_data/Illumina/child/HG00558.final.cram
INFO:ssds.storage:Copied s3://human-pangenomics/submissions/AD30A684-C7A8-4D24-89B2-040DFF021B0C--Y2_1000G_DATA/HG02647/Illumina/child/HG02647.final.cram to s3://human-pangenomics/working/HPRC/HG02647/raw_data/Illumina/child/HG02647.final.cram
INFO:ssds.storage:Copied s3://human-pangenomics/submissions/AD30A684-C7A8-4D24-89B2-040DFF021B0C--Y2_1000G_DATA/HG02273/Illumina/child/HG02273.final.cram to s3://human-pangenomics/working/HPRC/HG02273/raw_data/Illumina/child/HG02273.final.cram
INFO:ssds.storage:Copied s3://human-pangenomics/submissions/AD30A684-C7A8-4D24-89B2-040DFF021B0C--Y2_1000G_DATA/HG02809/Illumina/child/HG02809.final.cram to s3://human-pangenomics/working/HPRC/HG02809/raw_data/Illumina/child/HG02809.final.cram
INFO:ssds.storage:Copied s3://human-pangenomics/submissions/AD30A684-C7A8-4D24-89B2-040DFF021B0C--Y2_1000G_DATA/HG02004/Illumina/child/HG02004.final.cram to s3://human-pangenomics/working/HPRC/HG02004/raw_data/Illumina/child/HG02004.final.cram
INFO:ssds.storage:Copied s3://human-pangenomics/submissions/AD30A684-C7A8-4D24-89B2-040DFF021B0C--Y2_1000G_DATA/HG02293/Illumina/child/HG02293.final.cram to s3://human-pangenomics/working/HPRC/HG02293/raw_data/Illumina/child/HG02293.final.cram
INFO:ssds.storage:Copied s3://human-pangenomics/submissions/AD30A684-C7A8-4D24-89B2-040DFF021B0C--Y2_1000G_DATA/HG02984/Illumina/child/HG02984.final.cram to s3://human-pangenomics/working/HPRC/HG02984/raw_data/Illumina/child/HG02984.final.cram
INFO:ssds.storage:Copied s3://human-pangenomics/submissions/AD30A684-C7A8-4D24-89B2-040DFF021B0C--Y2_1000G_DATA/HG02841/Illumina/child/HG02841.final.cram to s3://human-pangenomics/working/HPRC/HG02841/raw_data/Illumina/child/HG02841.final.cram
INFO:ssds.storage:Copied s3://human-pangenomics/submissions/AD30A684-C7A8-4D24-89B2-040DFF021B0C--Y2_1000G_DATA/HG01884/Illumina/child/HG01884.final.cram to s3://human-pangenomics/working/HPRC/HG01884/raw_data/Illumina/child/HG01884.final.cram
INFO:ssds.storage:Copied s3://human-pangenomics/submissions/AD30A684-C7A8-4D24-89B2-040DFF021B0C--Y2_1000G_DATA/HG02683/Illumina/child/HG02683.final.cram to s3://human-pangenomics/working/HPRC/HG02683/raw_data/Illumina/child/HG02683.final.cram
INFO:ssds.storage:Copied s3://human-pangenomics/submissions/AD30A684-C7A8-4D24-89B2-040DFF021B0C--Y2_1000G_DATA/HG01934/Illumina/child/HG01934.final.cram to s3://human-pangenomics/working/HPRC/HG01934/raw_data/Illumina/child/HG01934.final.cram
{
  "submission_id": "AD30A684-C7A8-4D24-89B2-040DFF021B0C",
  "src_bucket": "human-pangenomics",
  "dst_bucket": "human-pangenomics",
  "aws_identity": "AIDAWEW7BTH3SB7SI4NIO",
  "gcp_identity": "apblair@ucsc.edu",
  "transfer_map": [
    {
      "src_key": "submissions/AD30A684-C7A8-4D24-89B2-040DFF021B0C--Y2_1000G_DATA/HG01081/Illumina/child/HG01081.final.cram",
      "dst_key": "working/HPRC/HG01081/raw_data/Illumina/child/HG01081.final.cram"
    },
    {
      "src_key": "submissions/AD30A684-C7A8-4D24-89B2-040DFF021B0C--Y2_1000G_DATA/HG02841/Illumina/child/HG02841.final.cram",
      "dst_key": "working/HPRC/HG02841/raw_data/Illumina/child/HG02841.final.cram"
    },
    {
      "src_key": "submissions/AD30A684-C7A8-4D24-89B2-040DFF021B0C--Y2_1000G_DATA/HG01993/Illumina/child/HG01993.final.cram",
      "dst_key": "working/HPRC/HG01993/raw_data/Illumina/child/HG01993.final.cram"
    },
    {
      "src_key": "submissions/AD30A684-C7A8-4D24-89B2-040DFF021B0C--Y2_1000G_DATA/HG00706/Illumina/child/HG00706.final.cram",
      "dst_key": "working/HPRC/HG00706/raw_data/Illumina/child/HG00706.final.cram"
    },
    {
      "src_key": "submissions/AD30A684-C7A8-4D24-89B2-040DFF021B0C--Y2_1000G_DATA/HG01943/Illumina/child/HG01943.final.cram",
      "dst_key": "working/HPRC/HG01943/raw_data/Illumina/child/HG01943.final.cram"
    },
    {
      "src_key": "submissions/AD30A684-C7A8-4D24-89B2-040DFF021B0C--Y2_1000G_DATA/HG01192/Illumina/child/HG01192.final.cram",
      "dst_key": "working/HPRC/HG01192/raw_data/Illumina/child/HG01192.final.cram"
    },
    {
      "src_key": "submissions/AD30A684-C7A8-4D24-89B2-040DFF021B0C--Y2_1000G_DATA/HG04184/Illumina/child/HG04184.final.cram",
      "dst_key": "working/HPRC/HG04184/raw_data/Illumina/child/HG04184.final.cram"
    },
    {
      "src_key": "submissions/AD30A684-C7A8-4D24-89B2-040DFF021B0C--Y2_1000G_DATA/HG01960/Illumina/child/HG01960.final.cram",
      "dst_key": "working/HPRC/HG01960/raw_data/Illumina/child/HG01960.final.cram"
    },
    {
      "src_key": "submissions/AD30A684-C7A8-4D24-89B2-040DFF021B0C--Y2_1000G_DATA/HG01981/Illumina/child/HG01981.final.cram",
      "dst_key": "working/HPRC/HG01981/raw_data/Illumina/child/HG01981.final.cram"
    },
    {
      "src_key": "submissions/AD30A684-C7A8-4D24-89B2-040DFF021B0C--Y2_1000G_DATA/HG03704/Illumina/child/HG03704.final.cram",
      "dst_key": "working/HPRC/HG03704/raw_data/Illumina/child/HG03704.final.cram"
    },
    {
      "src_key": "submissions/AD30A684-C7A8-4D24-89B2-040DFF021B0C--Y2_1000G_DATA/HG02735/Illumina/child/HG02735.final.cram",
      "dst_key": "working/HPRC/HG02735/raw_data/Illumina/child/HG02735.final.cram"
    },
    {
      "src_key": "submissions/AD30A684-C7A8-4D24-89B2-040DFF021B0C--Y2_1000G_DATA/HG03017/Illumina/child/HG03017.final.cram",
      "dst_key": "working/HPRC/HG03017/raw_data/Illumina/child/HG03017.final.cram"
    },
    {
      "src_key": "submissions/AD30A684-C7A8-4D24-89B2-040DFF021B0C--Y2_1000G_DATA/HG01940/Illumina/child/HG01940.final.cram",
      "dst_key": "working/HPRC/HG01940/raw_data/Illumina/child/HG01940.final.cram"
    },
    {
      "src_key": "submissions/AD30A684-C7A8-4D24-89B2-040DFF021B0C--Y2_1000G_DATA/HG00738/Illumina/child/HG00738.final.cram",
      "dst_key": "working/HPRC/HG00738/raw_data/Illumina/child/HG00738.final.cram"
    },
    {
      "src_key": "submissions/AD30A684-C7A8-4D24-89B2-040DFF021B0C--Y2_1000G_DATA/HG02300/Illumina/child/HG02300.final.cram",
      "dst_key": "working/HPRC/HG02300/raw_data/Illumina/child/HG02300.final.cram"
    },
    {
      "src_key": "submissions/AD30A684-C7A8-4D24-89B2-040DFF021B0C--Y2_1000G_DATA/HG00544/Illumina/child/HG00544.final.cram",
      "dst_key": "working/HPRC/HG00544/raw_data/Illumina/child/HG00544.final.cram"
    },
    {
      "src_key": "submissions/AD30A684-C7A8-4D24-89B2-040DFF021B0C--Y2_1000G_DATA/HG03825/Illumina/child/HG03825.final.cram",
      "dst_key": "working/HPRC/HG03825/raw_data/Illumina/child/HG03825.final.cram"
    },
    {
      "src_key": "submissions/AD30A684-C7A8-4D24-89B2-040DFF021B0C--Y2_1000G_DATA/HG01496/Illumina/child/HG01496.final.cram",
      "dst_key": "working/HPRC/HG01496/raw_data/Illumina/child/HG01496.final.cram"
    },
    {
      "src_key": "submissions/AD30A684-C7A8-4D24-89B2-040DFF021B0C--Y2_1000G_DATA/HG01252/Illumina/child/HG01252.final.cram",
      "dst_key": "working/HPRC/HG01252/raw_data/Illumina/child/HG01252.final.cram"
    },
    {
      "src_key": "submissions/AD30A684-C7A8-4D24-89B2-040DFF021B0C--Y2_1000G_DATA/HG01433/Illumina/child/HG01433.final.cram",
      "dst_key": "working/HPRC/HG01433/raw_data/Illumina/child/HG01433.final.cram"
    },
    {
      "src_key": "submissions/AD30A684-C7A8-4D24-89B2-040DFF021B0C--Y2_1000G_DATA/HG00642/Illumina/child/HG00642.final.cram",
      "dst_key": "working/HPRC/HG00642/raw_data/Illumina/child/HG00642.final.cram"
    },
    {
      "src_key": "submissions/AD30A684-C7A8-4D24-89B2-040DFF021B0C--Y2_1000G_DATA/HG00408/Illumina/child/HG00408.final.cram",
      "dst_key": "working/HPRC/HG00408/raw_data/Illumina/child/HG00408.final.cram"
    },
    {
      "src_key": "submissions/AD30A684-C7A8-4D24-89B2-040DFF021B0C--Y2_1000G_DATA/HG02615/Illumina/child/HG02615.final.cram",
      "dst_key": "working/HPRC/HG02615/raw_data/Illumina/child/HG02615.final.cram"
    },
    {
      "src_key": "submissions/AD30A684-C7A8-4D24-89B2-040DFF021B0C--Y2_1000G_DATA/HG01887/Illumina/child/HG01887.final.cram",
      "dst_key": "working/HPRC/HG01887/raw_data/Illumina/child/HG01887.final.cram"
    },
    {
      "src_key": "submissions/AD30A684-C7A8-4D24-89B2-040DFF021B0C--Y2_1000G_DATA/HG00558/Illumina/child/HG00558.final.cram",
      "dst_key": "working/HPRC/HG00558/raw_data/Illumina/child/HG00558.final.cram"
    },
    {
      "src_key": "submissions/AD30A684-C7A8-4D24-89B2-040DFF021B0C--Y2_1000G_DATA/HG03927/Illumina/child/HG03927.final.cram",
      "dst_key": "working/HPRC/HG03927/raw_data/Illumina/child/HG03927.final.cram"
    },
    {
      "src_key": "submissions/AD30A684-C7A8-4D24-89B2-040DFF021B0C--Y2_1000G_DATA/HG00609/Illumina/child/HG00609.final.cram",
      "dst_key": "working/HPRC/HG00609/raw_data/Illumina/child/HG00609.final.cram"
    },
    {
      "src_key": "submissions/AD30A684-C7A8-4D24-89B2-040DFF021B0C--Y2_1000G_DATA/HG00658/Illumina/child/HG00658.final.cram",
      "dst_key": "working/HPRC/HG00658/raw_data/Illumina/child/HG00658.final.cram"
    },
    {
      "src_key": "submissions/AD30A684-C7A8-4D24-89B2-040DFF021B0C--Y2_1000G_DATA/HG01261/Illumina/child/HG01261.final.cram",
      "dst_key": "working/HPRC/HG01261/raw_data/Illumina/child/HG01261.final.cram"
    },
    {
      "src_key": "submissions/AD30A684-C7A8-4D24-89B2-040DFF021B0C--Y2_1000G_DATA/HG01074/Illumina/child/HG01074.final.cram",
      "dst_key": "working/HPRC/HG01074/raw_data/Illumina/child/HG01074.final.cram"
    },
    {
      "src_key": "submissions/AD30A684-C7A8-4D24-89B2-040DFF021B0C--Y2_1000G_DATA/HG03831/Illumina/child/HG03831.final.cram",
      "dst_key": "working/HPRC/HG03831/raw_data/Illumina/child/HG03831.final.cram"
    },
    {
      "src_key": "submissions/AD30A684-C7A8-4D24-89B2-040DFF021B0C--Y2_1000G_DATA/HG02683/Illumina/child/HG02683.final.cram",
      "dst_key": "working/HPRC/HG02683/raw_data/Illumina/child/HG02683.final.cram"
    },
    {
      "src_key": "submissions/AD30A684-C7A8-4D24-89B2-040DFF021B0C--Y2_1000G_DATA/HG03239/Illumina/child/HG03239.final.cram",
      "dst_key": "working/HPRC/HG03239/raw_data/Illumina/child/HG03239.final.cram"
    },
    {
      "src_key": "submissions/AD30A684-C7A8-4D24-89B2-040DFF021B0C--Y2_1000G_DATA/HG03041/Illumina/child/HG03041.final.cram",
      "dst_key": "working/HPRC/HG03041/raw_data/Illumina/child/HG03041.final.cram"
    },
    {
      "src_key": "submissions/AD30A684-C7A8-4D24-89B2-040DFF021B0C--Y2_1000G_DATA/HG02004/Illumina/child/HG02004.final.cram",
      "dst_key": "working/HPRC/HG02004/raw_data/Illumina/child/HG02004.final.cram"
    },
    {
      "src_key": "submissions/AD30A684-C7A8-4D24-89B2-040DFF021B0C--Y2_1000G_DATA/HG02738/Illumina/child/HG02738.final.cram",
      "dst_key": "working/HPRC/HG02738/raw_data/Illumina/child/HG02738.final.cram"
    },
    {
      "src_key": "submissions/AD30A684-C7A8-4D24-89B2-040DFF021B0C--Y2_1000G_DATA/HG02656/Illumina/child/HG02656.final.cram",
      "dst_key": "working/HPRC/HG02656/raw_data/Illumina/child/HG02656.final.cram"
    },
    {
      "src_key": "submissions/AD30A684-C7A8-4D24-89B2-040DFF021B0C--Y2_1000G_DATA/HG00597/Illumina/child/HG00597.final.cram",
      "dst_key": "working/HPRC/HG00597/raw_data/Illumina/child/HG00597.final.cram"
    },
    {
      "src_key": "submissions/AD30A684-C7A8-4D24-89B2-040DFF021B0C--Y2_1000G_DATA/HG02273/Illumina/child/HG02273.final.cram",
      "dst_key": "working/HPRC/HG02273/raw_data/Illumina/child/HG02273.final.cram"
    },
    {
      "src_key": "submissions/AD30A684-C7A8-4D24-89B2-040DFF021B0C--Y2_1000G_DATA/HG02293/Illumina/child/HG02293.final.cram",
      "dst_key": "working/HPRC/HG02293/raw_data/Illumina/child/HG02293.final.cram"
    },
    {
      "src_key": "submissions/AD30A684-C7A8-4D24-89B2-040DFF021B0C--Y2_1000G_DATA/HG02647/Illumina/child/HG02647.final.cram",
      "dst_key": "working/HPRC/HG02647/raw_data/Illumina/child/HG02647.final.cram"
    },
    {
      "src_key": "submissions/AD30A684-C7A8-4D24-89B2-040DFF021B0C--Y2_1000G_DATA/HG02280/Illumina/child/HG02280.final.cram",
      "dst_key": "working/HPRC/HG02280/raw_data/Illumina/child/HG02280.final.cram"
    },
    {
      "src_key": "submissions/AD30A684-C7A8-4D24-89B2-040DFF021B0C--Y2_1000G_DATA/HG02258/Illumina/child/HG02258.final.cram",
      "dst_key": "working/HPRC/HG02258/raw_data/Illumina/child/HG02258.final.cram"
    },
    {
      "src_key": "submissions/AD30A684-C7A8-4D24-89B2-040DFF021B0C--Y2_1000G_DATA/HG01099/Illumina/child/HG01099.final.cram",
      "dst_key": "working/HPRC/HG01099/raw_data/Illumina/child/HG01099.final.cram"
    },
    {
      "src_key": "submissions/AD30A684-C7A8-4D24-89B2-040DFF021B0C--Y2_1000G_DATA/HG03834/Illumina/child/HG03834.final.cram",
      "dst_key": "working/HPRC/HG03834/raw_data/Illumina/child/HG03834.final.cram"
    },
    {
      "src_key": "submissions/AD30A684-C7A8-4D24-89B2-040DFF021B0C--Y2_1000G_DATA/HG00639/Illumina/child/HG00639.final.cram",
      "dst_key": "working/HPRC/HG00639/raw_data/Illumina/child/HG00639.final.cram"
    },
    {
      "src_key": "submissions/AD30A684-C7A8-4D24-89B2-040DFF021B0C--Y2_1000G_DATA/HG02129/Illumina/child/HG02129.final.cram",
      "dst_key": "working/HPRC/HG02129/raw_data/Illumina/child/HG02129.final.cram"
    },
    {
      "src_key": "submissions/AD30A684-C7A8-4D24-89B2-040DFF021B0C--Y2_1000G_DATA/HG02056/Illumina/child/HG02056.final.cram",
      "dst_key": "working/HPRC/HG02056/raw_data/Illumina/child/HG02056.final.cram"
    },
    {
      "src_key": "submissions/AD30A684-C7A8-4D24-89B2-040DFF021B0C--Y2_1000G_DATA/HG01346/Illumina/child/HG01346.final.cram",
      "dst_key": "working/HPRC/HG01346/raw_data/Illumina/child/HG01346.final.cram"
    },
    {
      "src_key": "submissions/AD30A684-C7A8-4D24-89B2-040DFF021B0C--Y2_1000G_DATA/HG01884/Illumina/child/HG01884.final.cram",
      "dst_key": "working/HPRC/HG01884/raw_data/Illumina/child/HG01884.final.cram"
    },
    {
      "src_key": "submissions/AD30A684-C7A8-4D24-89B2-040DFF021B0C--Y2_1000G_DATA/HG01975/Illumina/child/HG01975.final.cram",
      "dst_key": "working/HPRC/HG01975/raw_data/Illumina/child/HG01975.final.cram"
    },
    {
      "src_key": "submissions/AD30A684-C7A8-4D24-89B2-040DFF021B0C--Y2_1000G_DATA/HG03050/Illumina/child/HG03050.final.cram",
      "dst_key": "working/HPRC/HG03050/raw_data/Illumina/child/HG03050.final.cram"
    },
    {
      "src_key": "submissions/AD30A684-C7A8-4D24-89B2-040DFF021B0C--Y2_1000G_DATA/HG01969/Illumina/child/HG01969.final.cram",
      "dst_key": "working/HPRC/HG01969/raw_data/Illumina/child/HG01969.final.cram"
    },
    {
      "src_key": "submissions/AD30A684-C7A8-4D24-89B2-040DFF021B0C--Y2_1000G_DATA/HG02984/Illumina/child/HG02984.final.cram",
      "dst_key": "working/HPRC/HG02984/raw_data/Illumina/child/HG02984.final.cram"
    },
    {
      "src_key": "submissions/AD30A684-C7A8-4D24-89B2-040DFF021B0C--Y2_1000G_DATA/HG02015/Illumina/child/HG02015.final.cram",
      "dst_key": "working/HPRC/HG02015/raw_data/Illumina/child/HG02015.final.cram"
    },
    {
      "src_key": "submissions/AD30A684-C7A8-4D24-89B2-040DFF021B0C--Y2_1000G_DATA/HG03669/Illumina/child/HG03669.final.cram",
      "dst_key": "working/HPRC/HG03669/raw_data/Illumina/child/HG03669.final.cram"
    },
    {
      "src_key": "submissions/AD30A684-C7A8-4D24-89B2-040DFF021B0C--Y2_1000G_DATA/HG01255/Illumina/child/HG01255.final.cram",
      "dst_key": "working/HPRC/HG01255/raw_data/Illumina/child/HG01255.final.cram"
    },
    {
      "src_key": "submissions/AD30A684-C7A8-4D24-89B2-040DFF021B0C--Y2_1000G_DATA/HG02514/Illumina/child/HG02514.final.cram",
      "dst_key": "working/HPRC/HG02514/raw_data/Illumina/child/HG02514.final.cram"
    },
    {
      "src_key": "submissions/AD30A684-C7A8-4D24-89B2-040DFF021B0C--Y2_1000G_DATA/HG01150/Illumina/child/HG01150.final.cram",
      "dst_key": "working/HPRC/HG01150/raw_data/Illumina/child/HG01150.final.cram"
    },
    {
      "src_key": "submissions/AD30A684-C7A8-4D24-89B2-040DFF021B0C--Y2_1000G_DATA/HG02809/Illumina/child/HG02809.final.cram",
      "dst_key": "working/HPRC/HG02809/raw_data/Illumina/child/HG02809.final.cram"
    },
    {
      "src_key": "submissions/AD30A684-C7A8-4D24-89B2-040DFF021B0C--Y2_1000G_DATA/HG02451/Illumina/child/HG02451.final.cram",
      "dst_key": "working/HPRC/HG02451/raw_data/Illumina/child/HG02451.final.cram"
    },
    {
      "src_key": "submissions/AD30A684-C7A8-4D24-89B2-040DFF021B0C--Y2_1000G_DATA/HG02668/Illumina/child/HG02668.final.cram",
      "dst_key": "working/HPRC/HG02668/raw_data/Illumina/child/HG02668.final.cram"
    },
    {
      "src_key": "submissions/AD30A684-C7A8-4D24-89B2-040DFF021B0C--Y2_1000G_DATA/HG01934/Illumina/child/HG01934.final.cram",
      "dst_key": "working/HPRC/HG01934/raw_data/Illumina/child/HG01934.final.cram"
    }
  ],
  "start_timestamp": "2024-10-13T061156.789200Z",
  "end_timestamp": "2024-10-13T062720.880548Z"
}
