Copying gs://fc-56ac46ea-efc4-4683-b6d5-6d95bed41c5e/CCDG_13607/Project_CCDG_13607_B01_GRM_WGS.cram.2019-02-06/Sample_HG00116/analysis/HG00116.final.cram to file:///private/groups/hprc/1000G_local/child/cram/HG00116.final.cram
  
..........................................................................................................................................................................................................................................................

Average throughput: 443.6MiB/s
Copying gs://fc-56ac46ea-efc4-4683-b6d5-6d95bed41c5e/CCDG_13607/Project_CCDG_13607_B01_GRM_WGS.cram.2019-02-06/Sample_HG00118/analysis/HG00118.final.cram to file:///private/groups/hprc/1000G_local/child/cram/HG00118.final.cram
  
.......................................................................................................................................................................

Average throughput: 487.4MiB/s
Copying gs://fc-56ac46ea-efc4-4683-b6d5-6d95bed41c5e/CCDG_13607/Project_CCDG_13607_B01_GRM_WGS.cram.2019-02-06/Sample_HG00119/analysis/HG00119.final.cram to file:///private/groups/hprc/1000G_local/child/cram/HG00119.final.cram
  
...........................................................................................................................................................................................................................................................................

Average throughput: 328.8MiB/s
Copying gs://fc-56ac46ea-efc4-4683-b6d5-6d95bed41c5e/CCDG_13607/Project_CCDG_13607_B01_GRM_WGS.cram.2019-02-06/Sample_HG00120/analysis/HG00120.final.cram to file:///private/groups/hprc/1000G_local/child/cram/HG00120.final.cram
  
..........................................................................................................................................................................................................................................................

Average throughput: 347.5MiB/s
Copying gs://fc-56ac46ea-efc4-4683-b6d5-6d95bed41c5e/CCDG_13607/Project_CCDG_13607_B01_GRM_WGS.cram.2019-02-06/Sample_HG00150/analysis/HG00150.final.cram to file:///private/groups/hprc/1000G_local/child/cram/HG00150.final.cram
  
...........................................................................................................................................................................................................................

Average throughput: 401.0MiB/s
Copying gs://fc-56ac46ea-efc4-4683-b6d5-6d95bed41c5e/CCDG_13607/Project_CCDG_13607_B01_GRM_WGS.cram.2019-02-06/Sample_HG00234/analysis/HG00234.final.cram to file:///private/groups/hprc/1000G_local/child/cram/HG00234.final.cram
  
............................................................................................................................................................................................................................................

Average throughput: 388.6MiB/s
Copying gs://fc-56ac46ea-efc4-4683-b6d5-6d95bed41c5e/CCDG_13607/Project_CCDG_13607_B01_GRM_WGS.cram.2019-02-06/Sample_HG00236/analysis/HG00236.final.cram to file:///private/groups/hprc/1000G_local/child/cram/HG00236.final.cram
  
.....................................................................................................................................................................................................................................................................................

Average throughput: 355.2MiB/s
Copying gs://fc-56ac46ea-efc4-4683-b6d5-6d95bed41c5e/CCDG_13607/Project_CCDG_13607_B01_GRM_WGS.cram.2019-02-06/Sample_HG00245/analysis/HG00245.final.cram to file:///private/groups/hprc/1000G_local/child/cram/HG00245.final.cram
  
.......................................................................................................................................................................................................................................................................................

Average throughput: 391.2MiB/s
Copying gs://fc-56ac46ea-efc4-4683-b6d5-6d95bed41c5e/CCDG_13607/Project_CCDG_13607_B01_GRM_WGS.cram.2019-02-06/Sample_HG00252/analysis/HG00252.final.cram to file:///private/groups/hprc/1000G_local/child/cram/HG00252.final.cram
  
......................................................................................................................................................................

Average throughput: 477.8MiB/s
Copying gs://fc-56ac46ea-efc4-4683-b6d5-6d95bed41c5e/CCDG_13607/Project_CCDG_13607_B01_GRM_WGS.cram.2019-02-06/Sample_HG00254/analysis/HG00254.final.cram to file:///private/groups/hprc/1000G_local/child/cram/HG00254.final.cram
  
..........................................................................................................................................................................................................................................................

Average throughput: 315.8MiB/s
Copying gs://fc-56ac46ea-efc4-4683-b6d5-6d95bed41c5e/CCDG_13607/Project_CCDG_13607_B01_GRM_WGS.cram.2019-02-06/Sample_HG00355/analysis/HG00355.final.cram to file:///private/groups/hprc/1000G_local/child/cram/HG00355.final.cram
  
.....................................................................................................................................................................................................................................................................................

Average throughput: 387.9MiB/s
Copying gs://fc-56ac46ea-efc4-4683-b6d5-6d95bed41c5e/CCDG_13607/Project_CCDG_13607_B01_GRM_WGS.cram.2019-02-06/Sample_HG00375/analysis/HG00375.final.cram to file:///private/groups/hprc/1000G_local/child/cram/HG00375.final.cram
  
....................................................................................................................................................................................................................................................................

Average throughput: 349.1MiB/s
Copying gs://fc-56ac46ea-efc4-4683-b6d5-6d95bed41c5e/CCDG_13607/Project_CCDG_13607_B01_GRM_WGS.cram.2019-02-06/Sample_HG00580/analysis/HG00580.final.cram to file:///private/groups/hprc/1000G_local/child/cram/HG00580.final.cram
  
....................................................................................................................................................................

Average throughput: 489.7MiB/s
Copying gs://fc-56ac46ea-efc4-4683-b6d5-6d95bed41c5e/CCDG_13607/Project_CCDG_13607_B01_GRM_WGS.cram.2019-02-06/Sample_HG00584/analysis/HG00584.final.cram to file:///private/groups/hprc/1000G_local/child/cram/HG00584.final.cram
  
..........................................................................................................................................................................................................................................................................................

Average throughput: 346.5MiB/s
Copying gs://fc-56ac46ea-efc4-4683-b6d5-6d95bed41c5e/CCDG_13607/Project_CCDG_13607_B01_GRM_WGS.cram.2019-02-06/Sample_HG00689/analysis/HG00689.final.cram to file:///private/groups/hprc/1000G_local/child/cram/HG00689.final.cram
  
...................................................................................................................................................................................................................................................................................................................................

Average throughput: 398.6MiB/s
Copying gs://fc-56ac46ea-efc4-4683-b6d5-6d95bed41c5e/CCDG_13607/Project_CCDG_13607_B01_GRM_WGS.cram.2019-02-06/Sample_HG01067/analysis/HG01067.final.cram to file:///private/groups/hprc/1000G_local/child/cram/HG01067.final.cram
  
....................................................................................................................................................................................................................

Average throughput: 381.7MiB/s
Copying gs://fc-56ac46ea-efc4-4683-b6d5-6d95bed41c5e/CCDG_13607/Project_CCDG_13607_B01_GRM_WGS.cram.2019-02-06/Sample_HG01136/analysis/HG01136.final.cram to file:///private/groups/hprc/1000G_local/child/cram/HG01136.final.cram
  
..................................................................................................................................................................

Average throughput: 543.5MiB/s
Copying gs://fc-56ac46ea-efc4-4683-b6d5-6d95bed41c5e/CCDG_13607/Project_CCDG_13607_B01_GRM_WGS.cram.2019-02-06/Sample_HG01176/analysis/HG01176.final.cram to file:///private/groups/hprc/1000G_local/child/cram/HG01176.final.cram
  
............................................................................................................................................................................................................................................................................................................................................................................................................................................

Average throughput: 239.6MiB/s
Copying gs://fc-56ac46ea-efc4-4683-b6d5-6d95bed41c5e/CCDG_13607/Project_CCDG_13607_B01_GRM_WGS.cram.2019-02-06/Sample_HG01204/analysis/HG01204.final.cram to file:///private/groups/hprc/1000G_local/child/cram/HG01204.final.cram
  
................................................................................................................................

Average throughput: 533.0MiB/s
Copying gs://fc-56ac46ea-efc4-4683-b6d5-6d95bed41c5e/CCDG_13607/Project_CCDG_13607_B01_GRM_WGS.cram.2019-02-06/Sample_HG01374/analysis/HG01374.final.cram to file:///private/groups/hprc/1000G_local/child/cram/HG01374.final.cram
  
..............................................................................................................................................................................................................................................................................................................................................................................................................................

Average throughput: 187.5MiB/s
Copying gs://fc-56ac46ea-efc4-4683-b6d5-6d95bed41c5e/CCDG_13607/Project_CCDG_13607_B01_GRM_WGS.cram.2019-02-06/Sample_HG01479/analysis/HG01479.final.cram to file:///private/groups/hprc/1000G_local/child/cram/HG01479.final.cram
  
.................................................................................................................................................

Average throughput: 542.3MiB/s
Copying gs://fc-56ac46ea-efc4-4683-b6d5-6d95bed41c5e/CCDG_13607/Project_CCDG_13607_B01_GRM_WGS.cram.2019-02-06/Sample_HG01516/analysis/HG01516.final.cram to file:///private/groups/hprc/1000G_local/child/cram/HG01516.final.cram
  
.............................................................................................................................................................................................................................................................

Average throughput: 299.3MiB/s
Copying gs://fc-56ac46ea-efc4-4683-b6d5-6d95bed41c5e/CCDG_13607/Project_CCDG_13607_B01_GRM_WGS.cram.2019-02-06/Sample_HG01522/analysis/HG01522.final.cram to file:///private/groups/hprc/1000G_local/child/cram/HG01522.final.cram
  
........................................................................................................................................................................................................

Average throughput: 381.3MiB/s
Copying gs://fc-56ac46ea-efc4-4683-b6d5-6d95bed41c5e/CCDG_13607/Project_CCDG_13607_B01_GRM_WGS.cram.2019-02-06/Sample_HG01610/analysis/HG01610.final.cram to file:///private/groups/hprc/1000G_local/child/cram/HG01610.final.cram
  
.................................................................................................................................................................................................................

Average throughput: 358.2MiB/s
Copying gs://fc-56ac46ea-efc4-4683-b6d5-6d95bed41c5e/CCDG_13607/Project_CCDG_13607_B01_GRM_WGS.cram.2019-02-06/Sample_HG01624/analysis/HG01624.final.cram to file:///private/groups/hprc/1000G_local/child/cram/HG01624.final.cram
  
.....................................................................................................................................................

Average throughput: 512.1MiB/s
Copying gs://fc-56ac46ea-efc4-4683-b6d5-6d95bed41c5e/CCDG_13607/Project_CCDG_13607_B01_GRM_WGS.cram.2019-02-06/Sample_HG01700/analysis/HG01700.final.cram to file:///private/groups/hprc/1000G_local/child/cram/HG01700.final.cram
  
..........................................................................................................................................................................................................................................................

Average throughput: 297.7MiB/s
Copying gs://fc-56ac46ea-efc4-4683-b6d5-6d95bed41c5e/CCDG_13607/Project_CCDG_13607_B01_GRM_WGS.cram.2019-02-06/Sample_HG02140/analysis/HG02140.final.cram to file:///private/groups/hprc/1000G_local/child/cram/HG02140.final.cram
  
........................................................................................................................................................

Average throughput: 501.7MiB/s
Copying gs://fc-56ac46ea-efc4-4683-b6d5-6d95bed41c5e/CCDG_13607/Project_CCDG_13607_B01_GRM_WGS.cram.2019-02-06/Sample_HG02337/analysis/HG02337.final.cram to file:///private/groups/hprc/1000G_local/child/cram/HG02337.final.cram
  
...............................................................................................................................................................................................................................................................................

Average throughput: 308.7MiB/s
Copying gs://fc-56ac46ea-efc4-4683-b6d5-6d95bed41c5e/CCDG_13607/Project_CCDG_13607_B01_GRM_WGS.cram.2019-02-06/Sample_HG02364/analysis/HG02364.final.cram to file:///private/groups/hprc/1000G_local/child/cram/HG02364.final.cram
  
..........................................................................................................................................................

Average throughput: 523.6MiB/s
Copying gs://fc-56ac46ea-efc4-4683-b6d5-6d95bed41c5e/CCDG_13607/Project_CCDG_13607_B01_GRM_WGS.cram.2019-02-06/Sample_HG02373/analysis/HG02373.final.cram to file:///private/groups/hprc/1000G_local/child/cram/HG02373.final.cram
  
.................................................................................................................................................................................................................................................................................................................

Average throughput: 370.0MiB/s
Copying gs://fc-56ac46ea-efc4-4683-b6d5-6d95bed41c5e/CCDG_13607/Project_CCDG_13607_B01_GRM_WGS.cram.2019-02-06/Sample_HG02470/analysis/HG02470.final.cram to file:///private/groups/hprc/1000G_local/child/cram/HG02470.final.cram
  
...........................................................................................................................................................................

Average throughput: 438.1MiB/s
Copying gs://fc-56ac46ea-efc4-4683-b6d5-6d95bed41c5e/CCDG_13607/Project_CCDG_13607_B01_GRM_WGS.cram.2019-02-06/Sample_HG02497/analysis/HG02497.final.cram to file:///private/groups/hprc/1000G_local/child/cram/HG02497.final.cram
  
................................................................................................................................................................................

Average throughput: 488.2MiB/s
Copying gs://fc-56ac46ea-efc4-4683-b6d5-6d95bed41c5e/CCDG_13607/Project_CCDG_13607_B01_GRM_WGS.cram.2019-02-06/Sample_HG02541/analysis/HG02541.final.cram to file:///private/groups/hprc/1000G_local/child/cram/HG02541.final.cram
  
.......................................................................................................................................................................................................................................................................

Average throughput: 295.5MiB/s
Copying gs://fc-56ac46ea-efc4-4683-b6d5-6d95bed41c5e/CCDG_13607/Project_CCDG_13607_B01_GRM_WGS.cram.2019-02-06/Sample_HG02589/analysis/HG02589.final.cram to file:///private/groups/hprc/1000G_local/child/cram/HG02589.final.cram
  
........................................................................................................................................................................................................................................................................................

Average throughput: 370.7MiB/s
Copying gs://fc-56ac46ea-efc4-4683-b6d5-6d95bed41c5e/CCDG_13607/Project_CCDG_13607_B01_GRM_WGS.cram.2019-02-06/Sample_HG02594/analysis/HG02594.final.cram to file:///private/groups/hprc/1000G_local/child/cram/HG02594.final.cram
  
...........................................................................................................................................................

Average throughput: 472.2MiB/s
Copying gs://fc-56ac46ea-efc4-4683-b6d5-6d95bed41c5e/CCDG_13607/Project_CCDG_13607_B01_GRM_WGS.cram.2019-02-06/Sample_HG02642/analysis/HG02642.final.cram to file:///private/groups/hprc/1000G_local/child/cram/HG02642.final.cram
  
....................................................................................................................................................................................................................................................

Average throughput: 339.7MiB/s
Copying gs://fc-56ac46ea-efc4-4683-b6d5-6d95bed41c5e/CCDG_13607/Project_CCDG_13607_B01_GRM_WGS.cram.2019-02-06/Sample_HG02661/analysis/HG02661.final.cram to file:///private/groups/hprc/1000G_local/child/cram/HG02661.final.cram
  
....................................................................................................................................

Average throughput: 570.7MiB/s
Copying gs://fc-56ac46ea-efc4-4683-b6d5-6d95bed41c5e/CCDG_13607/Project_CCDG_13607_B01_GRM_WGS.cram.2019-02-06/Sample_HG02676/analysis/HG02676.final.cram to file:///private/groups/hprc/1000G_local/child/cram/HG02676.final.cram
  
..............................................................................................................................................................................................................................................................

Average throughput: 296.4MiB/s
Copying gs://fc-56ac46ea-efc4-4683-b6d5-6d95bed41c5e/CCDG_13607/Project_CCDG_13607_B01_GRM_WGS.cram.2019-02-06/Sample_HG03052/analysis/HG03052.final.cram to file:///private/groups/hprc/1000G_local/child/cram/HG03052.final.cram
  
.................................................................................................................................................

Average throughput: 535.6MiB/s
Copying gs://fc-56ac46ea-efc4-4683-b6d5-6d95bed41c5e/CCDG_13607/Project_CCDG_13607_B01_GRM_WGS.cram.2019-02-06/Sample_HG03117/analysis/HG03117.final.cram to file:///private/groups/hprc/1000G_local/child/cram/HG03117.final.cram
  
...............................................................................................................................................................................................................................................................................................

Average throughput: 320.1MiB/s
Copying gs://fc-56ac46ea-efc4-4683-b6d5-6d95bed41c5e/CCDG_13607/Project_CCDG_13607_B01_GRM_WGS.cram.2019-02-06/Sample_HG03126/analysis/HG03126.final.cram to file:///private/groups/hprc/1000G_local/child/cram/HG03126.final.cram
  
..........................................................................................................................................................................................................................................................................

Average throughput: 317.8MiB/s
Copying gs://fc-56ac46ea-efc4-4683-b6d5-6d95bed41c5e/CCDG_13607/Project_CCDG_13607_B01_GRM_WGS.cram.2019-02-06/Sample_HG03193/analysis/HG03193.final.cram to file:///private/groups/hprc/1000G_local/child/cram/HG03193.final.cram
  
............................................................................................................................................................

Average throughput: 509.3MiB/s
Copying gs://fc-56ac46ea-efc4-4683-b6d5-6d95bed41c5e/CCDG_13607/Project_CCDG_13607_B01_GRM_WGS.cram.2019-02-06/Sample_HG03198/analysis/HG03198.final.cram to file:///private/groups/hprc/1000G_local/child/cram/HG03198.final.cram
  
...........................................................................................................................................................................................................................................................................................................................................................................

Average throughput: 210.8MiB/s
Copying gs://fc-56ac46ea-efc4-4683-b6d5-6d95bed41c5e/CCDG_13607/Project_CCDG_13607_B01_GRM_WGS.cram.2019-02-06/Sample_HG03258/analysis/HG03258.final.cram to file:///private/groups/hprc/1000G_local/child/cram/HG03258.final.cram
  
.......................................................................................................................................................................................................................................

Average throughput: 366.8MiB/s
Copying gs://fc-56ac46ea-efc4-4683-b6d5-6d95bed41c5e/CCDG_13607/Project_CCDG_13607_B01_GRM_WGS.cram.2019-02-06/Sample_HG03271/analysis/HG03271.final.cram to file:///private/groups/hprc/1000G_local/child/cram/HG03271.final.cram
  
..........................................................................................................................................................

Average throughput: 502.5MiB/s
Copying gs://fc-56ac46ea-efc4-4683-b6d5-6d95bed41c5e/CCDG_13607/Project_CCDG_13607_B01_GRM_WGS.cram.2019-02-06/Sample_HG03366/analysis/HG03366.final.cram to file:///private/groups/hprc/1000G_local/child/cram/HG03366.final.cram
  
.....................................................................................................................................................................................................................................................................................

Average throughput: 324.2MiB/s
Copying gs://fc-56ac46ea-efc4-4683-b6d5-6d95bed41c5e/CCDG_13607/Project_CCDG_13607_B01_GRM_WGS.cram.2019-02-06/Sample_HG03432/analysis/HG03432.final.cram to file:///private/groups/hprc/1000G_local/child/cram/HG03432.final.cram
  
.................................................................................................................................................................................................................................................

Average throughput: 339.8MiB/s
Copying gs://fc-56ac46ea-efc4-4683-b6d5-6d95bed41c5e/CCDG_13607/Project_CCDG_13607_B01_GRM_WGS.cram.2019-02-06/Sample_HG03433/analysis/HG03433.final.cram to file:///private/groups/hprc/1000G_local/child/cram/HG03433.final.cram
  
..............................................................................................................................................................................................................................................................

Average throughput: 366.2MiB/s
Copying gs://fc-56ac46ea-efc4-4683-b6d5-6d95bed41c5e/CCDG_13607/Project_CCDG_13607_B01_GRM_WGS.cram.2019-02-06/Sample_HG03460/analysis/HG03460.final.cram to file:///private/groups/hprc/1000G_local/child/cram/HG03460.final.cram
  
.............................................................................................................................................................

Average throughput: 508.5MiB/s
Copying gs://fc-56ac46ea-efc4-4683-b6d5-6d95bed41c5e/CCDG_13607/Project_CCDG_13607_B01_GRM_WGS.cram.2019-02-06/Sample_HG03557/analysis/HG03557.final.cram to file:///private/groups/hprc/1000G_local/child/cram/HG03557.final.cram
  
......................................................................................................................................................................................................................................................................................

Average throughput: 319.9MiB/s
Copying gs://fc-56ac46ea-efc4-4683-b6d5-6d95bed41c5e/CCDG_13607/Project_CCDG_13607_B01_GRM_WGS.cram.2019-02-06/Sample_HG03567/analysis/HG03567.final.cram to file:///private/groups/hprc/1000G_local/child/cram/HG03567.final.cram
  
...................................................................................................................................................................

Average throughput: 479.1MiB/s
Copying gs://fc-56ac46ea-efc4-4683-b6d5-6d95bed41c5e/CCDG_13607/Project_CCDG_13607_B01_GRM_WGS.cram.2019-02-06/Sample_HG03595/analysis/HG03595.final.cram to file:///private/groups/hprc/1000G_local/child/cram/HG03595.final.cram
  
.........................................................................................................................................................................................................................................................................

Average throughput: 320.5MiB/s
Copying gs://fc-56ac46ea-efc4-4683-b6d5-6d95bed41c5e/CCDG_13607/Project_CCDG_13607_B01_GRM_WGS.cram.2019-02-06/Sample_HG03691/analysis/HG03691.final.cram to file:///private/groups/hprc/1000G_local/child/cram/HG03691.final.cram
  
...............................................................................................................................................................................................................................................

Average throughput: 341.2MiB/s
Copying gs://fc-56ac46ea-efc4-4683-b6d5-6d95bed41c5e/CCDG_13607/Project_CCDG_13607_B01_GRM_WGS.cram.2019-02-06/Sample_HG03733/analysis/HG03733.final.cram to file:///private/groups/hprc/1000G_local/child/cram/HG03733.final.cram
  
....................................................................................................................................................................................................................................

Average throughput: 379.5MiB/s
Copying gs://fc-56ac46ea-efc4-4683-b6d5-6d95bed41c5e/CCDG_13607/Project_CCDG_13607_B01_GRM_WGS.cram.2019-02-06/Sample_HG03775/analysis/HG03775.final.cram to file:///private/groups/hprc/1000G_local/child/cram/HG03775.final.cram
  
.....................................................................................................................................................

Average throughput: 514.7MiB/s
Copying gs://fc-56ac46ea-efc4-4683-b6d5-6d95bed41c5e/CCDG_13607/Project_CCDG_13607_B01_GRM_WGS.cram.2019-02-06/Sample_HG03788/analysis/HG03788.final.cram to file:///private/groups/hprc/1000G_local/child/cram/HG03788.final.cram
  
.....................................................................................................................................................................................................................................................................

Average throughput: 294.5MiB/s
Copying gs://fc-56ac46ea-efc4-4683-b6d5-6d95bed41c5e/CCDG_13607/Project_CCDG_13607_B01_GRM_WGS.cram.2019-02-06/Sample_HG03854/analysis/HG03854.final.cram to file:///private/groups/hprc/1000G_local/child/cram/HG03854.final.cram
  
...........................................................................................................................................................................................................................................................

Average throughput: 342.4MiB/s
Copying gs://fc-56ac46ea-efc4-4683-b6d5-6d95bed41c5e/CCDG_13607/Project_CCDG_13607_B01_GRM_WGS.cram.2019-02-06/Sample_HG03868/analysis/HG03868.final.cram to file:///private/groups/hprc/1000G_local/child/cram/HG03868.final.cram
  
.............................................................................................................................................................................................................................................

Average throughput: 363.5MiB/s
Copying gs://fc-56ac46ea-efc4-4683-b6d5-6d95bed41c5e/CCDG_13607/Project_CCDG_13607_B01_GRM_WGS.cram.2019-02-06/Sample_HG03875/analysis/HG03875.final.cram to file:///private/groups/hprc/1000G_local/child/cram/HG03875.final.cram
  
.........................................................................................................................................................................................................................................................................

Average throughput: 347.5MiB/s
Copying gs://fc-56ac46ea-efc4-4683-b6d5-6d95bed41c5e/CCDG_13607/Project_CCDG_13607_B01_GRM_WGS.cram.2019-02-06/Sample_HG03882/analysis/HG03882.final.cram to file:///private/groups/hprc/1000G_local/child/cram/HG03882.final.cram
  
...............................................................................................................................................

Average throughput: 521.0MiB/s
Copying gs://fc-56ac46ea-efc4-4683-b6d5-6d95bed41c5e/CCDG_13607/Project_CCDG_13607_B01_GRM_WGS.cram.2019-02-06/Sample_HG03890/analysis/HG03890.final.cram to file:///private/groups/hprc/1000G_local/child/cram/HG03890.final.cram
  
...................................................................................................................................................................................................................................................................................

Average throughput: 306.1MiB/s
Copying gs://fc-56ac46ea-efc4-4683-b6d5-6d95bed41c5e/CCDG_13607/Project_CCDG_13607_B01_GRM_WGS.cram.2019-02-06/Sample_HG03898/analysis/HG03898.final.cram to file:///private/groups/hprc/1000G_local/child/cram/HG03898.final.cram
  
....................................................................................................................................................................................................................................................................

Average throughput: 358.9MiB/s
Copying gs://fc-56ac46ea-efc4-4683-b6d5-6d95bed41c5e/CCDG_13607/Project_CCDG_13607_B01_GRM_WGS.cram.2019-02-06/Sample_HG03902/analysis/HG03902.final.cram to file:///private/groups/hprc/1000G_local/child/cram/HG03902.final.cram
  
....................................................................................................................................................................................................................................................

Average throughput: 418.8MiB/s
Copying gs://fc-56ac46ea-efc4-4683-b6d5-6d95bed41c5e/CCDG_13607/Project_CCDG_13607_B01_GRM_WGS.cram.2019-02-06/Sample_HG03995/analysis/HG03995.final.cram to file:///private/groups/hprc/1000G_local/child/cram/HG03995.final.cram
  
.......................................................................................................................................................................................................................................................................................

Average throughput: 348.7MiB/s
Copying gs://fc-56ac46ea-efc4-4683-b6d5-6d95bed41c5e/CCDG_13607/Project_CCDG_13607_B01_GRM_WGS.cram.2019-02-06/Sample_HG04144/analysis/HG04144.final.cram to file:///private/groups/hprc/1000G_local/child/cram/HG04144.final.cram
  
..............................................................................................................................................................................................................................................................

Average throughput: 334.5MiB/s
Copying gs://fc-56ac46ea-efc4-4683-b6d5-6d95bed41c5e/CCDG_13607/Project_CCDG_13607_B01_GRM_WGS.cram.2019-02-06/Sample_HG04161/analysis/HG04161.final.cram to file:///private/groups/hprc/1000G_local/child/cram/HG04161.final.cram
  
.......................................................................................................................................................................................................................................................

Average throughput: 338.5MiB/s
Copying gs://fc-56ac46ea-efc4-4683-b6d5-6d95bed41c5e/CCDG_13607/Project_CCDG_13607_B01_GRM_WGS.cram.2019-02-06/Sample_HG04216/analysis/HG04216.final.cram to file:///private/groups/hprc/1000G_local/child/cram/HG04216.final.cram
  
.............................................................................................................................................................................................................................................................

Average throughput: 366.1MiB/s
Copying gs://fc-56ac46ea-efc4-4683-b6d5-6d95bed41c5e/CCDG_13607/Project_CCDG_13607_B01_GRM_WGS.cram.2019-02-06/Sample_NA18488/analysis/NA18488.final.cram to file:///private/groups/hprc/1000G_local/child/cram/NA18488.final.cram
  
......................................................................................................................................................

Average throughput: 507.2MiB/s
Copying gs://fc-56ac46ea-efc4-4683-b6d5-6d95bed41c5e/CCDG_13607/Project_CCDG_13607_B01_GRM_WGS.cram.2019-02-06/Sample_NA18511/analysis/NA18511.final.cram to file:///private/groups/hprc/1000G_local/child/cram/NA18511.final.cram
  
.............................................................................................................................................................................................................................................................................................

Average throughput: 333.9MiB/s
Copying gs://fc-56ac46ea-efc4-4683-b6d5-6d95bed41c5e/CCDG_13607/Project_CCDG_13607_B01_GRM_WGS.cram.2019-02-06/Sample_NA18538/analysis/NA18538.final.cram to file:///private/groups/hprc/1000G_local/child/cram/NA18538.final.cram
  
......................................................................................................................................................................................................................................................................................

Average throughput: 361.1MiB/s
Copying gs://fc-56ac46ea-efc4-4683-b6d5-6d95bed41c5e/CCDG_13607/Project_CCDG_13607_B01_GRM_WGS.cram.2019-02-06/Sample_NA18547/analysis/NA18547.final.cram to file:///private/groups/hprc/1000G_local/child/cram/NA18547.final.cram
  
...........................................................................................................................................................................................................................................................................

Average throughput: 360.2MiB/s
Copying gs://fc-56ac46ea-efc4-4683-b6d5-6d95bed41c5e/CCDG_13607/Project_CCDG_13607_B01_GRM_WGS.cram.2019-02-06/Sample_NA18559/analysis/NA18559.final.cram to file:///private/groups/hprc/1000G_local/child/cram/NA18559.final.cram
  
...................................................................................................................................................................................................................................

Average throughput: 365.0MiB/s
Copying gs://fc-56ac46ea-efc4-4683-b6d5-6d95bed41c5e/CCDG_13607/Project_CCDG_13607_B01_GRM_WGS.cram.2019-02-06/Sample_NA18572/analysis/NA18572.final.cram to file:///private/groups/hprc/1000G_local/child/cram/NA18572.final.cram
  
..............................................................................................................................................................................................................................................................................

Average throughput: 415.1MiB/s
Copying gs://fc-56ac46ea-efc4-4683-b6d5-6d95bed41c5e/CCDG_13607/Project_CCDG_13607_B01_GRM_WGS.cram.2019-02-06/Sample_NA18606/analysis/NA18606.final.cram to file:///private/groups/hprc/1000G_local/child/cram/NA18606.final.cram
  
.................................................................................................................................................................................................................................................................................

Average throughput: 361.9MiB/s
Copying gs://fc-56ac46ea-efc4-4683-b6d5-6d95bed41c5e/CCDG_13607/Project_CCDG_13607_B01_GRM_WGS.cram.2019-02-06/Sample_NA18611/analysis/NA18611.final.cram to file:///private/groups/hprc/1000G_local/child/cram/NA18611.final.cram
  
.................................................................................................................................................................

Average throughput: 505.1MiB/s
Copying gs://fc-56ac46ea-efc4-4683-b6d5-6d95bed41c5e/CCDG_13607/Project_CCDG_13607_B01_GRM_WGS.cram.2019-02-06/Sample_NA18636/analysis/NA18636.final.cram to file:///private/groups/hprc/1000G_local/child/cram/NA18636.final.cram
  
................................................................................................................................................................................................................................................................................

Average throughput: 323.4MiB/s
Copying gs://fc-56ac46ea-efc4-4683-b6d5-6d95bed41c5e/CCDG_13607/Project_CCDG_13607_B01_GRM_WGS.cram.2019-02-06/Sample_NA18748/analysis/NA18748.final.cram to file:///private/groups/hprc/1000G_local/child/cram/NA18748.final.cram
  
...............................................................................................................................................................................................................................................................

Average throughput: 342.2MiB/s
Copying gs://fc-56ac46ea-efc4-4683-b6d5-6d95bed41c5e/CCDG_13607/Project_CCDG_13607_B01_GRM_WGS.cram.2019-02-06/Sample_NA18870/analysis/NA18870.final.cram to file:///private/groups/hprc/1000G_local/child/cram/NA18870.final.cram
  
..........................................................................................................................................................................................................................................................................................

Average throughput: 289.9MiB/s
Copying gs://fc-56ac46ea-efc4-4683-b6d5-6d95bed41c5e/CCDG_13607/Project_CCDG_13607_B01_GRM_WGS.cram.2019-02-06/Sample_NA18942/analysis/NA18942.final.cram to file:///private/groups/hprc/1000G_local/child/cram/NA18942.final.cram
  
..............................................................................................................................................................................................................................................................................................

Average throughput: 282.2MiB/s
Copying gs://fc-56ac46ea-efc4-4683-b6d5-6d95bed41c5e/CCDG_13607/Project_CCDG_13607_B01_GRM_WGS.cram.2019-02-06/Sample_NA18967/analysis/NA18967.final.cram to file:///private/groups/hprc/1000G_local/child/cram/NA18967.final.cram
  
........................................................................................................................................................................................................................................................................................

Average throughput: 299.7MiB/s
Copying gs://fc-56ac46ea-efc4-4683-b6d5-6d95bed41c5e/CCDG_13607/Project_CCDG_13607_B01_GRM_WGS.cram.2019-02-06/Sample_NA18970/analysis/NA18970.final.cram to file:///private/groups/hprc/1000G_local/child/cram/NA18970.final.cram
  
................................................................................................................................................................................................................................................................................

Average throughput: 335.4MiB/s
Copying gs://fc-56ac46ea-efc4-4683-b6d5-6d95bed41c5e/CCDG_13607/Project_CCDG_13607_B01_GRM_WGS.cram.2019-02-06/Sample_NA18995/analysis/NA18995.final.cram to file:///private/groups/hprc/1000G_local/child/cram/NA18995.final.cram
  
...........................................................................................................................................................................................................................................

Average throughput: 336.0MiB/s
Copying gs://fc-56ac46ea-efc4-4683-b6d5-6d95bed41c5e/CCDG_13607/Project_CCDG_13607_B01_GRM_WGS.cram.2019-02-06/Sample_NA19000/analysis/NA19000.final.cram to file:///private/groups/hprc/1000G_local/child/cram/NA19000.final.cram
  
...................................................................................................................................................................................................................................................................................

Average throughput: 293.5MiB/s
Copying gs://fc-56ac46ea-efc4-4683-b6d5-6d95bed41c5e/CCDG_13607/Project_CCDG_13607_B01_GRM_WGS.cram.2019-02-06/Sample_NA19031/analysis/NA19031.final.cram to file:///private/groups/hprc/1000G_local/child/cram/NA19031.final.cram
  
........................................................................................................................................................................................................................................................................................................................

Average throughput: 420.9MiB/s
Copying gs://fc-56ac46ea-efc4-4683-b6d5-6d95bed41c5e/CCDG_13607/Project_CCDG_13607_B01_GRM_WGS.cram.2019-02-06/Sample_NA19035/analysis/NA19035.final.cram to file:///private/groups/hprc/1000G_local/child/cram/NA19035.final.cram
  
......................................................................................................................................................................................................................................................

Average throughput: 330.5MiB/s
Copying gs://fc-56ac46ea-efc4-4683-b6d5-6d95bed41c5e/CCDG_13607/Project_CCDG_13607_B01_GRM_WGS.cram.2019-02-06/Sample_NA19055/analysis/NA19055.final.cram to file:///private/groups/hprc/1000G_local/child/cram/NA19055.final.cram
  
...................................................................................................................................................................................................................................................

Average throughput: 385.0MiB/s
Copying gs://fc-56ac46ea-efc4-4683-b6d5-6d95bed41c5e/CCDG_13607/Project_CCDG_13607_B01_GRM_WGS.cram.2019-02-06/Sample_NA19063/analysis/NA19063.final.cram to file:///private/groups/hprc/1000G_local/child/cram/NA19063.final.cram
  
......................................................................................................................................................................................................................................................................

Average throughput: 369.3MiB/s
Copying gs://fc-56ac46ea-efc4-4683-b6d5-6d95bed41c5e/CCDG_13607/Project_CCDG_13607_B01_GRM_WGS.cram.2019-02-06/Sample_NA19079/analysis/NA19079.final.cram to file:///private/groups/hprc/1000G_local/child/cram/NA19079.final.cram
  
...................................................................................................................................................................................................................................................................................

Average throughput: 418.2MiB/s
Copying gs://fc-56ac46ea-efc4-4683-b6d5-6d95bed41c5e/CCDG_13607/Project_CCDG_13607_B01_GRM_WGS.cram.2019-02-06/Sample_NA19118/analysis/NA19118.final.cram to file:///private/groups/hprc/1000G_local/child/cram/NA19118.final.cram
  
.........................................................................................................................................................................................................................................................................

Average throughput: 320.9MiB/s
Copying gs://fc-56ac46ea-efc4-4683-b6d5-6d95bed41c5e/CCDG_13607/Project_CCDG_13607_B01_GRM_WGS.cram.2019-02-06/Sample_NA19307/analysis/NA19307.final.cram to file:///private/groups/hprc/1000G_local/child/cram/NA19307.final.cram
  
...............................................................................................................................................................................................................................................

Average throughput: 364.0MiB/s
Copying gs://fc-56ac46ea-efc4-4683-b6d5-6d95bed41c5e/CCDG_13607/Project_CCDG_13607_B01_GRM_WGS.cram.2019-02-06/Sample_NA19314/analysis/NA19314.final.cram to file:///private/groups/hprc/1000G_local/child/cram/NA19314.final.cram
  
...............................................................................................................................................................................................................................................................................

Average throughput: 364.5MiB/s
Copying gs://fc-56ac46ea-efc4-4683-b6d5-6d95bed41c5e/CCDG_13607/Project_CCDG_13607_B01_GRM_WGS.cram.2019-02-06/Sample_NA19318/analysis/NA19318.final.cram to file:///private/groups/hprc/1000G_local/child/cram/NA19318.final.cram
  
..........................................................................................................................................................................................................................

Average throughput: 377.8MiB/s
Copying gs://fc-56ac46ea-efc4-4683-b6d5-6d95bed41c5e/CCDG_13607/Project_CCDG_13607_B01_GRM_WGS.cram.2019-02-06/Sample_NA19321/analysis/NA19321.final.cram to file:///private/groups/hprc/1000G_local/child/cram/NA19321.final.cram
  
............................................................................................................................................

Average throughput: 579.1MiB/s
Copying gs://fc-56ac46ea-efc4-4683-b6d5-6d95bed41c5e/CCDG_13607/Project_CCDG_13607_B01_GRM_WGS.cram.2019-02-06/Sample_NA19360/analysis/NA19360.final.cram to file:///private/groups/hprc/1000G_local/child/cram/NA19360.final.cram
  
...........................................................................................................................................................................................................................................................................

Average throughput: 289.7MiB/s
Copying gs://fc-56ac46ea-efc4-4683-b6d5-6d95bed41c5e/CCDG_13607/Project_CCDG_13607_B01_GRM_WGS.cram.2019-02-06/Sample_NA19375/analysis/NA19375.final.cram to file:///private/groups/hprc/1000G_local/child/cram/NA19375.final.cram
  
..............................................................................................................................................

Average throughput: 550.2MiB/s
Copying gs://fc-56ac46ea-efc4-4683-b6d5-6d95bed41c5e/CCDG_13607/Project_CCDG_13607_B01_GRM_WGS.cram.2019-02-06/Sample_NA19395/analysis/NA19395.final.cram to file:///private/groups/hprc/1000G_local/child/cram/NA19395.final.cram
  
......................................................................................................................................................................................................................................................................................

Average throughput: 301.6MiB/s
Copying gs://fc-56ac46ea-efc4-4683-b6d5-6d95bed41c5e/CCDG_13607/Project_CCDG_13607_B01_GRM_WGS.cram.2019-02-06/Sample_NA19438/analysis/NA19438.final.cram to file:///private/groups/hprc/1000G_local/child/cram/NA19438.final.cram
  
...............................................................................................................................................................

Average throughput: 487.5MiB/s
Copying gs://fc-56ac46ea-efc4-4683-b6d5-6d95bed41c5e/CCDG_13607/Project_CCDG_13607_B01_GRM_WGS.cram.2019-02-06/Sample_NA19439/analysis/NA19439.final.cram to file:///private/groups/hprc/1000G_local/child/cram/NA19439.final.cram
  
.................................................................................................................................................................................................................................................................................

Average throughput: 278.8MiB/s
Copying gs://fc-56ac46ea-efc4-4683-b6d5-6d95bed41c5e/CCDG_13607/Project_CCDG_13607_B01_GRM_WGS.cram.2019-02-06/Sample_NA19445/analysis/NA19445.final.cram to file:///private/groups/hprc/1000G_local/child/cram/NA19445.final.cram
  
..........................................................................................................................................................

Average throughput: 475.0MiB/s
Copying gs://fc-56ac46ea-efc4-4683-b6d5-6d95bed41c5e/CCDG_13607/Project_CCDG_13607_B01_GRM_WGS.cram.2019-02-06/Sample_NA19448/analysis/NA19448.final.cram to file:///private/groups/hprc/1000G_local/child/cram/NA19448.final.cram
  
............................................................................................................................................................................................................................................................

Average throughput: 305.5MiB/s
Copying gs://fc-56ac46ea-efc4-4683-b6d5-6d95bed41c5e/CCDG_13607/Project_CCDG_13607_B01_GRM_WGS.cram.2019-02-06/Sample_NA19461/analysis/NA19461.final.cram to file:///private/groups/hprc/1000G_local/child/cram/NA19461.final.cram
  
..........................................................................................................................................................

Average throughput: 499.4MiB/s
Copying gs://fc-56ac46ea-efc4-4683-b6d5-6d95bed41c5e/CCDG_13607/Project_CCDG_13607_B01_GRM_WGS.cram.2019-02-06/Sample_NA19655/analysis/NA19655.final.cram to file:///private/groups/hprc/1000G_local/child/cram/NA19655.final.cram
  
.................................................................................................................................................................................................................................................................................................................................................................

Average throughput: 217.6MiB/s
Copying gs://fc-56ac46ea-efc4-4683-b6d5-6d95bed41c5e/CCDG_13607/Project_CCDG_13607_B01_GRM_WGS.cram.2019-02-06/Sample_NA19658/analysis/NA19658.final.cram to file:///private/groups/hprc/1000G_local/child/cram/NA19658.final.cram
  
....................................................................................................................

Average throughput: 629.9MiB/s
Copying gs://fc-56ac46ea-efc4-4683-b6d5-6d95bed41c5e/CCDG_13607/Project_CCDG_13607_B01_GRM_WGS.cram.2019-02-06/Sample_NA19679/analysis/NA19679.final.cram to file:///private/groups/hprc/1000G_local/child/cram/NA19679.final.cram
  
.......................................................................................................................................................................................................................................................

Average throughput: 314.6MiB/s
Copying gs://fc-56ac46ea-efc4-4683-b6d5-6d95bed41c5e/CCDG_13607/Project_CCDG_13607_B01_GRM_WGS.cram.2019-02-06/Sample_NA19762/analysis/NA19762.final.cram to file:///private/groups/hprc/1000G_local/child/cram/NA19762.final.cram
  
......................................................................................................................................................................................................................................

Average throughput: 418.4MiB/s
Copying gs://fc-56ac46ea-efc4-4683-b6d5-6d95bed41c5e/CCDG_13607/Project_CCDG_13607_B01_GRM_WGS.cram.2019-02-06/Sample_NA19916/analysis/NA19916.final.cram to file:///private/groups/hprc/1000G_local/child/cram/NA19916.final.cram
  
................................................................................................................................................................................................................................................

Average throughput: 399.8MiB/s
Copying gs://fc-56ac46ea-efc4-4683-b6d5-6d95bed41c5e/CCDG_13607/Project_CCDG_13607_B01_GRM_WGS.cram.2019-02-06/Sample_NA19917/analysis/NA19917.final.cram to file:///private/groups/hprc/1000G_local/child/cram/NA19917.final.cram
  
.......................................................................................................................................

Average throughput: 580.3MiB/s
Copying gs://fc-56ac46ea-efc4-4683-b6d5-6d95bed41c5e/CCDG_13607/Project_CCDG_13607_B01_GRM_WGS.cram.2019-02-06/Sample_NA19923/analysis/NA19923.final.cram to file:///private/groups/hprc/1000G_local/child/cram/NA19923.final.cram
  
.....................................................................................................................................................................................................................................................................

Average throughput: 316.3MiB/s
Copying gs://fc-56ac46ea-efc4-4683-b6d5-6d95bed41c5e/CCDG_13607/Project_CCDG_13607_B01_GRM_WGS.cram.2019-02-06/Sample_NA20294/analysis/NA20294.final.cram to file:///private/groups/hprc/1000G_local/child/cram/NA20294.final.cram
  
...........................................................................................................................................

Average throughput: 575.3MiB/s
Copying gs://fc-56ac46ea-efc4-4683-b6d5-6d95bed41c5e/CCDG_13607/Project_CCDG_13607_B01_GRM_WGS.cram.2019-02-06/Sample_NA20318/analysis/NA20318.final.cram to file:///private/groups/hprc/1000G_local/child/cram/NA20318.final.cram
  
............................................................................................................................................................................................................................................................................

Average throughput: 318.6MiB/s
Copying gs://fc-56ac46ea-efc4-4683-b6d5-6d95bed41c5e/CCDG_13607/Project_CCDG_13607_B01_GRM_WGS.cram.2019-02-06/Sample_NA20342/analysis/NA20342.final.cram to file:///private/groups/hprc/1000G_local/child/cram/NA20342.final.cram
  
....................................................................................................................................................

Average throughput: 524.8MiB/s
Copying gs://fc-56ac46ea-efc4-4683-b6d5-6d95bed41c5e/CCDG_13607/Project_CCDG_13607_B01_GRM_WGS.cram.2019-02-06/Sample_NA20362/analysis/NA20362.final.cram to file:///private/groups/hprc/1000G_local/child/cram/NA20362.final.cram
  
..................................................................................................................................................................................................................................................................

Average throughput: 312.5MiB/s
Copying gs://fc-56ac46ea-efc4-4683-b6d5-6d95bed41c5e/CCDG_13607/Project_CCDG_13607_B01_GRM_WGS.cram.2019-02-06/Sample_NA20412/analysis/NA20412.final.cram to file:///private/groups/hprc/1000G_local/child/cram/NA20412.final.cram
  
...................................................................................................................................................................................................................

Average throughput: 393.0MiB/s
Copying gs://fc-56ac46ea-efc4-4683-b6d5-6d95bed41c5e/CCDG_13607/Project_CCDG_13607_B01_GRM_WGS.cram.2019-02-06/Sample_NA20588/analysis/NA20588.final.cram to file:///private/groups/hprc/1000G_local/child/cram/NA20588.final.cram
  
............................................................................................................................

Average throughput: 642.8MiB/s
Copying gs://fc-56ac46ea-efc4-4683-b6d5-6d95bed41c5e/CCDG_13607/Project_CCDG_13607_B01_GRM_WGS.cram.2019-02-06/Sample_NA20756/analysis/NA20756.final.cram to file:///private/groups/hprc/1000G_local/child/cram/NA20756.final.cram
  
...........................................................................................................................................................................................................................................................

Average throughput: 292.4MiB/s
Copying gs://fc-56ac46ea-efc4-4683-b6d5-6d95bed41c5e/CCDG_13607/Project_CCDG_13607_B01_GRM_WGS.cram.2019-02-06/Sample_NA20761/analysis/NA20761.final.cram to file:///private/groups/hprc/1000G_local/child/cram/NA20761.final.cram
  
...................................................................................................................

Average throughput: 657.3MiB/s
Copying gs://fc-56ac46ea-efc4-4683-b6d5-6d95bed41c5e/CCDG_13607/Project_CCDG_13607_B01_GRM_WGS.cram.2019-02-06/Sample_NA20796/analysis/NA20796.final.cram to file:///private/groups/hprc/1000G_local/child/cram/NA20796.final.cram
  
...................................................................................................................................................................................................................................................................

Average throughput: 299.7MiB/s
Copying gs://fc-56ac46ea-efc4-4683-b6d5-6d95bed41c5e/CCDG_13607/Project_CCDG_13607_B01_GRM_WGS.cram.2019-02-06/Sample_NA20800/analysis/NA20800.final.cram to file:///private/groups/hprc/1000G_local/child/cram/NA20800.final.cram
  
.........................................................................................................................................................................................................

Average throughput: 410.9MiB/s
Copying gs://fc-56ac46ea-efc4-4683-b6d5-6d95bed41c5e/CCDG_13607/Project_CCDG_13607_B01_GRM_WGS.cram.2019-02-06/Sample_NA20801/analysis/NA20801.final.cram to file:///private/groups/hprc/1000G_local/child/cram/NA20801.final.cram
  
...........................................................................................................................................................................................

Average throughput: 432.2MiB/s
Copying gs://fc-56ac46ea-efc4-4683-b6d5-6d95bed41c5e/CCDG_13607/Project_CCDG_13607_B01_GRM_WGS.cram.2019-02-06/Sample_NA20866/analysis/NA20866.final.cram to file:///private/groups/hprc/1000G_local/child/cram/NA20866.final.cram
  
............................................................................................................................................................................................

Average throughput: 418.9MiB/s
Copying gs://fc-56ac46ea-efc4-4683-b6d5-6d95bed41c5e/CCDG_13607/Project_CCDG_13607_B01_GRM_WGS.cram.2019-02-06/Sample_NA21115/analysis/NA21115.final.cram to file:///private/groups/hprc/1000G_local/child/cram/NA21115.final.cram
  
............................................................................................................................................................................................................................................................................................

Average throughput: 368.2MiB/s
Copying gs://fc-56ac46ea-efc4-4683-b6d5-6d95bed41c5e/CCDG_13607/Project_CCDG_13607_B01_GRM_WGS.cram.2019-02-06/Sample_NA21133/analysis/NA21133.final.cram to file:///private/groups/hprc/1000G_local/child/cram/NA21133.final.cram
  
...........................................................................................................................................................................................................................................

Average throughput: 440.9MiB/s
