INFO:ssds.storage:Copied s3://human-pangenomics/submissions/9ed6d423-774d-4ac4-90f1-5d3621997957--WUSTL_HPRC_HiFi_Y5/HG00119/PacBio_HiFi/m84081_231214_200130_s1.hifi_reads.bc2005.bam to s3://human-pangenomics/working/HPRC/HG00119/raw_data/PacBio_HiFi/m84081_231214_200130_s1.hifi_reads.bc2005.bam
INFO:ssds.storage:Copied s3://human-pangenomics/submissions/9ed6d423-774d-4ac4-90f1-5d3621997957--WUSTL_HPRC_HiFi_Y5/HG00119/PacBio_HiFi/m84081_231214_220055_s2.hifi_reads.bc2005.bam to s3://human-pangenomics/working/HPRC/HG00119/raw_data/PacBio_HiFi/m84081_231214_220055_s2.hifi_reads.bc2005.bam
INFO:ssds.storage:Copied s3://human-pangenomics/submissions/9ed6d423-774d-4ac4-90f1-5d3621997957--WUSTL_HPRC_HiFi_Y5/HG00120/PacBio_HiFi/m84081_240511_005817_s1.hifi_reads.bc2006.bam to s3://human-pangenomics/working/HPRC/HG00120/raw_data/PacBio_HiFi/m84081_240511_005817_s1.hifi_reads.bc2006.bam
INFO:ssds.storage:Copied s3://human-pangenomics/submissions/9ed6d423-774d-4ac4-90f1-5d3621997957--WUSTL_HPRC_HiFi_Y5/HG00120/PacBio_HiFi/m84081_240512_105012_s1.hifi_reads.bc2006.bam to s3://human-pangenomics/working/HPRC/HG00120/raw_data/PacBio_HiFi/m84081_240512_105012_s1.hifi_reads.bc2006.bam
INFO:ssds.storage:Copied s3://human-pangenomics/submissions/9ed6d423-774d-4ac4-90f1-5d3621997957--WUSTL_HPRC_HiFi_Y5/HG00234/PacBio_HiFi/m84081_240515_035745_s2.hifi_reads.bc2021.bam to s3://human-pangenomics/working/HPRC/HG00234/raw_data/PacBio_HiFi/m84081_240515_035745_s2.hifi_reads.bc2021.bam
INFO:ssds.storage:Copied s3://human-pangenomics/submissions/9ed6d423-774d-4ac4-90f1-5d3621997957--WUSTL_HPRC_HiFi_Y5/HG00234/PacBio_HiFi/m84081_240515_055714_s3.hifi_reads.bc2021.bam to s3://human-pangenomics/working/HPRC/HG00234/raw_data/PacBio_HiFi/m84081_240515_055714_s3.hifi_reads.bc2021.bam
INFO:ssds.storage:Copied s3://human-pangenomics/submissions/9ed6d423-774d-4ac4-90f1-5d3621997957--WUSTL_HPRC_HiFi_Y5/HG00236/PacBio_HiFi/m84081_240501_202516_s2.hifi_reads.bc2007.bam to s3://human-pangenomics/working/HPRC/HG00236/raw_data/PacBio_HiFi/m84081_240501_202516_s2.hifi_reads.bc2007.bam
INFO:ssds.storage:Copied s3://human-pangenomics/submissions/9ed6d423-774d-4ac4-90f1-5d3621997957--WUSTL_HPRC_HiFi_Y5/HG00236/PacBio_HiFi/m84081_240521_200850_s2.hifi_reads.bc2007.bam to s3://human-pangenomics/working/HPRC/HG00236/raw_data/PacBio_HiFi/m84081_240521_200850_s2.hifi_reads.bc2007.bam
INFO:ssds.storage:Copied s3://human-pangenomics/submissions/9ed6d423-774d-4ac4-90f1-5d3621997957--WUSTL_HPRC_HiFi_Y5/HG00355/PacBio_HiFi/m84081_240523_060048_s2.hifi_reads.bc2030.bam to s3://human-pangenomics/working/HPRC/HG00355/raw_data/PacBio_HiFi/m84081_240523_060048_s2.hifi_reads.bc2030.bam
INFO:ssds.storage:Copied s3://human-pangenomics/submissions/9ed6d423-774d-4ac4-90f1-5d3621997957--WUSTL_HPRC_HiFi_Y5/HG00355/PacBio_HiFi/m84081_240523_080029_s3.hifi_reads.bc2030.bam to s3://human-pangenomics/working/HPRC/HG00355/raw_data/PacBio_HiFi/m84081_240523_080029_s3.hifi_reads.bc2030.bam
INFO:ssds.storage:Copied s3://human-pangenomics/submissions/9ed6d423-774d-4ac4-90f1-5d3621997957--WUSTL_HPRC_HiFi_Y5/HG01136/PacBio_HiFi/m84081_240412_214139_s2.hifi_reads.bc2073.bam to s3://human-pangenomics/working/HPRC/HG01136/raw_data/PacBio_HiFi/m84081_240412_214139_s2.hifi_reads.bc2073.bam
INFO:ssds.storage:Copied s3://human-pangenomics/submissions/9ed6d423-774d-4ac4-90f1-5d3621997957--WUSTL_HPRC_HiFi_Y5/HG01136/PacBio_HiFi/m84081_240412_234102_s3.hifi_reads.bc2073.bam to s3://human-pangenomics/working/HPRC/HG01136/raw_data/PacBio_HiFi/m84081_240412_234102_s3.hifi_reads.bc2073.bam
INFO:ssds.storage:Copied s3://human-pangenomics/submissions/9ed6d423-774d-4ac4-90f1-5d3621997957--WUSTL_HPRC_HiFi_Y5/HG01522/PacBio_HiFi/m84081_240606_232403_s3.hifi_reads.bc2051.bam to s3://human-pangenomics/working/HPRC/HG01522/raw_data/PacBio_HiFi/m84081_240606_232403_s3.hifi_reads.bc2051.bam
INFO:ssds.storage:Copied s3://human-pangenomics/submissions/9ed6d423-774d-4ac4-90f1-5d3621997957--WUSTL_HPRC_HiFi_Y5/HG01522/PacBio_HiFi/m84081_240608_051713_s1.hifi_reads.bc2051.bam to s3://human-pangenomics/working/HPRC/HG01522/raw_data/PacBio_HiFi/m84081_240608_051713_s1.hifi_reads.bc2051.bam
INFO:ssds.storage:Copied s3://human-pangenomics/submissions/9ed6d423-774d-4ac4-90f1-5d3621997957--WUSTL_HPRC_HiFi_Y5/HG01610/PacBio_HiFi/m84081_231215_000011_s3.hifi_reads.bc2006.bam to s3://human-pangenomics/working/HPRC/HG01610/raw_data/PacBio_HiFi/m84081_231215_000011_s3.hifi_reads.bc2006.bam
INFO:ssds.storage:Copied s3://human-pangenomics/submissions/9ed6d423-774d-4ac4-90f1-5d3621997957--WUSTL_HPRC_HiFi_Y5/HG01610/PacBio_HiFi/m84081_231215_015931_s4.hifi_reads.bc2006.bam to s3://human-pangenomics/working/HPRC/HG01610/raw_data/PacBio_HiFi/m84081_231215_015931_s4.hifi_reads.bc2006.bam
INFO:ssds.storage:Copied s3://human-pangenomics/submissions/9ed6d423-774d-4ac4-90f1-5d3621997957--WUSTL_HPRC_HiFi_Y5/HG02140/PacBio_HiFi/m84081_240524_172659_s2.hifi_reads.bc2025.bam to s3://human-pangenomics/working/HPRC/HG02140/raw_data/PacBio_HiFi/m84081_240524_172659_s2.hifi_reads.bc2025.bam
INFO:ssds.storage:Copied s3://human-pangenomics/submissions/9ed6d423-774d-4ac4-90f1-5d3621997957--WUSTL_HPRC_HiFi_Y5/HG02140/PacBio_HiFi/m84081_240524_192615_s3.hifi_reads.bc2025.bam to s3://human-pangenomics/working/HPRC/HG02140/raw_data/PacBio_HiFi/m84081_240524_192615_s3.hifi_reads.bc2025.bam
INFO:ssds.storage:Copied s3://human-pangenomics/submissions/9ed6d423-774d-4ac4-90f1-5d3621997957--WUSTL_HPRC_HiFi_Y5/HG02337/PacBio_HiFi/m84081_240421_084514_s3.hifi_reads.bc2053.bam to s3://human-pangenomics/working/HPRC/HG02337/raw_data/PacBio_HiFi/m84081_240421_084514_s3.hifi_reads.bc2053.bam
INFO:ssds.storage:Copied s3://human-pangenomics/submissions/9ed6d423-774d-4ac4-90f1-5d3621997957--WUSTL_HPRC_HiFi_Y5/HG02337/PacBio_HiFi/m84081_240421_104442_s4.hifi_reads.bc2053.bam to s3://human-pangenomics/working/HPRC/HG02337/raw_data/PacBio_HiFi/m84081_240421_104442_s4.hifi_reads.bc2053.bam
INFO:ssds.storage:Copied s3://human-pangenomics/submissions/9ed6d423-774d-4ac4-90f1-5d3621997957--WUSTL_HPRC_HiFi_Y5/HG02642/PacBio_HiFi/m84081_240405_232145_s3.hifi_reads.bc2081.bam to s3://human-pangenomics/working/HPRC/HG02642/raw_data/PacBio_HiFi/m84081_240405_232145_s3.hifi_reads.bc2081.bam
INFO:ssds.storage:Copied s3://human-pangenomics/submissions/9ed6d423-774d-4ac4-90f1-5d3621997957--WUSTL_HPRC_HiFi_Y5/HG02642/PacBio_HiFi/m84081_240406_012110_s4.hifi_reads.bc2081.bam to s3://human-pangenomics/working/HPRC/HG02642/raw_data/PacBio_HiFi/m84081_240406_012110_s4.hifi_reads.bc2081.bam
INFO:ssds.storage:Copied s3://human-pangenomics/submissions/9ed6d423-774d-4ac4-90f1-5d3621997957--WUSTL_HPRC_HiFi_Y5/HG02676/PacBio_HiFi/m84081_240204_054815_s1.hifi_reads.bc2041.bam to s3://human-pangenomics/working/HPRC/HG02676/raw_data/PacBio_HiFi/m84081_240204_054815_s1.hifi_reads.bc2041.bam
INFO:ssds.storage:Copied s3://human-pangenomics/submissions/9ed6d423-774d-4ac4-90f1-5d3621997957--WUSTL_HPRC_HiFi_Y5/HG02676/PacBio_HiFi/m84081_240204_074737_s2.hifi_reads.bc2041.bam to s3://human-pangenomics/working/HPRC/HG02676/raw_data/PacBio_HiFi/m84081_240204_074737_s2.hifi_reads.bc2041.bam
INFO:ssds.storage:Copied s3://human-pangenomics/submissions/9ed6d423-774d-4ac4-90f1-5d3621997957--WUSTL_HPRC_HiFi_Y5/HG03052/PacBio_HiFi/m84081_240316_011019_s4.hifi_reads.bc2050.bam to s3://human-pangenomics/working/HPRC/HG03052/raw_data/PacBio_HiFi/m84081_240316_011019_s4.hifi_reads.bc2050.bam
INFO:ssds.storage:Copied s3://human-pangenomics/submissions/9ed6d423-774d-4ac4-90f1-5d3621997957--WUSTL_HPRC_HiFi_Y5/HG03052/PacBio_HiFi/m84081_240317_050803_s1.hifi_reads.bc2050.bam to s3://human-pangenomics/working/HPRC/HG03052/raw_data/PacBio_HiFi/m84081_240317_050803_s1.hifi_reads.bc2050.bam
INFO:ssds.storage:Copied s3://human-pangenomics/submissions/9ed6d423-774d-4ac4-90f1-5d3621997957--WUSTL_HPRC_HiFi_Y5/HG03052/PacBio_HiFi/m84081_240317_070745_s2.hifi_reads.bc2050.bam to s3://human-pangenomics/working/HPRC/HG03052/raw_data/PacBio_HiFi/m84081_240317_070745_s2.hifi_reads.bc2050.bam
INFO:ssds.storage:Copied s3://human-pangenomics/submissions/9ed6d423-774d-4ac4-90f1-5d3621997957--WUSTL_HPRC_HiFi_Y5/HG03052/PacBio_HiFi/m84081_240413_014016_s4.hifi_reads.bc2050.bam to s3://human-pangenomics/working/HPRC/HG03052/raw_data/PacBio_HiFi/m84081_240413_014016_s4.hifi_reads.bc2050.bam
INFO:ssds.storage:Copied s3://human-pangenomics/submissions/9ed6d423-774d-4ac4-90f1-5d3621997957--WUSTL_HPRC_HiFi_Y5/HG03126/PacBio_HiFi/m84081_240316_011019_s4.hifi_reads.bc2054.bam to s3://human-pangenomics/working/HPRC/HG03126/raw_data/PacBio_HiFi/m84081_240316_011019_s4.hifi_reads.bc2054.bam
INFO:ssds.storage:Copied s3://human-pangenomics/submissions/9ed6d423-774d-4ac4-90f1-5d3621997957--WUSTL_HPRC_HiFi_Y5/HG03126/PacBio_HiFi/m84081_240317_050803_s1.hifi_reads.bc2054.bam to s3://human-pangenomics/working/HPRC/HG03126/raw_data/PacBio_HiFi/m84081_240317_050803_s1.hifi_reads.bc2054.bam
INFO:ssds.storage:Copied s3://human-pangenomics/submissions/9ed6d423-774d-4ac4-90f1-5d3621997957--WUSTL_HPRC_HiFi_Y5/HG03126/PacBio_HiFi/m84081_240317_070745_s2.hifi_reads.bc2054.bam to s3://human-pangenomics/working/HPRC/HG03126/raw_data/PacBio_HiFi/m84081_240317_070745_s2.hifi_reads.bc2054.bam
INFO:ssds.storage:Copied s3://human-pangenomics/submissions/9ed6d423-774d-4ac4-90f1-5d3621997957--WUSTL_HPRC_HiFi_Y5/HG03126/PacBio_HiFi/m84081_240405_192241_s1.hifi_reads.bc2054.bam to s3://human-pangenomics/working/HPRC/HG03126/raw_data/PacBio_HiFi/m84081_240405_192241_s1.hifi_reads.bc2054.bam
INFO:ssds.storage:Copied s3://human-pangenomics/submissions/9ed6d423-774d-4ac4-90f1-5d3621997957--WUSTL_HPRC_HiFi_Y5/HG03126/PacBio_HiFi/m84081_240405_212207_s2.hifi_reads.bc2054.bam to s3://human-pangenomics/working/HPRC/HG03126/raw_data/PacBio_HiFi/m84081_240405_212207_s2.hifi_reads.bc2054.bam
INFO:ssds.storage:Copied s3://human-pangenomics/submissions/9ed6d423-774d-4ac4-90f1-5d3621997957--WUSTL_HPRC_HiFi_Y5/HG03126/PacBio_HiFi/m84081_240405_232145_s3.hifi_reads.bc2054.bam to s3://human-pangenomics/working/HPRC/HG03126/raw_data/PacBio_HiFi/m84081_240405_232145_s3.hifi_reads.bc2054.bam
INFO:ssds.storage:Copied s3://human-pangenomics/submissions/9ed6d423-774d-4ac4-90f1-5d3621997957--WUSTL_HPRC_HiFi_Y5/HG03126/PacBio_HiFi/m84081_240406_012110_s4.hifi_reads.bc2054.bam to s3://human-pangenomics/working/HPRC/HG03126/raw_data/PacBio_HiFi/m84081_240406_012110_s4.hifi_reads.bc2054.bam
INFO:ssds.storage:Copied s3://human-pangenomics/submissions/9ed6d423-774d-4ac4-90f1-5d3621997957--WUSTL_HPRC_HiFi_Y5/HG03126/PacBio_HiFi/m84081_240412_214139_s2.hifi_reads.bc2054.bam to s3://human-pangenomics/working/HPRC/HG03126/raw_data/PacBio_HiFi/m84081_240412_214139_s2.hifi_reads.bc2054.bam
INFO:ssds.storage:Copied s3://human-pangenomics/submissions/9ed6d423-774d-4ac4-90f1-5d3621997957--WUSTL_HPRC_HiFi_Y5/HG03126/PacBio_HiFi/m84081_240412_234102_s3.hifi_reads.bc2054.bam to s3://human-pangenomics/working/HPRC/HG03126/raw_data/PacBio_HiFi/m84081_240412_234102_s3.hifi_reads.bc2054.bam
INFO:ssds.storage:Copied s3://human-pangenomics/submissions/9ed6d423-774d-4ac4-90f1-5d3621997957--WUSTL_HPRC_HiFi_Y5/HG03460/PacBio_HiFi/m84081_240202_235451_s3.hifi_reads.bc2019.bam to s3://human-pangenomics/working/HPRC/HG03460/raw_data/PacBio_HiFi/m84081_240202_235451_s3.hifi_reads.bc2019.bam
INFO:ssds.storage:Copied s3://human-pangenomics/submissions/9ed6d423-774d-4ac4-90f1-5d3621997957--WUSTL_HPRC_HiFi_Y5/HG03460/PacBio_HiFi/m84081_240203_015416_s4.hifi_reads.bc2019.bam to s3://human-pangenomics/working/HPRC/HG03460/raw_data/PacBio_HiFi/m84081_240203_015416_s4.hifi_reads.bc2019.bam
INFO:ssds.storage:Copied s3://human-pangenomics/submissions/9ed6d423-774d-4ac4-90f1-5d3621997957--WUSTL_HPRC_HiFi_Y5/HG03567/PacBio_HiFi/m84081_240515_075653_s4.hifi_reads.bc2022.bam to s3://human-pangenomics/working/HPRC/HG03567/raw_data/PacBio_HiFi/m84081_240515_075653_s4.hifi_reads.bc2022.bam
INFO:ssds.storage:Copied s3://human-pangenomics/submissions/9ed6d423-774d-4ac4-90f1-5d3621997957--WUSTL_HPRC_HiFi_Y5/HG03567/PacBio_HiFi/m84081_240515_095620_s1.hifi_reads.bc2022.bam to s3://human-pangenomics/working/HPRC/HG03567/raw_data/PacBio_HiFi/m84081_240515_095620_s1.hifi_reads.bc2022.bam
INFO:ssds.storage:Copied s3://human-pangenomics/submissions/9ed6d423-774d-4ac4-90f1-5d3621997957--WUSTL_HPRC_HiFi_Y5/HG03733/PacBio_HiFi/m84081_240308_200044_s1.hifi_reads.bc2059.bam to s3://human-pangenomics/working/HPRC/HG03733/raw_data/PacBio_HiFi/m84081_240308_200044_s1.hifi_reads.bc2059.bam
INFO:ssds.storage:Copied s3://human-pangenomics/submissions/9ed6d423-774d-4ac4-90f1-5d3621997957--WUSTL_HPRC_HiFi_Y5/HG03733/PacBio_HiFi/m84081_240308_220007_s2.hifi_reads.bc2059.bam to s3://human-pangenomics/working/HPRC/HG03733/raw_data/PacBio_HiFi/m84081_240308_220007_s2.hifi_reads.bc2059.bam
INFO:ssds.storage:Copied s3://human-pangenomics/submissions/9ed6d423-774d-4ac4-90f1-5d3621997957--WUSTL_HPRC_HiFi_Y5/HG03788/PacBio_HiFi/m84081_231221_001739_s2.hifi_reads.bc2007.bam to s3://human-pangenomics/working/HPRC/HG03788/raw_data/PacBio_HiFi/m84081_231221_001739_s2.hifi_reads.bc2007.bam
INFO:ssds.storage:Copied s3://human-pangenomics/submissions/9ed6d423-774d-4ac4-90f1-5d3621997957--WUSTL_HPRC_HiFi_Y5/HG03788/PacBio_HiFi/m84081_231221_022030_s3.hifi_reads.bc2007.bam to s3://human-pangenomics/working/HPRC/HG03788/raw_data/PacBio_HiFi/m84081_231221_022030_s3.hifi_reads.bc2007.bam
INFO:ssds.storage:Copied s3://human-pangenomics/submissions/9ed6d423-774d-4ac4-90f1-5d3621997957--WUSTL_HPRC_HiFi_Y5/HG03788/PacBio_HiFi/m84081_231221_041957_s4.hifi_reads.bc2007.bam to s3://human-pangenomics/working/HPRC/HG03788/raw_data/PacBio_HiFi/m84081_231221_041957_s4.hifi_reads.bc2007.bam
INFO:ssds.storage:Copied s3://human-pangenomics/submissions/9ed6d423-774d-4ac4-90f1-5d3621997957--WUSTL_HPRC_HiFi_Y5/HG03788/PacBio_HiFi/m84081_240103_224605_s3.hifi_reads.bc2007.bam to s3://human-pangenomics/working/HPRC/HG03788/raw_data/PacBio_HiFi/m84081_240103_224605_s3.hifi_reads.bc2007.bam
INFO:ssds.storage:Copied s3://human-pangenomics/submissions/9ed6d423-774d-4ac4-90f1-5d3621997957--WUSTL_HPRC_HiFi_Y5/HG03788/PacBio_HiFi/m84081_240104_004525_s4.hifi_reads.bc2007.bam to s3://human-pangenomics/working/HPRC/HG03788/raw_data/PacBio_HiFi/m84081_240104_004525_s4.hifi_reads.bc2007.bam
INFO:ssds.storage:Copied s3://human-pangenomics/submissions/9ed6d423-774d-4ac4-90f1-5d3621997957--WUSTL_HPRC_HiFi_Y5/HG03788/PacBio_HiFi/m84081_240209_193042_s1.hifi_reads.bc2007.bam to s3://human-pangenomics/working/HPRC/HG03788/raw_data/PacBio_HiFi/m84081_240209_193042_s1.hifi_reads.bc2007.bam
INFO:ssds.storage:Copied s3://human-pangenomics/submissions/9ed6d423-774d-4ac4-90f1-5d3621997957--WUSTL_HPRC_HiFi_Y5/HG03875/PacBio_HiFi/m84081_240524_212534_s4.hifi_reads.bc2023.bam to s3://human-pangenomics/working/HPRC/HG03875/raw_data/PacBio_HiFi/m84081_240524_212534_s4.hifi_reads.bc2023.bam
INFO:ssds.storage:Copied s3://human-pangenomics/submissions/9ed6d423-774d-4ac4-90f1-5d3621997957--WUSTL_HPRC_HiFi_Y5/HG03875/PacBio_HiFi/m84081_240524_232448_s1.hifi_reads.bc2023.bam to s3://human-pangenomics/working/HPRC/HG03875/raw_data/PacBio_HiFi/m84081_240524_232448_s1.hifi_reads.bc2023.bam
INFO:ssds.storage:Copied s3://human-pangenomics/submissions/9ed6d423-774d-4ac4-90f1-5d3621997957--WUSTL_HPRC_HiFi_Y5/HG03882/PacBio_HiFi/m84081_240526_031853_s2.hifi_reads.bc2024.bam to s3://human-pangenomics/working/HPRC/HG03882/raw_data/PacBio_HiFi/m84081_240526_031853_s2.hifi_reads.bc2024.bam
INFO:ssds.storage:Copied s3://human-pangenomics/submissions/9ed6d423-774d-4ac4-90f1-5d3621997957--WUSTL_HPRC_HiFi_Y5/HG03882/PacBio_HiFi/m84081_240526_051820_s3.hifi_reads.bc2024.bam to s3://human-pangenomics/working/HPRC/HG03882/raw_data/PacBio_HiFi/m84081_240526_051820_s3.hifi_reads.bc2024.bam
INFO:ssds.storage:Copied s3://human-pangenomics/submissions/9ed6d423-774d-4ac4-90f1-5d3621997957--WUSTL_HPRC_HiFi_Y5/HG03898/PacBio_HiFi/m84081_240526_071750_s4.hifi_reads.bc2026.bam to s3://human-pangenomics/working/HPRC/HG03898/raw_data/PacBio_HiFi/m84081_240526_071750_s4.hifi_reads.bc2026.bam
INFO:ssds.storage:Copied s3://human-pangenomics/submissions/9ed6d423-774d-4ac4-90f1-5d3621997957--WUSTL_HPRC_HiFi_Y5/HG03898/PacBio_HiFi/m84081_240526_091719_s1.hifi_reads.bc2026.bam to s3://human-pangenomics/working/HPRC/HG03898/raw_data/PacBio_HiFi/m84081_240526_091719_s1.hifi_reads.bc2026.bam
INFO:ssds.storage:Copied s3://human-pangenomics/submissions/9ed6d423-774d-4ac4-90f1-5d3621997957--WUSTL_HPRC_HiFi_Y5/NA18523/PacBio_HiFi/m84081_231221_001739_s2.hifi_reads.bc2017.bam to s3://human-pangenomics/working/HPRC/NA18523/raw_data/PacBio_HiFi/m84081_231221_001739_s2.hifi_reads.bc2017.bam
INFO:ssds.storage:Copied s3://human-pangenomics/submissions/9ed6d423-774d-4ac4-90f1-5d3621997957--WUSTL_HPRC_HiFi_Y5/NA18523/PacBio_HiFi/m84081_231221_022030_s3.hifi_reads.bc2017.bam to s3://human-pangenomics/working/HPRC/NA18523/raw_data/PacBio_HiFi/m84081_231221_022030_s3.hifi_reads.bc2017.bam
INFO:ssds.storage:Copied s3://human-pangenomics/submissions/9ed6d423-774d-4ac4-90f1-5d3621997957--WUSTL_HPRC_HiFi_Y5/NA18523/PacBio_HiFi/m84081_231221_041957_s4.hifi_reads.bc2017.bam to s3://human-pangenomics/working/HPRC/NA18523/raw_data/PacBio_HiFi/m84081_231221_041957_s4.hifi_reads.bc2017.bam
INFO:ssds.storage:Copied s3://human-pangenomics/submissions/9ed6d423-774d-4ac4-90f1-5d3621997957--WUSTL_HPRC_HiFi_Y5/NA18523/PacBio_HiFi/m84081_240103_224605_s3.hifi_reads.bc2017.bam to s3://human-pangenomics/working/HPRC/NA18523/raw_data/PacBio_HiFi/m84081_240103_224605_s3.hifi_reads.bc2017.bam
INFO:ssds.storage:Copied s3://human-pangenomics/submissions/9ed6d423-774d-4ac4-90f1-5d3621997957--WUSTL_HPRC_HiFi_Y5/NA18523/PacBio_HiFi/m84081_240104_004525_s4.hifi_reads.bc2017.bam to s3://human-pangenomics/working/HPRC/NA18523/raw_data/PacBio_HiFi/m84081_240104_004525_s4.hifi_reads.bc2017.bam
INFO:ssds.storage:Copied s3://human-pangenomics/submissions/9ed6d423-774d-4ac4-90f1-5d3621997957--WUSTL_HPRC_HiFi_Y5/NA18538/PacBio_HiFi/m84081_240128_051858_s4.hifi_reads.bc2020.bam to s3://human-pangenomics/working/HPRC/NA18538/raw_data/PacBio_HiFi/m84081_240128_051858_s4.hifi_reads.bc2020.bam
INFO:ssds.storage:Copied s3://human-pangenomics/submissions/9ed6d423-774d-4ac4-90f1-5d3621997957--WUSTL_HPRC_HiFi_Y5/NA18538/PacBio_HiFi/m84081_240209_193042_s1.hifi_reads.bc2020.bam to s3://human-pangenomics/working/HPRC/NA18538/raw_data/PacBio_HiFi/m84081_240209_193042_s1.hifi_reads.bc2020.bam
INFO:ssds.storage:Copied s3://human-pangenomics/submissions/9ed6d423-774d-4ac4-90f1-5d3621997957--WUSTL_HPRC_HiFi_Y5/NA18606/PacBio_HiFi/m84081_240103_184725_s1.hifi_reads.bc2018.bam to s3://human-pangenomics/working/HPRC/NA18606/raw_data/PacBio_HiFi/m84081_240103_184725_s1.hifi_reads.bc2018.bam
INFO:ssds.storage:Copied s3://human-pangenomics/submissions/9ed6d423-774d-4ac4-90f1-5d3621997957--WUSTL_HPRC_HiFi_Y5/NA18606/PacBio_HiFi/m84081_240103_204645_s2.hifi_reads.bc2018.bam to s3://human-pangenomics/working/HPRC/NA18606/raw_data/PacBio_HiFi/m84081_240103_204645_s2.hifi_reads.bc2018.bam
INFO:ssds.storage:Copied s3://human-pangenomics/submissions/9ed6d423-774d-4ac4-90f1-5d3621997957--WUSTL_HPRC_HiFi_Y5/NA18636/PacBio_HiFi/m84081_240202_195615_s1.hifi_reads.bc2034.bam to s3://human-pangenomics/working/HPRC/NA18636/raw_data/PacBio_HiFi/m84081_240202_195615_s1.hifi_reads.bc2034.bam
INFO:ssds.storage:Copied s3://human-pangenomics/submissions/9ed6d423-774d-4ac4-90f1-5d3621997957--WUSTL_HPRC_HiFi_Y5/NA18636/PacBio_HiFi/m84081_240202_215535_s2.hifi_reads.bc2034.bam to s3://human-pangenomics/working/HPRC/NA18636/raw_data/PacBio_HiFi/m84081_240202_215535_s2.hifi_reads.bc2034.bam
INFO:ssds.storage:Copied s3://human-pangenomics/submissions/9ed6d423-774d-4ac4-90f1-5d3621997957--WUSTL_HPRC_HiFi_Y5/NA18942/PacBio_HiFi/m84081_240603_221009_s3.hifi_reads.bc2027.bam to s3://human-pangenomics/working/HPRC/NA18942/raw_data/PacBio_HiFi/m84081_240603_221009_s3.hifi_reads.bc2027.bam
INFO:ssds.storage:Copied s3://human-pangenomics/submissions/9ed6d423-774d-4ac4-90f1-5d3621997957--WUSTL_HPRC_HiFi_Y5/NA18942/PacBio_HiFi/m84081_240604_000922_s4.hifi_reads.bc2027.bam to s3://human-pangenomics/working/HPRC/NA18942/raw_data/PacBio_HiFi/m84081_240604_000922_s4.hifi_reads.bc2027.bam
INFO:ssds.storage:Copied s3://human-pangenomics/submissions/9ed6d423-774d-4ac4-90f1-5d3621997957--WUSTL_HPRC_HiFi_Y5/NA18995/PacBio_HiFi/m84081_240517_220613_s4.hifi_reads.bc2020.bam to s3://human-pangenomics/working/HPRC/NA18995/raw_data/PacBio_HiFi/m84081_240517_220613_s4.hifi_reads.bc2020.bam
INFO:ssds.storage:Copied s3://human-pangenomics/submissions/9ed6d423-774d-4ac4-90f1-5d3621997957--WUSTL_HPRC_HiFi_Y5/NA18995/PacBio_HiFi/m84081_240518_000528_s1.hifi_reads.bc2020.bam to s3://human-pangenomics/working/HPRC/NA18995/raw_data/PacBio_HiFi/m84081_240518_000528_s1.hifi_reads.bc2020.bam
INFO:ssds.storage:Copied s3://human-pangenomics/submissions/9ed6d423-774d-4ac4-90f1-5d3621997957--WUSTL_HPRC_HiFi_Y5/NA19031/PacBio_HiFi/m84081_240219_204639_s2.hifi_reads.bc2046.bam to s3://human-pangenomics/working/HPRC/NA19031/raw_data/PacBio_HiFi/m84081_240219_204639_s2.hifi_reads.bc2046.bam
INFO:ssds.storage:Copied s3://human-pangenomics/submissions/9ed6d423-774d-4ac4-90f1-5d3621997957--WUSTL_HPRC_HiFi_Y5/NA19031/PacBio_HiFi/m84081_240219_224606_s3.hifi_reads.bc2046.bam to s3://human-pangenomics/working/HPRC/NA19031/raw_data/PacBio_HiFi/m84081_240219_224606_s3.hifi_reads.bc2046.bam
INFO:ssds.storage:Copied s3://human-pangenomics/submissions/9ed6d423-774d-4ac4-90f1-5d3621997957--WUSTL_HPRC_HiFi_Y5/NA19031/PacBio_HiFi/m84081_240220_004532_s4.hifi_reads.bc2046.bam to s3://human-pangenomics/working/HPRC/NA19031/raw_data/PacBio_HiFi/m84081_240220_004532_s4.hifi_reads.bc2046.bam
INFO:ssds.storage:Copied s3://human-pangenomics/submissions/9ed6d423-774d-4ac4-90f1-5d3621997957--WUSTL_HPRC_HiFi_Y5/NA19031/PacBio_HiFi/m84081_240221_043919_s1.hifi_reads.bc2046.bam to s3://human-pangenomics/working/HPRC/NA19031/raw_data/PacBio_HiFi/m84081_240221_043919_s1.hifi_reads.bc2046.bam
INFO:ssds.storage:Copied s3://human-pangenomics/submissions/9ed6d423-774d-4ac4-90f1-5d3621997957--WUSTL_HPRC_HiFi_Y5/NA19031/PacBio_HiFi/m84081_240221_063842_s2.hifi_reads.bc2046.bam to s3://human-pangenomics/working/HPRC/NA19031/raw_data/PacBio_HiFi/m84081_240221_063842_s2.hifi_reads.bc2046.bam
INFO:ssds.storage:Copied s3://human-pangenomics/submissions/9ed6d423-774d-4ac4-90f1-5d3621997957--WUSTL_HPRC_HiFi_Y5/NA19031/PacBio_HiFi/m84081_240221_083804_s3.hifi_reads.bc2046.bam to s3://human-pangenomics/working/HPRC/NA19031/raw_data/PacBio_HiFi/m84081_240221_083804_s3.hifi_reads.bc2046.bam
INFO:ssds.storage:Copied s3://human-pangenomics/submissions/9ed6d423-774d-4ac4-90f1-5d3621997957--WUSTL_HPRC_HiFi_Y5/NA19031/PacBio_HiFi/m84081_240221_103730_s4.hifi_reads.bc2046.bam to s3://human-pangenomics/working/HPRC/NA19031/raw_data/PacBio_HiFi/m84081_240221_103730_s4.hifi_reads.bc2046.bam
INFO:ssds.storage:Copied s3://human-pangenomics/submissions/9ed6d423-774d-4ac4-90f1-5d3621997957--WUSTL_HPRC_HiFi_Y5/NA19055/PacBio_HiFi/m84081_240204_094707_s3.hifi_reads.bc2042.bam to s3://human-pangenomics/working/HPRC/NA19055/raw_data/PacBio_HiFi/m84081_240204_094707_s3.hifi_reads.bc2042.bam
INFO:ssds.storage:Copied s3://human-pangenomics/submissions/9ed6d423-774d-4ac4-90f1-5d3621997957--WUSTL_HPRC_HiFi_Y5/NA19055/PacBio_HiFi/m84081_240204_114736_s4.hifi_reads.bc2042.bam to s3://human-pangenomics/working/HPRC/NA19055/raw_data/PacBio_HiFi/m84081_240204_114736_s4.hifi_reads.bc2042.bam
INFO:ssds.storage:Copied s3://human-pangenomics/submissions/9ed6d423-774d-4ac4-90f1-5d3621997957--WUSTL_HPRC_HiFi_Y5/NA19063/PacBio_HiFi/m84081_240513_220420_s4.hifi_reads.bc2039.bam to s3://human-pangenomics/working/HPRC/NA19063/raw_data/PacBio_HiFi/m84081_240513_220420_s4.hifi_reads.bc2039.bam
INFO:ssds.storage:Copied s3://human-pangenomics/submissions/9ed6d423-774d-4ac4-90f1-5d3621997957--WUSTL_HPRC_HiFi_Y5/NA19063/PacBio_HiFi/m84081_240514_000351_s1.hifi_reads.bc2039.bam to s3://human-pangenomics/working/HPRC/NA19063/raw_data/PacBio_HiFi/m84081_240514_000351_s1.hifi_reads.bc2039.bam
INFO:ssds.storage:Copied s3://human-pangenomics/submissions/9ed6d423-774d-4ac4-90f1-5d3621997957--WUSTL_HPRC_HiFi_Y5/NA19079/PacBio_HiFi/m84081_240405_192241_s1.hifi_reads.bc2080.bam to s3://human-pangenomics/working/HPRC/NA19079/raw_data/PacBio_HiFi/m84081_240405_192241_s1.hifi_reads.bc2080.bam
INFO:ssds.storage:Copied s3://human-pangenomics/submissions/9ed6d423-774d-4ac4-90f1-5d3621997957--WUSTL_HPRC_HiFi_Y5/NA19079/PacBio_HiFi/m84081_240405_212207_s2.hifi_reads.bc2080.bam to s3://human-pangenomics/working/HPRC/NA19079/raw_data/PacBio_HiFi/m84081_240405_212207_s2.hifi_reads.bc2080.bam
INFO:ssds.storage:Copied s3://human-pangenomics/submissions/9ed6d423-774d-4ac4-90f1-5d3621997957--WUSTL_HPRC_HiFi_Y5/NA19307/PacBio_HiFi/m84081_240219_204639_s2.hifi_reads.bc2047.bam to s3://human-pangenomics/working/HPRC/NA19307/raw_data/PacBio_HiFi/m84081_240219_204639_s2.hifi_reads.bc2047.bam
INFO:ssds.storage:Copied s3://human-pangenomics/submissions/9ed6d423-774d-4ac4-90f1-5d3621997957--WUSTL_HPRC_HiFi_Y5/NA19307/PacBio_HiFi/m84081_240219_224606_s3.hifi_reads.bc2047.bam to s3://human-pangenomics/working/HPRC/NA19307/raw_data/PacBio_HiFi/m84081_240219_224606_s3.hifi_reads.bc2047.bam
INFO:ssds.storage:Copied s3://human-pangenomics/submissions/9ed6d423-774d-4ac4-90f1-5d3621997957--WUSTL_HPRC_HiFi_Y5/NA19307/PacBio_HiFi/m84081_240220_004532_s4.hifi_reads.bc2047.bam to s3://human-pangenomics/working/HPRC/NA19307/raw_data/PacBio_HiFi/m84081_240220_004532_s4.hifi_reads.bc2047.bam
INFO:ssds.storage:Copied s3://human-pangenomics/submissions/9ed6d423-774d-4ac4-90f1-5d3621997957--WUSTL_HPRC_HiFi_Y5/NA19307/PacBio_HiFi/m84081_240221_043919_s1.hifi_reads.bc2047.bam to s3://human-pangenomics/working/HPRC/NA19307/raw_data/PacBio_HiFi/m84081_240221_043919_s1.hifi_reads.bc2047.bam
INFO:ssds.storage:Copied s3://human-pangenomics/submissions/9ed6d423-774d-4ac4-90f1-5d3621997957--WUSTL_HPRC_HiFi_Y5/NA19307/PacBio_HiFi/m84081_240221_063842_s2.hifi_reads.bc2047.bam to s3://human-pangenomics/working/HPRC/NA19307/raw_data/PacBio_HiFi/m84081_240221_063842_s2.hifi_reads.bc2047.bam
INFO:ssds.storage:Copied s3://human-pangenomics/submissions/9ed6d423-774d-4ac4-90f1-5d3621997957--WUSTL_HPRC_HiFi_Y5/NA19307/PacBio_HiFi/m84081_240221_083804_s3.hifi_reads.bc2047.bam to s3://human-pangenomics/working/HPRC/NA19307/raw_data/PacBio_HiFi/m84081_240221_083804_s3.hifi_reads.bc2047.bam
INFO:ssds.storage:Copied s3://human-pangenomics/submissions/9ed6d423-774d-4ac4-90f1-5d3621997957--WUSTL_HPRC_HiFi_Y5/NA19307/PacBio_HiFi/m84081_240221_103730_s4.hifi_reads.bc2047.bam to s3://human-pangenomics/working/HPRC/NA19307/raw_data/PacBio_HiFi/m84081_240221_103730_s4.hifi_reads.bc2047.bam
INFO:ssds.storage:Copied s3://human-pangenomics/submissions/9ed6d423-774d-4ac4-90f1-5d3621997957--WUSTL_HPRC_HiFi_Y5/NA19395/PacBio_HiFi/m84081_240427_100714_s3.hifi_reads.bc2088.bam to s3://human-pangenomics/working/HPRC/NA19395/raw_data/PacBio_HiFi/m84081_240427_100714_s3.hifi_reads.bc2088.bam
INFO:ssds.storage:Copied s3://human-pangenomics/submissions/9ed6d423-774d-4ac4-90f1-5d3621997957--WUSTL_HPRC_HiFi_Y5/NA19395/PacBio_HiFi/m84081_240427_120740_s4.hifi_reads.bc2088.bam to s3://human-pangenomics/working/HPRC/NA19395/raw_data/PacBio_HiFi/m84081_240427_120740_s4.hifi_reads.bc2088.bam
INFO:ssds.storage:Copied s3://human-pangenomics/submissions/9ed6d423-774d-4ac4-90f1-5d3621997957--WUSTL_HPRC_HiFi_Y5/NA19679/PacBio_HiFi/m84081_240621_204500_s2.hifi_reads.bc2034.bam to s3://human-pangenomics/working/HPRC/NA19679/raw_data/PacBio_HiFi/m84081_240621_204500_s2.hifi_reads.bc2034.bam
INFO:ssds.storage:Copied s3://human-pangenomics/submissions/9ed6d423-774d-4ac4-90f1-5d3621997957--WUSTL_HPRC_HiFi_Y5/NA19679/PacBio_HiFi/m84081_240705_122201_s4.hifi_reads.bc2034.bam to s3://human-pangenomics/working/HPRC/NA19679/raw_data/PacBio_HiFi/m84081_240705_122201_s4.hifi_reads.bc2034.bam
INFO:ssds.storage:Copied s3://human-pangenomics/submissions/9ed6d423-774d-4ac4-90f1-5d3621997957--WUSTL_HPRC_HiFi_Y5/NA20412/PacBio_HiFi/m84081_240628_013747_s4.hifi_reads.bc2055.bam to s3://human-pangenomics/working/HPRC/NA20412/raw_data/PacBio_HiFi/m84081_240628_013747_s4.hifi_reads.bc2055.bam
INFO:ssds.storage:Copied s3://human-pangenomics/submissions/9ed6d423-774d-4ac4-90f1-5d3621997957--WUSTL_HPRC_HiFi_Y5/NA20412/PacBio_HiFi/m84081_240629_053147_s1.hifi_reads.bc2055.bam to s3://human-pangenomics/working/HPRC/NA20412/raw_data/PacBio_HiFi/m84081_240629_053147_s1.hifi_reads.bc2055.bam
INFO:ssds.storage:Copied s3://human-pangenomics/submissions/9ed6d423-774d-4ac4-90f1-5d3621997957--WUSTL_HPRC_HiFi_Y5/NA20796/PacBio_HiFi/m84081_240322_013717_s4.hifi_reads.bc2074.bam to s3://human-pangenomics/working/HPRC/NA20796/raw_data/PacBio_HiFi/m84081_240322_013717_s4.hifi_reads.bc2074.bam
INFO:ssds.storage:Copied s3://human-pangenomics/submissions/9ed6d423-774d-4ac4-90f1-5d3621997957--WUSTL_HPRC_HiFi_Y5/NA20796/PacBio_HiFi/m84081_240413_014016_s4.hifi_reads.bc2074.bam to s3://human-pangenomics/working/HPRC/NA20796/raw_data/PacBio_HiFi/m84081_240413_014016_s4.hifi_reads.bc2074.bam
{
  "submission_id": "9ed6d423-774d-4ac4-90f1-5d3621997957",
  "src_bucket": "human-pangenomics",
  "dst_bucket": "human-pangenomics",
  "aws_identity": "AIDAWEW7BTH337YGTOQ7T",
  "gcp_identity": "iviolich@ucsc.edu",
  "transfer_map": [
    {
      "src_key": "submissions/9ed6d423-774d-4ac4-90f1-5d3621997957--WUSTL_HPRC_HiFi_Y5/NA18538/PacBio_HiFi/m84081_240128_051858_s4.hifi_reads.bc2020.bam",
      "dst_key": "working/HPRC/NA18538/raw_data/PacBio_HiFi/m84081_240128_051858_s4.hifi_reads.bc2020.bam"
    },
    {
      "src_key": "submissions/9ed6d423-774d-4ac4-90f1-5d3621997957--WUSTL_HPRC_HiFi_Y5/HG03875/PacBio_HiFi/m84081_240524_212534_s4.hifi_reads.bc2023.bam",
      "dst_key": "working/HPRC/HG03875/raw_data/PacBio_HiFi/m84081_240524_212534_s4.hifi_reads.bc2023.bam"
    },
    {
      "src_key": "submissions/9ed6d423-774d-4ac4-90f1-5d3621997957--WUSTL_HPRC_HiFi_Y5/HG03052/PacBio_HiFi/m84081_240317_070745_s2.hifi_reads.bc2050.bam",
      "dst_key": "working/HPRC/HG03052/raw_data/PacBio_HiFi/m84081_240317_070745_s2.hifi_reads.bc2050.bam"
    },
    {
      "src_key": "submissions/9ed6d423-774d-4ac4-90f1-5d3621997957--WUSTL_HPRC_HiFi_Y5/HG03875/PacBio_HiFi/m84081_240524_232448_s1.hifi_reads.bc2023.bam",
      "dst_key": "working/HPRC/HG03875/raw_data/PacBio_HiFi/m84081_240524_232448_s1.hifi_reads.bc2023.bam"
    },
    {
      "src_key": "submissions/9ed6d423-774d-4ac4-90f1-5d3621997957--WUSTL_HPRC_HiFi_Y5/HG03788/PacBio_HiFi/m84081_240104_004525_s4.hifi_reads.bc2007.bam",
      "dst_key": "working/HPRC/HG03788/raw_data/PacBio_HiFi/m84081_240104_004525_s4.hifi_reads.bc2007.bam"
    },
    {
      "src_key": "submissions/9ed6d423-774d-4ac4-90f1-5d3621997957--WUSTL_HPRC_HiFi_Y5/HG00119/PacBio_HiFi/m84081_231214_220055_s2.hifi_reads.bc2005.bam",
      "dst_key": "working/HPRC/HG00119/raw_data/PacBio_HiFi/m84081_231214_220055_s2.hifi_reads.bc2005.bam"
    },
    {
      "src_key": "submissions/9ed6d423-774d-4ac4-90f1-5d3621997957--WUSTL_HPRC_HiFi_Y5/HG02337/PacBio_HiFi/m84081_240421_084514_s3.hifi_reads.bc2053.bam",
      "dst_key": "working/HPRC/HG02337/raw_data/PacBio_HiFi/m84081_240421_084514_s3.hifi_reads.bc2053.bam"
    },
    {
      "src_key": "submissions/9ed6d423-774d-4ac4-90f1-5d3621997957--WUSTL_HPRC_HiFi_Y5/NA18523/PacBio_HiFi/m84081_240104_004525_s4.hifi_reads.bc2017.bam",
      "dst_key": "working/HPRC/NA18523/raw_data/PacBio_HiFi/m84081_240104_004525_s4.hifi_reads.bc2017.bam"
    },
    {
      "src_key": "submissions/9ed6d423-774d-4ac4-90f1-5d3621997957--WUSTL_HPRC_HiFi_Y5/HG03460/PacBio_HiFi/m84081_240203_015416_s4.hifi_reads.bc2019.bam",
      "dst_key": "working/HPRC/HG03460/raw_data/PacBio_HiFi/m84081_240203_015416_s4.hifi_reads.bc2019.bam"
    },
    {
      "src_key": "submissions/9ed6d423-774d-4ac4-90f1-5d3621997957--WUSTL_HPRC_HiFi_Y5/HG00236/PacBio_HiFi/m84081_240501_202516_s2.hifi_reads.bc2007.bam",
      "dst_key": "working/HPRC/HG00236/raw_data/PacBio_HiFi/m84081_240501_202516_s2.hifi_reads.bc2007.bam"
    },
    {
      "src_key": "submissions/9ed6d423-774d-4ac4-90f1-5d3621997957--WUSTL_HPRC_HiFi_Y5/NA18523/PacBio_HiFi/m84081_240103_224605_s3.hifi_reads.bc2017.bam",
      "dst_key": "working/HPRC/NA18523/raw_data/PacBio_HiFi/m84081_240103_224605_s3.hifi_reads.bc2017.bam"
    },
    {
      "src_key": "submissions/9ed6d423-774d-4ac4-90f1-5d3621997957--WUSTL_HPRC_HiFi_Y5/HG03126/PacBio_HiFi/m84081_240316_011019_s4.hifi_reads.bc2054.bam",
      "dst_key": "working/HPRC/HG03126/raw_data/PacBio_HiFi/m84081_240316_011019_s4.hifi_reads.bc2054.bam"
    },
    {
      "src_key": "submissions/9ed6d423-774d-4ac4-90f1-5d3621997957--WUSTL_HPRC_HiFi_Y5/HG00120/PacBio_HiFi/m84081_240511_005817_s1.hifi_reads.bc2006.bam",
      "dst_key": "working/HPRC/HG00120/raw_data/PacBio_HiFi/m84081_240511_005817_s1.hifi_reads.bc2006.bam"
    },
    {
      "src_key": "submissions/9ed6d423-774d-4ac4-90f1-5d3621997957--WUSTL_HPRC_HiFi_Y5/NA19307/PacBio_HiFi/m84081_240219_204639_s2.hifi_reads.bc2047.bam",
      "dst_key": "working/HPRC/NA19307/raw_data/PacBio_HiFi/m84081_240219_204639_s2.hifi_reads.bc2047.bam"
    },
    {
      "src_key": "submissions/9ed6d423-774d-4ac4-90f1-5d3621997957--WUSTL_HPRC_HiFi_Y5/HG03052/PacBio_HiFi/m84081_240413_014016_s4.hifi_reads.bc2050.bam",
      "dst_key": "working/HPRC/HG03052/raw_data/PacBio_HiFi/m84081_240413_014016_s4.hifi_reads.bc2050.bam"
    },
    {
      "src_key": "submissions/9ed6d423-774d-4ac4-90f1-5d3621997957--WUSTL_HPRC_HiFi_Y5/HG03052/PacBio_HiFi/m84081_240316_011019_s4.hifi_reads.bc2050.bam",
      "dst_key": "working/HPRC/HG03052/raw_data/PacBio_HiFi/m84081_240316_011019_s4.hifi_reads.bc2050.bam"
    },
    {
      "src_key": "submissions/9ed6d423-774d-4ac4-90f1-5d3621997957--WUSTL_HPRC_HiFi_Y5/HG03882/PacBio_HiFi/m84081_240526_031853_s2.hifi_reads.bc2024.bam",
      "dst_key": "working/HPRC/HG03882/raw_data/PacBio_HiFi/m84081_240526_031853_s2.hifi_reads.bc2024.bam"
    },
    {
      "src_key": "submissions/9ed6d423-774d-4ac4-90f1-5d3621997957--WUSTL_HPRC_HiFi_Y5/HG00355/PacBio_HiFi/m84081_240523_060048_s2.hifi_reads.bc2030.bam",
      "dst_key": "working/HPRC/HG00355/raw_data/PacBio_HiFi/m84081_240523_060048_s2.hifi_reads.bc2030.bam"
    },
    {
      "src_key": "submissions/9ed6d423-774d-4ac4-90f1-5d3621997957--WUSTL_HPRC_HiFi_Y5/NA19079/PacBio_HiFi/m84081_240405_212207_s2.hifi_reads.bc2080.bam",
      "dst_key": "working/HPRC/NA19079/raw_data/PacBio_HiFi/m84081_240405_212207_s2.hifi_reads.bc2080.bam"
    },
    {
      "src_key": "submissions/9ed6d423-774d-4ac4-90f1-5d3621997957--WUSTL_HPRC_HiFi_Y5/HG00119/PacBio_HiFi/m84081_231214_200130_s1.hifi_reads.bc2005.bam",
      "dst_key": "working/HPRC/HG00119/raw_data/PacBio_HiFi/m84081_231214_200130_s1.hifi_reads.bc2005.bam"
    },
    {
      "src_key": "submissions/9ed6d423-774d-4ac4-90f1-5d3621997957--WUSTL_HPRC_HiFi_Y5/HG03126/PacBio_HiFi/m84081_240405_192241_s1.hifi_reads.bc2054.bam",
      "dst_key": "working/HPRC/HG03126/raw_data/PacBio_HiFi/m84081_240405_192241_s1.hifi_reads.bc2054.bam"
    },
    {
      "src_key": "submissions/9ed6d423-774d-4ac4-90f1-5d3621997957--WUSTL_HPRC_HiFi_Y5/NA20412/PacBio_HiFi/m84081_240628_013747_s4.hifi_reads.bc2055.bam",
      "dst_key": "working/HPRC/NA20412/raw_data/PacBio_HiFi/m84081_240628_013747_s4.hifi_reads.bc2055.bam"
    },
    {
      "src_key": "submissions/9ed6d423-774d-4ac4-90f1-5d3621997957--WUSTL_HPRC_HiFi_Y5/NA19031/PacBio_HiFi/m84081_240221_043919_s1.hifi_reads.bc2046.bam",
      "dst_key": "working/HPRC/NA19031/raw_data/PacBio_HiFi/m84081_240221_043919_s1.hifi_reads.bc2046.bam"
    },
    {
      "src_key": "submissions/9ed6d423-774d-4ac4-90f1-5d3621997957--WUSTL_HPRC_HiFi_Y5/NA18606/PacBio_HiFi/m84081_240103_204645_s2.hifi_reads.bc2018.bam",
      "dst_key": "working/HPRC/NA18606/raw_data/PacBio_HiFi/m84081_240103_204645_s2.hifi_reads.bc2018.bam"
    },
    {
      "src_key": "submissions/9ed6d423-774d-4ac4-90f1-5d3621997957--WUSTL_HPRC_HiFi_Y5/NA18636/PacBio_HiFi/m84081_240202_215535_s2.hifi_reads.bc2034.bam",
      "dst_key": "working/HPRC/NA18636/raw_data/PacBio_HiFi/m84081_240202_215535_s2.hifi_reads.bc2034.bam"
    },
    {
      "src_key": "submissions/9ed6d423-774d-4ac4-90f1-5d3621997957--WUSTL_HPRC_HiFi_Y5/HG00234/PacBio_HiFi/m84081_240515_055714_s3.hifi_reads.bc2021.bam",
      "dst_key": "working/HPRC/HG00234/raw_data/PacBio_HiFi/m84081_240515_055714_s3.hifi_reads.bc2021.bam"
    },
    {
      "src_key": "submissions/9ed6d423-774d-4ac4-90f1-5d3621997957--WUSTL_HPRC_HiFi_Y5/HG02676/PacBio_HiFi/m84081_240204_054815_s1.hifi_reads.bc2041.bam",
      "dst_key": "working/HPRC/HG02676/raw_data/PacBio_HiFi/m84081_240204_054815_s1.hifi_reads.bc2041.bam"
    },
    {
      "src_key": "submissions/9ed6d423-774d-4ac4-90f1-5d3621997957--WUSTL_HPRC_HiFi_Y5/HG03788/PacBio_HiFi/m84081_231221_001739_s2.hifi_reads.bc2007.bam",
      "dst_key": "working/HPRC/HG03788/raw_data/PacBio_HiFi/m84081_231221_001739_s2.hifi_reads.bc2007.bam"
    },
    {
      "src_key": "submissions/9ed6d423-774d-4ac4-90f1-5d3621997957--WUSTL_HPRC_HiFi_Y5/NA19079/PacBio_HiFi/m84081_240405_192241_s1.hifi_reads.bc2080.bam",
      "dst_key": "working/HPRC/NA19079/raw_data/PacBio_HiFi/m84081_240405_192241_s1.hifi_reads.bc2080.bam"
    },
    {
      "src_key": "submissions/9ed6d423-774d-4ac4-90f1-5d3621997957--WUSTL_HPRC_HiFi_Y5/HG00355/PacBio_HiFi/m84081_240523_080029_s3.hifi_reads.bc2030.bam",
      "dst_key": "working/HPRC/HG00355/raw_data/PacBio_HiFi/m84081_240523_080029_s3.hifi_reads.bc2030.bam"
    },
    {
      "src_key": "submissions/9ed6d423-774d-4ac4-90f1-5d3621997957--WUSTL_HPRC_HiFi_Y5/NA19307/PacBio_HiFi/m84081_240221_083804_s3.hifi_reads.bc2047.bam",
      "dst_key": "working/HPRC/NA19307/raw_data/PacBio_HiFi/m84081_240221_083804_s3.hifi_reads.bc2047.bam"
    },
    {
      "src_key": "submissions/9ed6d423-774d-4ac4-90f1-5d3621997957--WUSTL_HPRC_HiFi_Y5/HG01522/PacBio_HiFi/m84081_240608_051713_s1.hifi_reads.bc2051.bam",
      "dst_key": "working/HPRC/HG01522/raw_data/PacBio_HiFi/m84081_240608_051713_s1.hifi_reads.bc2051.bam"
    },
    {
      "src_key": "submissions/9ed6d423-774d-4ac4-90f1-5d3621997957--WUSTL_HPRC_HiFi_Y5/NA18942/PacBio_HiFi/m84081_240603_221009_s3.hifi_reads.bc2027.bam",
      "dst_key": "working/HPRC/NA18942/raw_data/PacBio_HiFi/m84081_240603_221009_s3.hifi_reads.bc2027.bam"
    },
    {
      "src_key": "submissions/9ed6d423-774d-4ac4-90f1-5d3621997957--WUSTL_HPRC_HiFi_Y5/NA19031/PacBio_HiFi/m84081_240221_083804_s3.hifi_reads.bc2046.bam",
      "dst_key": "working/HPRC/NA19031/raw_data/PacBio_HiFi/m84081_240221_083804_s3.hifi_reads.bc2046.bam"
    },
    {
      "src_key": "submissions/9ed6d423-774d-4ac4-90f1-5d3621997957--WUSTL_HPRC_HiFi_Y5/HG03052/PacBio_HiFi/m84081_240317_050803_s1.hifi_reads.bc2050.bam",
      "dst_key": "working/HPRC/HG03052/raw_data/PacBio_HiFi/m84081_240317_050803_s1.hifi_reads.bc2050.bam"
    },
    {
      "src_key": "submissions/9ed6d423-774d-4ac4-90f1-5d3621997957--WUSTL_HPRC_HiFi_Y5/HG03898/PacBio_HiFi/m84081_240526_091719_s1.hifi_reads.bc2026.bam",
      "dst_key": "working/HPRC/HG03898/raw_data/PacBio_HiFi/m84081_240526_091719_s1.hifi_reads.bc2026.bam"
    },
    {
      "src_key": "submissions/9ed6d423-774d-4ac4-90f1-5d3621997957--WUSTL_HPRC_HiFi_Y5/HG02140/PacBio_HiFi/m84081_240524_172659_s2.hifi_reads.bc2025.bam",
      "dst_key": "working/HPRC/HG02140/raw_data/PacBio_HiFi/m84081_240524_172659_s2.hifi_reads.bc2025.bam"
    },
    {
      "src_key": "submissions/9ed6d423-774d-4ac4-90f1-5d3621997957--WUSTL_HPRC_HiFi_Y5/HG03126/PacBio_HiFi/m84081_240412_214139_s2.hifi_reads.bc2054.bam",
      "dst_key": "working/HPRC/HG03126/raw_data/PacBio_HiFi/m84081_240412_214139_s2.hifi_reads.bc2054.bam"
    },
    {
      "src_key": "submissions/9ed6d423-774d-4ac4-90f1-5d3621997957--WUSTL_HPRC_HiFi_Y5/NA18636/PacBio_HiFi/m84081_240202_195615_s1.hifi_reads.bc2034.bam",
      "dst_key": "working/HPRC/NA18636/raw_data/PacBio_HiFi/m84081_240202_195615_s1.hifi_reads.bc2034.bam"
    },
    {
      "src_key": "submissions/9ed6d423-774d-4ac4-90f1-5d3621997957--WUSTL_HPRC_HiFi_Y5/HG00236/PacBio_HiFi/m84081_240521_200850_s2.hifi_reads.bc2007.bam",
      "dst_key": "working/HPRC/HG00236/raw_data/PacBio_HiFi/m84081_240521_200850_s2.hifi_reads.bc2007.bam"
    },
    {
      "src_key": "submissions/9ed6d423-774d-4ac4-90f1-5d3621997957--WUSTL_HPRC_HiFi_Y5/NA18523/PacBio_HiFi/m84081_231221_022030_s3.hifi_reads.bc2017.bam",
      "dst_key": "working/HPRC/NA18523/raw_data/PacBio_HiFi/m84081_231221_022030_s3.hifi_reads.bc2017.bam"
    },
    {
      "src_key": "submissions/9ed6d423-774d-4ac4-90f1-5d3621997957--WUSTL_HPRC_HiFi_Y5/NA19055/PacBio_HiFi/m84081_240204_094707_s3.hifi_reads.bc2042.bam",
      "dst_key": "working/HPRC/NA19055/raw_data/PacBio_HiFi/m84081_240204_094707_s3.hifi_reads.bc2042.bam"
    },
    {
      "src_key": "submissions/9ed6d423-774d-4ac4-90f1-5d3621997957--WUSTL_HPRC_HiFi_Y5/HG03788/PacBio_HiFi/m84081_240103_224605_s3.hifi_reads.bc2007.bam",
      "dst_key": "working/HPRC/HG03788/raw_data/PacBio_HiFi/m84081_240103_224605_s3.hifi_reads.bc2007.bam"
    },
    {
      "src_key": "submissions/9ed6d423-774d-4ac4-90f1-5d3621997957--WUSTL_HPRC_HiFi_Y5/NA18995/PacBio_HiFi/m84081_240518_000528_s1.hifi_reads.bc2020.bam",
      "dst_key": "working/HPRC/NA18995/raw_data/PacBio_HiFi/m84081_240518_000528_s1.hifi_reads.bc2020.bam"
    },
    {
      "src_key": "submissions/9ed6d423-774d-4ac4-90f1-5d3621997957--WUSTL_HPRC_HiFi_Y5/HG03126/PacBio_HiFi/m84081_240405_232145_s3.hifi_reads.bc2054.bam",
      "dst_key": "working/HPRC/HG03126/raw_data/PacBio_HiFi/m84081_240405_232145_s3.hifi_reads.bc2054.bam"
    },
    {
      "src_key": "submissions/9ed6d423-774d-4ac4-90f1-5d3621997957--WUSTL_HPRC_HiFi_Y5/HG03788/PacBio_HiFi/m84081_231221_022030_s3.hifi_reads.bc2007.bam",
      "dst_key": "working/HPRC/HG03788/raw_data/PacBio_HiFi/m84081_231221_022030_s3.hifi_reads.bc2007.bam"
    },
    {
      "src_key": "submissions/9ed6d423-774d-4ac4-90f1-5d3621997957--WUSTL_HPRC_HiFi_Y5/NA19307/PacBio_HiFi/m84081_240221_043919_s1.hifi_reads.bc2047.bam",
      "dst_key": "working/HPRC/NA19307/raw_data/PacBio_HiFi/m84081_240221_043919_s1.hifi_reads.bc2047.bam"
    },
    {
      "src_key": "submissions/9ed6d423-774d-4ac4-90f1-5d3621997957--WUSTL_HPRC_HiFi_Y5/HG03567/PacBio_HiFi/m84081_240515_075653_s4.hifi_reads.bc2022.bam",
      "dst_key": "working/HPRC/HG03567/raw_data/PacBio_HiFi/m84081_240515_075653_s4.hifi_reads.bc2022.bam"
    },
    {
      "src_key": "submissions/9ed6d423-774d-4ac4-90f1-5d3621997957--WUSTL_HPRC_HiFi_Y5/NA19055/PacBio_HiFi/m84081_240204_114736_s4.hifi_reads.bc2042.bam",
      "dst_key": "working/HPRC/NA19055/raw_data/PacBio_HiFi/m84081_240204_114736_s4.hifi_reads.bc2042.bam"
    },
    {
      "src_key": "submissions/9ed6d423-774d-4ac4-90f1-5d3621997957--WUSTL_HPRC_HiFi_Y5/HG03567/PacBio_HiFi/m84081_240515_095620_s1.hifi_reads.bc2022.bam",
      "dst_key": "working/HPRC/HG03567/raw_data/PacBio_HiFi/m84081_240515_095620_s1.hifi_reads.bc2022.bam"
    },
    {
      "src_key": "submissions/9ed6d423-774d-4ac4-90f1-5d3621997957--WUSTL_HPRC_HiFi_Y5/NA18942/PacBio_HiFi/m84081_240604_000922_s4.hifi_reads.bc2027.bam",
      "dst_key": "working/HPRC/NA18942/raw_data/PacBio_HiFi/m84081_240604_000922_s4.hifi_reads.bc2027.bam"
    },
    {
      "src_key": "submissions/9ed6d423-774d-4ac4-90f1-5d3621997957--WUSTL_HPRC_HiFi_Y5/NA19395/PacBio_HiFi/m84081_240427_120740_s4.hifi_reads.bc2088.bam",
      "dst_key": "working/HPRC/NA19395/raw_data/PacBio_HiFi/m84081_240427_120740_s4.hifi_reads.bc2088.bam"
    },
    {
      "src_key": "submissions/9ed6d423-774d-4ac4-90f1-5d3621997957--WUSTL_HPRC_HiFi_Y5/NA19031/PacBio_HiFi/m84081_240221_103730_s4.hifi_reads.bc2046.bam",
      "dst_key": "working/HPRC/NA19031/raw_data/PacBio_HiFi/m84081_240221_103730_s4.hifi_reads.bc2046.bam"
    },
    {
      "src_key": "submissions/9ed6d423-774d-4ac4-90f1-5d3621997957--WUSTL_HPRC_HiFi_Y5/NA18523/PacBio_HiFi/m84081_231221_001739_s2.hifi_reads.bc2017.bam",
      "dst_key": "working/HPRC/NA18523/raw_data/PacBio_HiFi/m84081_231221_001739_s2.hifi_reads.bc2017.bam"
    },
    {
      "src_key": "submissions/9ed6d423-774d-4ac4-90f1-5d3621997957--WUSTL_HPRC_HiFi_Y5/HG02140/PacBio_HiFi/m84081_240524_192615_s3.hifi_reads.bc2025.bam",
      "dst_key": "working/HPRC/HG02140/raw_data/PacBio_HiFi/m84081_240524_192615_s3.hifi_reads.bc2025.bam"
    },
    {
      "src_key": "submissions/9ed6d423-774d-4ac4-90f1-5d3621997957--WUSTL_HPRC_HiFi_Y5/NA18606/PacBio_HiFi/m84081_240103_184725_s1.hifi_reads.bc2018.bam",
      "dst_key": "working/HPRC/NA18606/raw_data/PacBio_HiFi/m84081_240103_184725_s1.hifi_reads.bc2018.bam"
    },
    {
      "src_key": "submissions/9ed6d423-774d-4ac4-90f1-5d3621997957--WUSTL_HPRC_HiFi_Y5/HG01610/PacBio_HiFi/m84081_231215_000011_s3.hifi_reads.bc2006.bam",
      "dst_key": "working/HPRC/HG01610/raw_data/PacBio_HiFi/m84081_231215_000011_s3.hifi_reads.bc2006.bam"
    },
    {
      "src_key": "submissions/9ed6d423-774d-4ac4-90f1-5d3621997957--WUSTL_HPRC_HiFi_Y5/NA19679/PacBio_HiFi/m84081_240705_122201_s4.hifi_reads.bc2034.bam",
      "dst_key": "working/HPRC/NA19679/raw_data/PacBio_HiFi/m84081_240705_122201_s4.hifi_reads.bc2034.bam"
    },
    {
      "src_key": "submissions/9ed6d423-774d-4ac4-90f1-5d3621997957--WUSTL_HPRC_HiFi_Y5/HG03126/PacBio_HiFi/m84081_240412_234102_s3.hifi_reads.bc2054.bam",
      "dst_key": "working/HPRC/HG03126/raw_data/PacBio_HiFi/m84081_240412_234102_s3.hifi_reads.bc2054.bam"
    },
    {
      "src_key": "submissions/9ed6d423-774d-4ac4-90f1-5d3621997957--WUSTL_HPRC_HiFi_Y5/HG03126/PacBio_HiFi/m84081_240317_070745_s2.hifi_reads.bc2054.bam",
      "dst_key": "working/HPRC/HG03126/raw_data/PacBio_HiFi/m84081_240317_070745_s2.hifi_reads.bc2054.bam"
    },
    {
      "src_key": "submissions/9ed6d423-774d-4ac4-90f1-5d3621997957--WUSTL_HPRC_HiFi_Y5/HG02642/PacBio_HiFi/m84081_240405_232145_s3.hifi_reads.bc2081.bam",
      "dst_key": "working/HPRC/HG02642/raw_data/PacBio_HiFi/m84081_240405_232145_s3.hifi_reads.bc2081.bam"
    },
    {
      "src_key": "submissions/9ed6d423-774d-4ac4-90f1-5d3621997957--WUSTL_HPRC_HiFi_Y5/NA20796/PacBio_HiFi/m84081_240322_013717_s4.hifi_reads.bc2074.bam",
      "dst_key": "working/HPRC/NA20796/raw_data/PacBio_HiFi/m84081_240322_013717_s4.hifi_reads.bc2074.bam"
    },
    {
      "src_key": "submissions/9ed6d423-774d-4ac4-90f1-5d3621997957--WUSTL_HPRC_HiFi_Y5/NA18995/PacBio_HiFi/m84081_240517_220613_s4.hifi_reads.bc2020.bam",
      "dst_key": "working/HPRC/NA18995/raw_data/PacBio_HiFi/m84081_240517_220613_s4.hifi_reads.bc2020.bam"
    },
    {
      "src_key": "submissions/9ed6d423-774d-4ac4-90f1-5d3621997957--WUSTL_HPRC_HiFi_Y5/NA19307/PacBio_HiFi/m84081_240219_224606_s3.hifi_reads.bc2047.bam",
      "dst_key": "working/HPRC/NA19307/raw_data/PacBio_HiFi/m84081_240219_224606_s3.hifi_reads.bc2047.bam"
    },
    {
      "src_key": "submissions/9ed6d423-774d-4ac4-90f1-5d3621997957--WUSTL_HPRC_HiFi_Y5/NA19063/PacBio_HiFi/m84081_240514_000351_s1.hifi_reads.bc2039.bam",
      "dst_key": "working/HPRC/NA19063/raw_data/PacBio_HiFi/m84081_240514_000351_s1.hifi_reads.bc2039.bam"
    },
    {
      "src_key": "submissions/9ed6d423-774d-4ac4-90f1-5d3621997957--WUSTL_HPRC_HiFi_Y5/HG03733/PacBio_HiFi/m84081_240308_200044_s1.hifi_reads.bc2059.bam",
      "dst_key": "working/HPRC/HG03733/raw_data/PacBio_HiFi/m84081_240308_200044_s1.hifi_reads.bc2059.bam"
    },
    {
      "src_key": "submissions/9ed6d423-774d-4ac4-90f1-5d3621997957--WUSTL_HPRC_HiFi_Y5/HG03460/PacBio_HiFi/m84081_240202_235451_s3.hifi_reads.bc2019.bam",
      "dst_key": "working/HPRC/HG03460/raw_data/PacBio_HiFi/m84081_240202_235451_s3.hifi_reads.bc2019.bam"
    },
    {
      "src_key": "submissions/9ed6d423-774d-4ac4-90f1-5d3621997957--WUSTL_HPRC_HiFi_Y5/HG03126/PacBio_HiFi/m84081_240317_050803_s1.hifi_reads.bc2054.bam",
      "dst_key": "working/HPRC/HG03126/raw_data/PacBio_HiFi/m84081_240317_050803_s1.hifi_reads.bc2054.bam"
    },
    {
      "src_key": "submissions/9ed6d423-774d-4ac4-90f1-5d3621997957--WUSTL_HPRC_HiFi_Y5/HG03882/PacBio_HiFi/m84081_240526_051820_s3.hifi_reads.bc2024.bam",
      "dst_key": "working/HPRC/HG03882/raw_data/PacBio_HiFi/m84081_240526_051820_s3.hifi_reads.bc2024.bam"
    },
    {
      "src_key": "submissions/9ed6d423-774d-4ac4-90f1-5d3621997957--WUSTL_HPRC_HiFi_Y5/NA19307/PacBio_HiFi/m84081_240221_063842_s2.hifi_reads.bc2047.bam",
      "dst_key": "working/HPRC/NA19307/raw_data/PacBio_HiFi/m84081_240221_063842_s2.hifi_reads.bc2047.bam"
    },
    {
      "src_key": "submissions/9ed6d423-774d-4ac4-90f1-5d3621997957--WUSTL_HPRC_HiFi_Y5/NA19063/PacBio_HiFi/m84081_240513_220420_s4.hifi_reads.bc2039.bam",
      "dst_key": "working/HPRC/NA19063/raw_data/PacBio_HiFi/m84081_240513_220420_s4.hifi_reads.bc2039.bam"
    },
    {
      "src_key": "submissions/9ed6d423-774d-4ac4-90f1-5d3621997957--WUSTL_HPRC_HiFi_Y5/HG01136/PacBio_HiFi/m84081_240412_234102_s3.hifi_reads.bc2073.bam",
      "dst_key": "working/HPRC/HG01136/raw_data/PacBio_HiFi/m84081_240412_234102_s3.hifi_reads.bc2073.bam"
    },
    {
      "src_key": "submissions/9ed6d423-774d-4ac4-90f1-5d3621997957--WUSTL_HPRC_HiFi_Y5/NA19395/PacBio_HiFi/m84081_240427_100714_s3.hifi_reads.bc2088.bam",
      "dst_key": "working/HPRC/NA19395/raw_data/PacBio_HiFi/m84081_240427_100714_s3.hifi_reads.bc2088.bam"
    },
    {
      "src_key": "submissions/9ed6d423-774d-4ac4-90f1-5d3621997957--WUSTL_HPRC_HiFi_Y5/NA18523/PacBio_HiFi/m84081_231221_041957_s4.hifi_reads.bc2017.bam",
      "dst_key": "working/HPRC/NA18523/raw_data/PacBio_HiFi/m84081_231221_041957_s4.hifi_reads.bc2017.bam"
    },
    {
      "src_key": "submissions/9ed6d423-774d-4ac4-90f1-5d3621997957--WUSTL_HPRC_HiFi_Y5/HG01610/PacBio_HiFi/m84081_231215_015931_s4.hifi_reads.bc2006.bam",
      "dst_key": "working/HPRC/HG01610/raw_data/PacBio_HiFi/m84081_231215_015931_s4.hifi_reads.bc2006.bam"
    },
    {
      "src_key": "submissions/9ed6d423-774d-4ac4-90f1-5d3621997957--WUSTL_HPRC_HiFi_Y5/HG02337/PacBio_HiFi/m84081_240421_104442_s4.hifi_reads.bc2053.bam",
      "dst_key": "working/HPRC/HG02337/raw_data/PacBio_HiFi/m84081_240421_104442_s4.hifi_reads.bc2053.bam"
    },
    {
      "src_key": "submissions/9ed6d423-774d-4ac4-90f1-5d3621997957--WUSTL_HPRC_HiFi_Y5/HG03126/PacBio_HiFi/m84081_240405_212207_s2.hifi_reads.bc2054.bam",
      "dst_key": "working/HPRC/HG03126/raw_data/PacBio_HiFi/m84081_240405_212207_s2.hifi_reads.bc2054.bam"
    },
    {
      "src_key": "submissions/9ed6d423-774d-4ac4-90f1-5d3621997957--WUSTL_HPRC_HiFi_Y5/NA19307/PacBio_HiFi/m84081_240220_004532_s4.hifi_reads.bc2047.bam",
      "dst_key": "working/HPRC/NA19307/raw_data/PacBio_HiFi/m84081_240220_004532_s4.hifi_reads.bc2047.bam"
    },
    {
      "src_key": "submissions/9ed6d423-774d-4ac4-90f1-5d3621997957--WUSTL_HPRC_HiFi_Y5/NA20796/PacBio_HiFi/m84081_240413_014016_s4.hifi_reads.bc2074.bam",
      "dst_key": "working/HPRC/NA20796/raw_data/PacBio_HiFi/m84081_240413_014016_s4.hifi_reads.bc2074.bam"
    },
    {
      "src_key": "submissions/9ed6d423-774d-4ac4-90f1-5d3621997957--WUSTL_HPRC_HiFi_Y5/NA19307/PacBio_HiFi/m84081_240221_103730_s4.hifi_reads.bc2047.bam",
      "dst_key": "working/HPRC/NA19307/raw_data/PacBio_HiFi/m84081_240221_103730_s4.hifi_reads.bc2047.bam"
    },
    {
      "src_key": "submissions/9ed6d423-774d-4ac4-90f1-5d3621997957--WUSTL_HPRC_HiFi_Y5/HG01522/PacBio_HiFi/m84081_240606_232403_s3.hifi_reads.bc2051.bam",
      "dst_key": "working/HPRC/HG01522/raw_data/PacBio_HiFi/m84081_240606_232403_s3.hifi_reads.bc2051.bam"
    },
    {
      "src_key": "submissions/9ed6d423-774d-4ac4-90f1-5d3621997957--WUSTL_HPRC_HiFi_Y5/HG00234/PacBio_HiFi/m84081_240515_035745_s2.hifi_reads.bc2021.bam",
      "dst_key": "working/HPRC/HG00234/raw_data/PacBio_HiFi/m84081_240515_035745_s2.hifi_reads.bc2021.bam"
    },
    {
      "src_key": "submissions/9ed6d423-774d-4ac4-90f1-5d3621997957--WUSTL_HPRC_HiFi_Y5/HG03733/PacBio_HiFi/m84081_240308_220007_s2.hifi_reads.bc2059.bam",
      "dst_key": "working/HPRC/HG03733/raw_data/PacBio_HiFi/m84081_240308_220007_s2.hifi_reads.bc2059.bam"
    },
    {
      "src_key": "submissions/9ed6d423-774d-4ac4-90f1-5d3621997957--WUSTL_HPRC_HiFi_Y5/HG01136/PacBio_HiFi/m84081_240412_214139_s2.hifi_reads.bc2073.bam",
      "dst_key": "working/HPRC/HG01136/raw_data/PacBio_HiFi/m84081_240412_214139_s2.hifi_reads.bc2073.bam"
    },
    {
      "src_key": "submissions/9ed6d423-774d-4ac4-90f1-5d3621997957--WUSTL_HPRC_HiFi_Y5/HG03898/PacBio_HiFi/m84081_240526_071750_s4.hifi_reads.bc2026.bam",
      "dst_key": "working/HPRC/HG03898/raw_data/PacBio_HiFi/m84081_240526_071750_s4.hifi_reads.bc2026.bam"
    },
    {
      "src_key": "submissions/9ed6d423-774d-4ac4-90f1-5d3621997957--WUSTL_HPRC_HiFi_Y5/HG03788/PacBio_HiFi/m84081_231221_041957_s4.hifi_reads.bc2007.bam",
      "dst_key": "working/HPRC/HG03788/raw_data/PacBio_HiFi/m84081_231221_041957_s4.hifi_reads.bc2007.bam"
    },
    {
      "src_key": "submissions/9ed6d423-774d-4ac4-90f1-5d3621997957--WUSTL_HPRC_HiFi_Y5/NA19031/PacBio_HiFi/m84081_240221_063842_s2.hifi_reads.bc2046.bam",
      "dst_key": "working/HPRC/NA19031/raw_data/PacBio_HiFi/m84081_240221_063842_s2.hifi_reads.bc2046.bam"
    },
    {
      "src_key": "submissions/9ed6d423-774d-4ac4-90f1-5d3621997957--WUSTL_HPRC_HiFi_Y5/HG02642/PacBio_HiFi/m84081_240406_012110_s4.hifi_reads.bc2081.bam",
      "dst_key": "working/HPRC/HG02642/raw_data/PacBio_HiFi/m84081_240406_012110_s4.hifi_reads.bc2081.bam"
    },
    {
      "src_key": "submissions/9ed6d423-774d-4ac4-90f1-5d3621997957--WUSTL_HPRC_HiFi_Y5/NA19679/PacBio_HiFi/m84081_240621_204500_s2.hifi_reads.bc2034.bam",
      "dst_key": "working/HPRC/NA19679/raw_data/PacBio_HiFi/m84081_240621_204500_s2.hifi_reads.bc2034.bam"
    },
    {
      "src_key": "submissions/9ed6d423-774d-4ac4-90f1-5d3621997957--WUSTL_HPRC_HiFi_Y5/NA19031/PacBio_HiFi/m84081_240220_004532_s4.hifi_reads.bc2046.bam",
      "dst_key": "working/HPRC/NA19031/raw_data/PacBio_HiFi/m84081_240220_004532_s4.hifi_reads.bc2046.bam"
    },
    {
      "src_key": "submissions/9ed6d423-774d-4ac4-90f1-5d3621997957--WUSTL_HPRC_HiFi_Y5/NA20412/PacBio_HiFi/m84081_240629_053147_s1.hifi_reads.bc2055.bam",
      "dst_key": "working/HPRC/NA20412/raw_data/PacBio_HiFi/m84081_240629_053147_s1.hifi_reads.bc2055.bam"
    },
    {
      "src_key": "submissions/9ed6d423-774d-4ac4-90f1-5d3621997957--WUSTL_HPRC_HiFi_Y5/NA19031/PacBio_HiFi/m84081_240219_224606_s3.hifi_reads.bc2046.bam",
      "dst_key": "working/HPRC/NA19031/raw_data/PacBio_HiFi/m84081_240219_224606_s3.hifi_reads.bc2046.bam"
    },
    {
      "src_key": "submissions/9ed6d423-774d-4ac4-90f1-5d3621997957--WUSTL_HPRC_HiFi_Y5/HG00120/PacBio_HiFi/m84081_240512_105012_s1.hifi_reads.bc2006.bam",
      "dst_key": "working/HPRC/HG00120/raw_data/PacBio_HiFi/m84081_240512_105012_s1.hifi_reads.bc2006.bam"
    },
    {
      "src_key": "submissions/9ed6d423-774d-4ac4-90f1-5d3621997957--WUSTL_HPRC_HiFi_Y5/HG02676/PacBio_HiFi/m84081_240204_074737_s2.hifi_reads.bc2041.bam",
      "dst_key": "working/HPRC/HG02676/raw_data/PacBio_HiFi/m84081_240204_074737_s2.hifi_reads.bc2041.bam"
    },
    {
      "src_key": "submissions/9ed6d423-774d-4ac4-90f1-5d3621997957--WUSTL_HPRC_HiFi_Y5/HG03126/PacBio_HiFi/m84081_240406_012110_s4.hifi_reads.bc2054.bam",
      "dst_key": "working/HPRC/HG03126/raw_data/PacBio_HiFi/m84081_240406_012110_s4.hifi_reads.bc2054.bam"
    },
    {
      "src_key": "submissions/9ed6d423-774d-4ac4-90f1-5d3621997957--WUSTL_HPRC_HiFi_Y5/NA19031/PacBio_HiFi/m84081_240219_204639_s2.hifi_reads.bc2046.bam",
      "dst_key": "working/HPRC/NA19031/raw_data/PacBio_HiFi/m84081_240219_204639_s2.hifi_reads.bc2046.bam"
    },
    {
      "src_key": "submissions/9ed6d423-774d-4ac4-90f1-5d3621997957--WUSTL_HPRC_HiFi_Y5/HG03788/PacBio_HiFi/m84081_240209_193042_s1.hifi_reads.bc2007.bam",
      "dst_key": "working/HPRC/HG03788/raw_data/PacBio_HiFi/m84081_240209_193042_s1.hifi_reads.bc2007.bam"
    },
    {
      "src_key": "submissions/9ed6d423-774d-4ac4-90f1-5d3621997957--WUSTL_HPRC_HiFi_Y5/NA18538/PacBio_HiFi/m84081_240209_193042_s1.hifi_reads.bc2020.bam",
      "dst_key": "working/HPRC/NA18538/raw_data/PacBio_HiFi/m84081_240209_193042_s1.hifi_reads.bc2020.bam"
    }
  ],
  "start_timestamp": "2026-01-26T172948.439096Z",
  "end_timestamp": "2026-01-26T215442.792699Z"
}
