Executing: aws s3 cp s3://human-pangenomics/submissions/92fa20c5-5bdb-41ca-bd79-e6ccead281b3--UW_HPRC_Y5_Kinnex/HPRC_Pool004.KN/Read_Segmentation_and_IsoSeq_m84046_240727_105921_s1/flnc-7.bam s3://human-pangenomics/working/HPRC/HG00119/raw_data/PacBio_Kinnex/HG00119.lymph.m84046_240727_105921_s1.flnc.bam
copy: s3://human-pangenomics/submissions/92fa20c5-5bdb-41ca-bd79-e6ccead281b3--UW_HPRC_Y5_Kinnex/HPRC_Pool004.KN/Read_Segmentation_and_IsoSeq_m84046_240727_105921_s1/flnc-7.bam s3://human-pangenomics/working/HPRC/HG00119/raw_data/PacBio_Kinnex/HG00119.lymph.m84046_240727_105921_s1.flnc.bam
Exit code: 0
----------------------------------------
Executing: aws s3 cp s3://human-pangenomics/submissions/92fa20c5-5bdb-41ca-bd79-e6ccead281b3--UW_HPRC_Y5_Kinnex/HPRC_Pool004.KN/Read_Segmentation_and_IsoSeq_m84046_240727_125908_s2/flnc-7.bam s3://human-pangenomics/working/HPRC/HG00119/raw_data/PacBio_Kinnex/HG00119.lymph.m84046_240727_125908_s2.flnc.bam
copy: s3://human-pangenomics/submissions/92fa20c5-5bdb-41ca-bd79-e6ccead281b3--UW_HPRC_Y5_Kinnex/HPRC_Pool004.KN/Read_Segmentation_and_IsoSeq_m84046_240727_125908_s2/flnc-7.bam to s3://human-pangenomics/working/HPRC/HG00119/raw_data/PacBio_Kinnex/HG00119.lymph.m84046_240727_125908_s2.flnc.bam
Exit code: 0
----------------------------------------
Executing: aws s3 cp s3://human-pangenomics/submissions/92fa20c5-5bdb-41ca-bd79-e6ccead281b3--UW_HPRC_Y5_Kinnex/HPRC_Pool001.KN/Read_Segmentation_and_IsoSeq_m84046_240713_051553_s2/flnc-1.bam s3://human-pangenomics/working/HPRC/HG00423/raw_data/PacBio_Kinnex/HG00423.lymph.m84046_240713_051553_s2.flnc.bam
copy: s3://human-pangenomics/submissions/92fa20c5-5bdb-41ca-bd79-e6ccead281b3--UW_HPRC_Y5_Kinnex/HPRC_Pool001.KN/Read_Segmentation_and_IsoSeq_m84046_240713_051553_s2/flnc-1.bam to s3://human-pangenomics/working/HPRC/HG00423/raw_data/PacBio_Kinnex/HG00423.lymph.m84046_240713_051553_s2.flnc.bam
Exit code: 0
----------------------------------------
Executing: aws s3 cp s3://human-pangenomics/submissions/92fa20c5-5bdb-41ca-bd79-e6ccead281b3--UW_HPRC_Y5_Kinnex/HPRC_Pool001.KN/Read_Segmentation_and_IsoSeq_m84046_240722_012946_s4/flnc-1.bam s3://human-pangenomics/working/HPRC/HG00423/raw_data/PacBio_Kinnex/HG00423.lymph.m84046_240722_012946_s4.flnc.bam
copy: s3://human-pangenomics/submissions/92fa20c5-5bdb-41ca-bd79-e6ccead281b3--UW_HPRC_Y5_Kinnex/HPRC_Pool001.KN/Read_Segmentation_and_IsoSeq_m84046_240722_012946_s4/flnc-1.bam to s3://human-pangenomics/working/HPRC/HG00423/raw_data/PacBio_Kinnex/HG00423.lymph.m84046_240722_012946_s4.flnc.bam
Exit code: 0
----------------------------------------
Executing: aws s3 cp s3://human-pangenomics/submissions/92fa20c5-5bdb-41ca-bd79-e6ccead281b3--UW_HPRC_Y5_Kinnex/HPRC_Pool003.KN/Read_Segmentation_and_IsoSeq_m84046_240713_091428_s4/flnc-2.bam s3://human-pangenomics/working/HPRC/HG00438/raw_data/PacBio_Kinnex/HG00438.lymph.m84046_240713_091428_s4.flnc.bam
copy: s3://human-pangenomics/submissions/92fa20c5-5bdb-41ca-bd79-e6ccead281b3--UW_HPRC_Y5_Kinnex/HPRC_Pool003.KN/Read_Segmentation_and_IsoSeq_m84046_240713_091428_s4/flnc-2.bam to s3://human-pangenomics/working/HPRC/HG00438/raw_data/PacBio_Kinnex/HG00438.lymph.m84046_240713_091428_s4.flnc.bam
Exit code: 0
----------------------------------------
Executing: aws s3 cp s3://human-pangenomics/submissions/92fa20c5-5bdb-41ca-bd79-e6ccead281b3--UW_HPRC_Y5_Kinnex/HPRC_Pool003.KN/Read_Segmentation_and_IsoSeq_m84046_240717_125059_s3/flnc-2.bam s3://human-pangenomics/working/HPRC/HG00438/raw_data/PacBio_Kinnex/HG00438.lymph.m84046_240717_125059_s3.flnc.bam
copy: s3://human-pangenomics/submissions/92fa20c5-5bdb-41ca-bd79-e6ccead281b3--UW_HPRC_Y5_Kinnex/HPRC_Pool003.KN/Read_Segmentation_and_IsoSeq_m84046_240717_125059_s3/flnc-2.bam to s3://human-pangenomics/working/HPRC/HG00438/raw_data/PacBio_Kinnex/HG00438.lymph.m84046_240717_125059_s3.flnc.bam
Exit code: 0
----------------------------------------
Executing: aws s3 cp s3://human-pangenomics/submissions/92fa20c5-5bdb-41ca-bd79-e6ccead281b3--UW_HPRC_Y5_Kinnex/HPRC_Pool003.KN/Read_Segmentation_and_IsoSeq_m84046_240713_091428_s4/flnc-1.bam s3://human-pangenomics/working/HPRC/HG00621/raw_data/PacBio_Kinnex/HG00621.lymph.m84046_240713_091428_s4.flnc.bam
copy: s3://human-pangenomics/submissions/92fa20c5-5bdb-41ca-bd79-e6ccead281b3--UW_HPRC_Y5_Kinnex/HPRC_Pool003.KN/Read_Segmentation_and_IsoSeq_m84046_240713_091428_s4/flnc-1.bam to s3://human-pangenomics/working/HPRC/HG00621/raw_data/PacBio_Kinnex/HG00621.lymph.m84046_240713_091428_s4.flnc.bam
Exit code: 0
----------------------------------------
Executing: aws s3 cp s3://human-pangenomics/submissions/92fa20c5-5bdb-41ca-bd79-e6ccead281b3--UW_HPRC_Y5_Kinnex/HPRC_Pool003.KN/Read_Segmentation_and_IsoSeq_m84046_240717_125059_s3/flnc-1.bam s3://human-pangenomics/working/HPRC/HG00621/raw_data/PacBio_Kinnex/HG00621.lymph.m84046_240717_125059_s3.flnc.bam
copy: s3://human-pangenomics/submissions/92fa20c5-5bdb-41ca-bd79-e6ccead281b3--UW_HPRC_Y5_Kinnex/HPRC_Pool003.KN/Read_Segmentation_and_IsoSeq_m84046_240717_125059_s3/flnc-1.bam to s3://human-pangenomics/working/HPRC/HG00621/raw_data/PacBio_Kinnex/HG00621.lymph.m84046_240717_125059_s3.flnc.bam
Exit code: 0
----------------------------------------
Executing: aws s3 cp s3://human-pangenomics/submissions/92fa20c5-5bdb-41ca-bd79-e6ccead281b3--UW_HPRC_Y5_Kinnex/HPRC_Pool001.KN/Read_Segmentation_and_IsoSeq_m84046_240713_051553_s2/flnc-8.bam s3://human-pangenomics/working/HPRC/HG00673/raw_data/PacBio_Kinnex/HG00673.lymph.m84046_240713_051553_s2.flnc.bam
copy: s3://human-pangenomics/submissions/92fa20c5-5bdb-41ca-bd79-e6ccead281b3--UW_HPRC_Y5_Kinnex/HPRC_Pool001.KN/Read_Segmentation_and_IsoSeq_m84046_240713_051553_s2/flnc-8.bam to s3://human-pangenomics/working/HPRC/HG00673/raw_data/PacBio_Kinnex/HG00673.lymph.m84046_240713_051553_s2.flnc.bam
Exit code: 0
----------------------------------------
Executing: aws s3 cp s3://human-pangenomics/submissions/92fa20c5-5bdb-41ca-bd79-e6ccead281b3--UW_HPRC_Y5_Kinnex/HPRC_Pool001.KN/Read_Segmentation_and_IsoSeq_m84046_240722_012946_s4/flnc-8.bam s3://human-pangenomics/working/HPRC/HG00673/raw_data/PacBio_Kinnex/HG00673.lymph.m84046_240722_012946_s4.flnc.bam
copy: s3://human-pangenomics/submissions/92fa20c5-5bdb-41ca-bd79-e6ccead281b3--UW_HPRC_Y5_Kinnex/HPRC_Pool001.KN/Read_Segmentation_and_IsoSeq_m84046_240722_012946_s4/flnc-8.bam to s3://human-pangenomics/working/HPRC/HG00673/raw_data/PacBio_Kinnex/HG00673.lymph.m84046_240722_012946_s4.flnc.bam
Exit code: 0
----------------------------------------
Executing: aws s3 cp s3://human-pangenomics/submissions/92fa20c5-5bdb-41ca-bd79-e6ccead281b3--UW_HPRC_Y5_Kinnex/HPRC_Pool004.KN/Read_Segmentation_and_IsoSeq_m84046_240727_105921_s1/flnc-3.bam s3://human-pangenomics/working/HPRC/HG00701/raw_data/PacBio_Kinnex/HG00701.lymph.m84046_240727_105921_s1.flnc.bam
copy: s3://human-pangenomics/submissions/92fa20c5-5bdb-41ca-bd79-e6ccead281b3--UW_HPRC_Y5_Kinnex/HPRC_Pool004.KN/Read_Segmentation_and_IsoSeq_m84046_240727_105921_s1/flnc-3.bam to s3://human-pangenomics/working/HPRC/HG00701/raw_data/PacBio_Kinnex/HG00701.lymph.m84046_240727_105921_s1.flnc.bam
Exit code: 0
----------------------------------------
Executing: aws s3 cp s3://human-pangenomics/submissions/92fa20c5-5bdb-41ca-bd79-e6ccead281b3--UW_HPRC_Y5_Kinnex/HPRC_Pool004.KN/Read_Segmentation_and_IsoSeq_m84046_240727_125908_s2/flnc-3.bam s3://human-pangenomics/working/HPRC/HG00701/raw_data/PacBio_Kinnex/HG00701.lymph.m84046_240727_125908_s2.flnc.bam
copy: s3://human-pangenomics/submissions/92fa20c5-5bdb-41ca-bd79-e6ccead281b3--UW_HPRC_Y5_Kinnex/HPRC_Pool004.KN/Read_Segmentation_and_IsoSeq_m84046_240727_125908_s2/flnc-3.bam to s3://human-pangenomics/working/HPRC/HG00701/raw_data/PacBio_Kinnex/HG00701.lymph.m84046_240727_125908_s2.flnc.bam
Exit code: 0
----------------------------------------
Executing: aws s3 cp s3://human-pangenomics/submissions/92fa20c5-5bdb-41ca-bd79-e6ccead281b3--UW_HPRC_Y5_Kinnex/HPRC_Pool001.KN/Read_Segmentation_and_IsoSeq_m84046_240713_051553_s2/flnc-3.bam s3://human-pangenomics/working/HPRC/HG00735/raw_data/PacBio_Kinnex/HG00735.lymph.m84046_240713_051553_s2.flnc.bam
copy: s3://human-pangenomics/submissions/92fa20c5-5bdb-41ca-bd79-e6ccead281b3--UW_HPRC_Y5_Kinnex/HPRC_Pool001.KN/Read_Segmentation_and_IsoSeq_m84046_240713_051553_s2/flnc-3.bam to s3://human-pangenomics/working/HPRC/HG00735/raw_data/PacBio_Kinnex/HG00735.lymph.m84046_240713_051553_s2.flnc.bam
Exit code: 0
----------------------------------------
Executing: aws s3 cp s3://human-pangenomics/submissions/92fa20c5-5bdb-41ca-bd79-e6ccead281b3--UW_HPRC_Y5_Kinnex/HPRC_Pool001.KN/Read_Segmentation_and_IsoSeq_m84046_240722_012946_s4/flnc-3.bam s3://human-pangenomics/working/HPRC/HG00735/raw_data/PacBio_Kinnex/HG00735.lymph.m84046_240722_012946_s4.flnc.bam
copy: s3://human-pangenomics/submissions/92fa20c5-5bdb-41ca-bd79-e6ccead281b3--UW_HPRC_Y5_Kinnex/HPRC_Pool001.KN/Read_Segmentation_and_IsoSeq_m84046_240722_012946_s4/flnc-3.bam to s3://human-pangenomics/working/HPRC/HG00735/raw_data/PacBio_Kinnex/HG00735.lymph.m84046_240722_012946_s4.flnc.bam
Exit code: 0
----------------------------------------
Executing: aws s3 cp s3://human-pangenomics/submissions/92fa20c5-5bdb-41ca-bd79-e6ccead281b3--UW_HPRC_Y5_Kinnex/HPRC_Pool002.KN/Read_Segmentation_and_IsoSeq_m84046_240713_071511_s3/flnc-3.bam s3://human-pangenomics/working/HPRC/HG00741/raw_data/PacBio_Kinnex/HG00741.lymph.m84046_240713_071511_s3.flnc.bam
copy: s3://human-pangenomics/submissions/92fa20c5-5bdb-41ca-bd79-e6ccead281b3--UW_HPRC_Y5_Kinnex/HPRC_Pool002.KN/Read_Segmentation_and_IsoSeq_m84046_240713_071511_s3/flnc-3.bam to s3://human-pangenomics/working/HPRC/HG00741/raw_data/PacBio_Kinnex/HG00741.lymph.m84046_240713_071511_s3.flnc.bam
Exit code: 0
----------------------------------------
Executing: aws s3 cp s3://human-pangenomics/submissions/92fa20c5-5bdb-41ca-bd79-e6ccead281b3--UW_HPRC_Y5_Kinnex/HPRC_Pool002.KN/Read_Segmentation_and_IsoSeq_m84046_240717_105141_s2/flnc-3.bam s3://human-pangenomics/working/HPRC/HG00741/raw_data/PacBio_Kinnex/HG00741.lymph.m84046_240717_105141_s2.flnc.bam
copy: s3://human-pangenomics/submissions/92fa20c5-5bdb-41ca-bd79-e6ccead281b3--UW_HPRC_Y5_Kinnex/HPRC_Pool002.KN/Read_Segmentation_and_IsoSeq_m84046_240717_105141_s2/flnc-3.bam to s3://human-pangenomics/working/HPRC/HG00741/raw_data/PacBio_Kinnex/HG00741.lymph.m84046_240717_105141_s2.flnc.bam
Exit code: 0
----------------------------------------
Executing: aws s3 cp s3://human-pangenomics/submissions/92fa20c5-5bdb-41ca-bd79-e6ccead281b3--UW_HPRC_Y5_Kinnex/HPRC_Pool002.KN/Read_Segmentation_and_IsoSeq_m84046_240713_071511_s3/flnc-4.bam s3://human-pangenomics/working/HPRC/HG01071/raw_data/PacBio_Kinnex/HG01071.lymph.m84046_240713_071511_s3.flnc.bam
copy: s3://human-pangenomics/submissions/92fa20c5-5bdb-41ca-bd79-e6ccead281b3--UW_HPRC_Y5_Kinnex/HPRC_Pool002.KN/Read_Segmentation_and_IsoSeq_m84046_240713_071511_s3/flnc-4.bam to s3://human-pangenomics/working/HPRC/HG01071/raw_data/PacBio_Kinnex/HG01071.lymph.m84046_240713_071511_s3.flnc.bam
Exit code: 0
----------------------------------------
Executing: aws s3 cp s3://human-pangenomics/submissions/92fa20c5-5bdb-41ca-bd79-e6ccead281b3--UW_HPRC_Y5_Kinnex/HPRC_Pool002.KN/Read_Segmentation_and_IsoSeq_m84046_240717_105141_s2/flnc-4.bam s3://human-pangenomics/working/HPRC/HG01071/raw_data/PacBio_Kinnex/HG01071.lymph.m84046_240717_105141_s2.flnc.bam
copy: s3://human-pangenomics/submissions/92fa20c5-5bdb-41ca-bd79-e6ccead281b3--UW_HPRC_Y5_Kinnex/HPRC_Pool002.KN/Read_Segmentation_and_IsoSeq_m84046_240717_105141_s2/flnc-4.bam to s3://human-pangenomics/working/HPRC/HG01071/raw_data/PacBio_Kinnex/HG01071.lymph.m84046_240717_105141_s2.flnc.bam
Exit code: 0
----------------------------------------
Executing: aws s3 cp s3://human-pangenomics/submissions/92fa20c5-5bdb-41ca-bd79-e6ccead281b3--UW_HPRC_Y5_Kinnex/HPRC_Pool002.KN/Read_Segmentation_and_IsoSeq_m84046_240713_071511_s3/flnc-1.bam s3://human-pangenomics/working/HPRC/HG01106/raw_data/PacBio_Kinnex/HG01106.lymph.m84046_240713_071511_s3.flnc.bam
copy: s3://human-pangenomics/submissions/92fa20c5-5bdb-41ca-bd79-e6ccead281b3--UW_HPRC_Y5_Kinnex/HPRC_Pool002.KN/Read_Segmentation_and_IsoSeq_m84046_240713_071511_s3/flnc-1.bam to s3://human-pangenomics/working/HPRC/HG01106/raw_data/PacBio_Kinnex/HG01106.lymph.m84046_240713_071511_s3.flnc.bam
Exit code: 0
----------------------------------------
Executing: aws s3 cp s3://human-pangenomics/submissions/92fa20c5-5bdb-41ca-bd79-e6ccead281b3--UW_HPRC_Y5_Kinnex/HPRC_Pool002.KN/Read_Segmentation_and_IsoSeq_m84046_240717_105141_s2/flnc-1.bam s3://human-pangenomics/working/HPRC/HG01106/raw_data/PacBio_Kinnex/HG01106.lymph.m84046_240717_105141_s2.flnc.bam
copy: s3://human-pangenomics/submissions/92fa20c5-5bdb-41ca-bd79-e6ccead281b3--UW_HPRC_Y5_Kinnex/HPRC_Pool002.KN/Read_Segmentation_and_IsoSeq_m84046_240717_105141_s2/flnc-1.bam to s3://human-pangenomics/working/HPRC/HG01106/raw_data/PacBio_Kinnex/HG01106.lymph.m84046_240717_105141_s2.flnc.bam
Exit code: 0
----------------------------------------
Executing: aws s3 cp s3://human-pangenomics/submissions/92fa20c5-5bdb-41ca-bd79-e6ccead281b3--UW_HPRC_Y5_Kinnex/HPRC_Pool002.KN/Read_Segmentation_and_IsoSeq_m84046_240713_071511_s3/flnc-2.bam s3://human-pangenomics/working/HPRC/HG01175/raw_data/PacBio_Kinnex/HG01175.lymph.m84046_240713_071511_s3.flnc.bam
copy: s3://human-pangenomics/submissions/92fa20c5-5bdb-41ca-bd79-e6ccead281b3--UW_HPRC_Y5_Kinnex/HPRC_Pool002.KN/Read_Segmentation_and_IsoSeq_m84046_240713_071511_s3/flnc-2.bam to s3://human-pangenomics/working/HPRC/HG01175/raw_data/PacBio_Kinnex/HG01175.lymph.m84046_240713_071511_s3.flnc.bam
Exit code: 0
----------------------------------------
Executing: aws s3 cp s3://human-pangenomics/submissions/92fa20c5-5bdb-41ca-bd79-e6ccead281b3--UW_HPRC_Y5_Kinnex/HPRC_Pool002.KN/Read_Segmentation_and_IsoSeq_m84046_240717_105141_s2/flnc-2.bam s3://human-pangenomics/working/HPRC/HG01175/raw_data/PacBio_Kinnex/HG01175.lymph.m84046_240717_105141_s2.flnc.bam
copy: s3://human-pangenomics/submissions/92fa20c5-5bdb-41ca-bd79-e6ccead281b3--UW_HPRC_Y5_Kinnex/HPRC_Pool002.KN/Read_Segmentation_and_IsoSeq_m84046_240717_105141_s2/flnc-2.bam to s3://human-pangenomics/working/HPRC/HG01175/raw_data/PacBio_Kinnex/HG01175.lymph.m84046_240717_105141_s2.flnc.bam
Exit code: 0
----------------------------------------
Executing: aws s3 cp s3://human-pangenomics/submissions/92fa20c5-5bdb-41ca-bd79-e6ccead281b3--UW_HPRC_Y5_Kinnex/HPRC_Pool005.KN/Read_Segmentation_and_IsoSeq_m84046_240727_145828_s3/flnc-2.bam s3://human-pangenomics/working/HPRC/HG01516/raw_data/PacBio_Kinnex/HG01516.lymph.m84046_240727_145828_s3.flnc.bam
copy: s3://human-pangenomics/submissions/92fa20c5-5bdb-41ca-bd79-e6ccead281b3--UW_HPRC_Y5_Kinnex/HPRC_Pool005.KN/Read_Segmentation_and_IsoSeq_m84046_240727_145828_s3/flnc-2.bam to s3://human-pangenomics/working/HPRC/HG01516/raw_data/PacBio_Kinnex/HG01516.lymph.m84046_240727_145828_s3.flnc.bam
Exit code: 0
----------------------------------------
Executing: aws s3 cp s3://human-pangenomics/submissions/92fa20c5-5bdb-41ca-bd79-e6ccead281b3--UW_HPRC_Y5_Kinnex/HPRC_Pool005.KN/Read_Segmentation_and_IsoSeq_m84046_240727_165745_s4/flnc-2.bam s3://human-pangenomics/working/HPRC/HG01516/raw_data/PacBio_Kinnex/HG01516.lymph.m84046_240727_165745_s4.flnc.bam
copy: s3://human-pangenomics/submissions/92fa20c5-5bdb-41ca-bd79-e6ccead281b3--UW_HPRC_Y5_Kinnex/HPRC_Pool005.KN/Read_Segmentation_and_IsoSeq_m84046_240727_165745_s4/flnc-2.bam to s3://human-pangenomics/working/HPRC/HG01516/raw_data/PacBio_Kinnex/HG01516.lymph.m84046_240727_165745_s4.flnc.bam
Exit code: 0
----------------------------------------
Executing: aws s3 cp s3://human-pangenomics/submissions/92fa20c5-5bdb-41ca-bd79-e6ccead281b3--UW_HPRC_Y5_Kinnex/HPRC_Pool005.KN/Read_Segmentation_and_IsoSeq_m84046_240727_145828_s3/flnc-6.bam s3://human-pangenomics/working/HPRC/HG01610/raw_data/PacBio_Kinnex/HG01610.lymph.m84046_240727_145828_s3.flnc.bam
copy: s3://human-pangenomics/submissions/92fa20c5-5bdb-41ca-bd79-e6ccead281b3--UW_HPRC_Y5_Kinnex/HPRC_Pool005.KN/Read_Segmentation_and_IsoSeq_m84046_240727_145828_s3/flnc-6.bam to s3://human-pangenomics/working/HPRC/HG01610/raw_data/PacBio_Kinnex/HG01610.lymph.m84046_240727_145828_s3.flnc.bam
Exit code: 0
----------------------------------------
Executing: aws s3 cp s3://human-pangenomics/submissions/92fa20c5-5bdb-41ca-bd79-e6ccead281b3--UW_HPRC_Y5_Kinnex/HPRC_Pool005.KN/Read_Segmentation_and_IsoSeq_m84046_240727_165745_s4/flnc-6.bam s3://human-pangenomics/working/HPRC/HG01610/raw_data/PacBio_Kinnex/HG01610.lymph.m84046_240727_165745_s4.flnc.bam
copy: s3://human-pangenomics/submissions/92fa20c5-5bdb-41ca-bd79-e6ccead281b3--UW_HPRC_Y5_Kinnex/HPRC_Pool005.KN/Read_Segmentation_and_IsoSeq_m84046_240727_165745_s4/flnc-6.bam to s3://human-pangenomics/working/HPRC/HG01610/raw_data/PacBio_Kinnex/HG01610.lymph.m84046_240727_165745_s4.flnc.bam
Exit code: 0
----------------------------------------
Executing: aws s3 cp s3://human-pangenomics/submissions/92fa20c5-5bdb-41ca-bd79-e6ccead281b3--UW_HPRC_Y5_Kinnex/HPRC_Pool002.KN/Read_Segmentation_and_IsoSeq_m84046_240713_071511_s3/flnc-7.bam s3://human-pangenomics/working/HPRC/HG01928/raw_data/PacBio_Kinnex/HG01928.lymph.m84046_240713_071511_s3.flnc.bam
copy: s3://human-pangenomics/submissions/92fa20c5-5bdb-41ca-bd79-e6ccead281b3--UW_HPRC_Y5_Kinnex/HPRC_Pool002.KN/Read_Segmentation_and_IsoSeq_m84046_240713_071511_s3/flnc-7.bam to s3://human-pangenomics/working/HPRC/HG01928/raw_data/PacBio_Kinnex/HG01928.lymph.m84046_240713_071511_s3.flnc.bam
Exit code: 0
----------------------------------------
Executing: aws s3 cp s3://human-pangenomics/submissions/92fa20c5-5bdb-41ca-bd79-e6ccead281b3--UW_HPRC_Y5_Kinnex/HPRC_Pool002.KN/Read_Segmentation_and_IsoSeq_m84046_240717_105141_s2/flnc-7.bam s3://human-pangenomics/working/HPRC/HG01928/raw_data/PacBio_Kinnex/HG01928.lymph.m84046_240717_105141_s2.flnc.bam
copy: s3://human-pangenomics/submissions/92fa20c5-5bdb-41ca-bd79-e6ccead281b3--UW_HPRC_Y5_Kinnex/HPRC_Pool002.KN/Read_Segmentation_and_IsoSeq_m84046_240717_105141_s2/flnc-7.bam to s3://human-pangenomics/working/HPRC/HG01928/raw_data/PacBio_Kinnex/HG01928.lymph.m84046_240717_105141_s2.flnc.bam
Exit code: 0
----------------------------------------
Executing: aws s3 cp s3://human-pangenomics/submissions/92fa20c5-5bdb-41ca-bd79-e6ccead281b3--UW_HPRC_Y5_Kinnex/HPRC_Pool002.KN/Read_Segmentation_and_IsoSeq_m84046_240713_071511_s3/flnc-8.bam s3://human-pangenomics/working/HPRC/HG01952/raw_data/PacBio_Kinnex/HG01952.lymph.m84046_240713_071511_s3.flnc.bam
copy: s3://human-pangenomics/submissions/92fa20c5-5bdb-41ca-bd79-e6ccead281b3--UW_HPRC_Y5_Kinnex/HPRC_Pool002.KN/Read_Segmentation_and_IsoSeq_m84046_240713_071511_s3/flnc-8.bam to s3://human-pangenomics/working/HPRC/HG01952/raw_data/PacBio_Kinnex/HG01952.lymph.m84046_240713_071511_s3.flnc.bam
Exit code: 0
----------------------------------------
Executing: aws s3 cp s3://human-pangenomics/submissions/92fa20c5-5bdb-41ca-bd79-e6ccead281b3--UW_HPRC_Y5_Kinnex/HPRC_Pool002.KN/Read_Segmentation_and_IsoSeq_m84046_240717_105141_s2/flnc-8.bam s3://human-pangenomics/working/HPRC/HG01952/raw_data/PacBio_Kinnex/HG01952.lymph.m84046_240717_105141_s2.flnc.bam
copy: s3://human-pangenomics/submissions/92fa20c5-5bdb-41ca-bd79-e6ccead281b3--UW_HPRC_Y5_Kinnex/HPRC_Pool002.KN/Read_Segmentation_and_IsoSeq_m84046_240717_105141_s2/flnc-8.bam to s3://human-pangenomics/working/HPRC/HG01952/raw_data/PacBio_Kinnex/HG01952.lymph.m84046_240717_105141_s2.flnc.bam
Exit code: 0
----------------------------------------
Executing: aws s3 cp s3://human-pangenomics/submissions/92fa20c5-5bdb-41ca-bd79-e6ccead281b3--UW_HPRC_Y5_Kinnex/HPRC_Pool002.KN/Read_Segmentation_and_IsoSeq_m84046_240713_071511_s3/flnc-6.bam s3://human-pangenomics/working/HPRC/HG01978/raw_data/PacBio_Kinnex/HG01978.lymph.m84046_240713_071511_s3.flnc.bam
copy: s3://human-pangenomics/submissions/92fa20c5-5bdb-41ca-bd79-e6ccead281b3--UW_HPRC_Y5_Kinnex/HPRC_Pool002.KN/Read_Segmentation_and_IsoSeq_m84046_240713_071511_s3/flnc-6.bam to s3://human-pangenomics/working/HPRC/HG01978/raw_data/PacBio_Kinnex/HG01978.lymph.m84046_240713_071511_s3.flnc.bam
Exit code: 0
----------------------------------------
Executing: aws s3 cp s3://human-pangenomics/submissions/92fa20c5-5bdb-41ca-bd79-e6ccead281b3--UW_HPRC_Y5_Kinnex/HPRC_Pool002.KN/Read_Segmentation_and_IsoSeq_m84046_240717_105141_s2/flnc-6.bam s3://human-pangenomics/working/HPRC/HG01978/raw_data/PacBio_Kinnex/HG01978.lymph.m84046_240717_105141_s2.flnc.bam
copy: s3://human-pangenomics/submissions/92fa20c5-5bdb-41ca-bd79-e6ccead281b3--UW_HPRC_Y5_Kinnex/HPRC_Pool002.KN/Read_Segmentation_and_IsoSeq_m84046_240717_105141_s2/flnc-6.bam to s3://human-pangenomics/working/HPRC/HG01978/raw_data/PacBio_Kinnex/HG01978.lymph.m84046_240717_105141_s2.flnc.bam
Exit code: 0
----------------------------------------
Executing: aws s3 cp s3://human-pangenomics/submissions/92fa20c5-5bdb-41ca-bd79-e6ccead281b3--UW_HPRC_Y5_Kinnex/HPRC_Pool001.KN/Read_Segmentation_and_IsoSeq_m84046_240713_051553_s2/flnc-6.bam s3://human-pangenomics/working/HPRC/HG02027/raw_data/PacBio_Kinnex/HG02027.lymph.m84046_240713_051553_s2.flnc.bam
copy: s3://human-pangenomics/submissions/92fa20c5-5bdb-41ca-bd79-e6ccead281b3--UW_HPRC_Y5_Kinnex/HPRC_Pool001.KN/Read_Segmentation_and_IsoSeq_m84046_240713_051553_s2/flnc-6.bam to s3://human-pangenomics/working/HPRC/HG02027/raw_data/PacBio_Kinnex/HG02027.lymph.m84046_240713_051553_s2.flnc.bam
Exit code: 0
----------------------------------------
Executing: aws s3 cp s3://human-pangenomics/submissions/92fa20c5-5bdb-41ca-bd79-e6ccead281b3--UW_HPRC_Y5_Kinnex/HPRC_Pool001.KN/Read_Segmentation_and_IsoSeq_m84046_240722_012946_s4/flnc-6.bam s3://human-pangenomics/working/HPRC/HG02027/raw_data/PacBio_Kinnex/HG02027.lymph.m84046_240722_012946_s4.flnc.bam
copy: s3://human-pangenomics/submissions/92fa20c5-5bdb-41ca-bd79-e6ccead281b3--UW_HPRC_Y5_Kinnex/HPRC_Pool001.KN/Read_Segmentation_and_IsoSeq_m84046_240722_012946_s4/flnc-6.bam to s3://human-pangenomics/working/HPRC/HG02027/raw_data/PacBio_Kinnex/HG02027.lymph.m84046_240722_012946_s4.flnc.bam
Exit code: 0
----------------------------------------
Executing: aws s3 cp s3://human-pangenomics/submissions/92fa20c5-5bdb-41ca-bd79-e6ccead281b3--UW_HPRC_Y5_Kinnex/HPRC_Pool003.KN/Read_Segmentation_and_IsoSeq_m84046_240713_091428_s4/flnc-6.bam s3://human-pangenomics/working/HPRC/HG02071/raw_data/PacBio_Kinnex/HG02071.lymph.m84046_240713_091428_s4.flnc.bam
copy: s3://human-pangenomics/submissions/92fa20c5-5bdb-41ca-bd79-e6ccead281b3--UW_HPRC_Y5_Kinnex/HPRC_Pool003.KN/Read_Segmentation_and_IsoSeq_m84046_240713_091428_s4/flnc-6.bam to s3://human-pangenomics/working/HPRC/HG02071/raw_data/PacBio_Kinnex/HG02071.lymph.m84046_240713_091428_s4.flnc.bam
Exit code: 0
----------------------------------------
Executing: aws s3 cp s3://human-pangenomics/submissions/92fa20c5-5bdb-41ca-bd79-e6ccead281b3--UW_HPRC_Y5_Kinnex/HPRC_Pool003.KN/Read_Segmentation_and_IsoSeq_m84046_240717_125059_s3/flnc-6.bam s3://human-pangenomics/working/HPRC/HG02071/raw_data/PacBio_Kinnex/HG02071.lymph.m84046_240717_125059_s3.flnc.bam
copy: s3://human-pangenomics/submissions/92fa20c5-5bdb-41ca-bd79-e6ccead281b3--UW_HPRC_Y5_Kinnex/HPRC_Pool003.KN/Read_Segmentation_and_IsoSeq_m84046_240717_125059_s3/flnc-6.bam to s3://human-pangenomics/working/HPRC/HG02071/raw_data/PacBio_Kinnex/HG02071.lymph.m84046_240717_125059_s3.flnc.bam
Exit code: 0
----------------------------------------
Executing: aws s3 cp s3://human-pangenomics/submissions/92fa20c5-5bdb-41ca-bd79-e6ccead281b3--UW_HPRC_Y5_Kinnex/HPRC_Pool001.KN/Read_Segmentation_and_IsoSeq_m84046_240713_051553_s2/flnc-7.bam s3://human-pangenomics/working/HPRC/HG02074/raw_data/PacBio_Kinnex/HG02074.lymph.m84046_240713_051553_s2.flnc.bam
copy: s3://human-pangenomics/submissions/92fa20c5-5bdb-41ca-bd79-e6ccead281b3--UW_HPRC_Y5_Kinnex/HPRC_Pool001.KN/Read_Segmentation_and_IsoSeq_m84046_240713_051553_s2/flnc-7.bam to s3://human-pangenomics/working/HPRC/HG02074/raw_data/PacBio_Kinnex/HG02074.lymph.m84046_240713_051553_s2.flnc.bam
Exit code: 0
----------------------------------------
Executing: aws s3 cp s3://human-pangenomics/submissions/92fa20c5-5bdb-41ca-bd79-e6ccead281b3--UW_HPRC_Y5_Kinnex/HPRC_Pool001.KN/Read_Segmentation_and_IsoSeq_m84046_240722_012946_s4/flnc-7.bam s3://human-pangenomics/working/HPRC/HG02074/raw_data/PacBio_Kinnex/HG02074.lymph.m84046_240722_012946_s4.flnc.bam
copy: s3://human-pangenomics/submissions/92fa20c5-5bdb-41ca-bd79-e6ccead281b3--UW_HPRC_Y5_Kinnex/HPRC_Pool001.KN/Read_Segmentation_and_IsoSeq_m84046_240722_012946_s4/flnc-7.bam to s3://human-pangenomics/working/HPRC/HG02074/raw_data/PacBio_Kinnex/HG02074.lymph.m84046_240722_012946_s4.flnc.bam
Exit code: 0
----------------------------------------
Executing: aws s3 cp s3://human-pangenomics/submissions/92fa20c5-5bdb-41ca-bd79-e6ccead281b3--UW_HPRC_Y5_Kinnex/HPRC_Pool003.KN/Read_Segmentation_and_IsoSeq_m84046_240713_091428_s4/flnc-3.bam s3://human-pangenomics/working/HPRC/HG02083/raw_data/PacBio_Kinnex/HG02083.lymph.m84046_240713_091428_s4.flnc.bam
copy: s3://human-pangenomics/submissions/92fa20c5-5bdb-41ca-bd79-e6ccead281b3--UW_HPRC_Y5_Kinnex/HPRC_Pool003.KN/Read_Segmentation_and_IsoSeq_m84046_240713_091428_s4/flnc-3.bam to s3://human-pangenomics/working/HPRC/HG02083/raw_data/PacBio_Kinnex/HG02083.lymph.m84046_240713_091428_s4.flnc.bam
Exit code: 0
----------------------------------------
Executing: aws s3 cp s3://human-pangenomics/submissions/92fa20c5-5bdb-41ca-bd79-e6ccead281b3--UW_HPRC_Y5_Kinnex/HPRC_Pool003.KN/Read_Segmentation_and_IsoSeq_m84046_240717_125059_s3/flnc-3.bam s3://human-pangenomics/working/HPRC/HG02083/raw_data/PacBio_Kinnex/HG02083.lymph.m84046_240717_125059_s3.flnc.bam
copy: s3://human-pangenomics/submissions/92fa20c5-5bdb-41ca-bd79-e6ccead281b3--UW_HPRC_Y5_Kinnex/HPRC_Pool003.KN/Read_Segmentation_and_IsoSeq_m84046_240717_125059_s3/flnc-3.bam to s3://human-pangenomics/working/HPRC/HG02083/raw_data/PacBio_Kinnex/HG02083.lymph.m84046_240717_125059_s3.flnc.bam
Exit code: 0
----------------------------------------
Executing: aws s3 cp s3://human-pangenomics/submissions/92fa20c5-5bdb-41ca-bd79-e6ccead281b3--UW_HPRC_Y5_Kinnex/HPRC_Pool001.KN/Read_Segmentation_and_IsoSeq_m84046_240713_051553_s2/flnc-2.bam s3://human-pangenomics/working/HPRC/HG02132/raw_data/PacBio_Kinnex/HG02132.lymph.m84046_240713_051553_s2.flnc.bam
copy: s3://human-pangenomics/submissions/92fa20c5-5bdb-41ca-bd79-e6ccead281b3--UW_HPRC_Y5_Kinnex/HPRC_Pool001.KN/Read_Segmentation_and_IsoSeq_m84046_240713_051553_s2/flnc-2.bam to s3://human-pangenomics/working/HPRC/HG02132/raw_data/PacBio_Kinnex/HG02132.lymph.m84046_240713_051553_s2.flnc.bam
Exit code: 0
----------------------------------------
Executing: aws s3 cp s3://human-pangenomics/submissions/92fa20c5-5bdb-41ca-bd79-e6ccead281b3--UW_HPRC_Y5_Kinnex/HPRC_Pool001.KN/Read_Segmentation_and_IsoSeq_m84046_240722_012946_s4/flnc-2.bam s3://human-pangenomics/working/HPRC/HG02132/raw_data/PacBio_Kinnex/HG02132.lymph.m84046_240722_012946_s4.flnc.bam
copy: s3://human-pangenomics/submissions/92fa20c5-5bdb-41ca-bd79-e6ccead281b3--UW_HPRC_Y5_Kinnex/HPRC_Pool001.KN/Read_Segmentation_and_IsoSeq_m84046_240722_012946_s4/flnc-2.bam to s3://human-pangenomics/working/HPRC/HG02132/raw_data/PacBio_Kinnex/HG02132.lymph.m84046_240722_012946_s4.flnc.bam
Exit code: 0
----------------------------------------
Executing: aws s3 cp s3://human-pangenomics/submissions/92fa20c5-5bdb-41ca-bd79-e6ccead281b3--UW_HPRC_Y5_Kinnex/HPRC_Pool003.KN/Read_Segmentation_and_IsoSeq_m84046_240713_091428_s4/flnc-5.bam s3://human-pangenomics/working/HPRC/HG02135/raw_data/PacBio_Kinnex/HG02135.lymph.m84046_240713_091428_s4.flnc.bam
copy: s3://human-pangenomics/submissions/92fa20c5-5bdb-41ca-bd79-e6ccead281b3--UW_HPRC_Y5_Kinnex/HPRC_Pool003.KN/Read_Segmentation_and_IsoSeq_m84046_240713_091428_s4/flnc-5.bam to s3://human-pangenomics/working/HPRC/HG02135/raw_data/PacBio_Kinnex/HG02135.lymph.m84046_240713_091428_s4.flnc.bam
Exit code: 0
----------------------------------------
Executing: aws s3 cp s3://human-pangenomics/submissions/92fa20c5-5bdb-41ca-bd79-e6ccead281b3--UW_HPRC_Y5_Kinnex/HPRC_Pool003.KN/Read_Segmentation_and_IsoSeq_m84046_240717_125059_s3/flnc-5.bam s3://human-pangenomics/working/HPRC/HG02135/raw_data/PacBio_Kinnex/HG02135.lymph.m84046_240717_125059_s3.flnc.bam
copy: s3://human-pangenomics/submissions/92fa20c5-5bdb-41ca-bd79-e6ccead281b3--UW_HPRC_Y5_Kinnex/HPRC_Pool003.KN/Read_Segmentation_and_IsoSeq_m84046_240717_125059_s3/flnc-5.bam to s3://human-pangenomics/working/HPRC/HG02135/raw_data/PacBio_Kinnex/HG02135.lymph.m84046_240717_125059_s3.flnc.bam
Exit code: 0
----------------------------------------
Executing: aws s3 cp s3://human-pangenomics/submissions/92fa20c5-5bdb-41ca-bd79-e6ccead281b3--UW_HPRC_Y5_Kinnex/HPRC_Pool001.KN/Read_Segmentation_and_IsoSeq_m84046_240713_051553_s2/flnc-4.bam s3://human-pangenomics/working/HPRC/HG02148/raw_data/PacBio_Kinnex/HG02148.lymph.m84046_240713_051553_s2.flnc.bam
copy: s3://human-pangenomics/submissions/92fa20c5-5bdb-41ca-bd79-e6ccead281b3--UW_HPRC_Y5_Kinnex/HPRC_Pool001.KN/Read_Segmentation_and_IsoSeq_m84046_240713_051553_s2/flnc-4.bam to s3://human-pangenomics/working/HPRC/HG02148/raw_data/PacBio_Kinnex/HG02148.lymph.m84046_240713_051553_s2.flnc.bam
Exit code: 0
----------------------------------------
Executing: aws s3 cp s3://human-pangenomics/submissions/92fa20c5-5bdb-41ca-bd79-e6ccead281b3--UW_HPRC_Y5_Kinnex/HPRC_Pool001.KN/Read_Segmentation_and_IsoSeq_m84046_240722_012946_s4/flnc-4.bam s3://human-pangenomics/working/HPRC/HG02148/raw_data/PacBio_Kinnex/HG02148.lymph.m84046_240722_012946_s4.flnc.bam
copy: s3://human-pangenomics/submissions/92fa20c5-5bdb-41ca-bd79-e6ccead281b3--UW_HPRC_Y5_Kinnex/HPRC_Pool001.KN/Read_Segmentation_and_IsoSeq_m84046_240722_012946_s4/flnc-4.bam to s3://human-pangenomics/working/HPRC/HG02148/raw_data/PacBio_Kinnex/HG02148.lymph.m84046_240722_012946_s4.flnc.bam
Exit code: 0
----------------------------------------
Executing: aws s3 cp s3://human-pangenomics/submissions/92fa20c5-5bdb-41ca-bd79-e6ccead281b3--UW_HPRC_Y5_Kinnex/HPRC_Pool005.KN/Read_Segmentation_and_IsoSeq_m84046_240727_145828_s3/flnc-3.bam s3://human-pangenomics/working/HPRC/HG02337/raw_data/PacBio_Kinnex/HG02337.lymph.m84046_240727_145828_s3.flnc.bam
copy: s3://human-pangenomics/submissions/92fa20c5-5bdb-41ca-bd79-e6ccead281b3--UW_HPRC_Y5_Kinnex/HPRC_Pool005.KN/Read_Segmentation_and_IsoSeq_m84046_240727_145828_s3/flnc-3.bam to s3://human-pangenomics/working/HPRC/HG02337/raw_data/PacBio_Kinnex/HG02337.lymph.m84046_240727_145828_s3.flnc.bam
Exit code: 0
----------------------------------------
Executing: aws s3 cp s3://human-pangenomics/submissions/92fa20c5-5bdb-41ca-bd79-e6ccead281b3--UW_HPRC_Y5_Kinnex/HPRC_Pool005.KN/Read_Segmentation_and_IsoSeq_m84046_240727_165745_s4/flnc-3.bam s3://human-pangenomics/working/HPRC/HG02337/raw_data/PacBio_Kinnex/HG02337.lymph.m84046_240727_165745_s4.flnc.bam
copy: s3://human-pangenomics/submissions/92fa20c5-5bdb-41ca-bd79-e6ccead281b3--UW_HPRC_Y5_Kinnex/HPRC_Pool005.KN/Read_Segmentation_and_IsoSeq_m84046_240727_165745_s4/flnc-3.bam to s3://human-pangenomics/working/HPRC/HG02337/raw_data/PacBio_Kinnex/HG02337.lymph.m84046_240727_165745_s4.flnc.bam
Exit code: 0
----------------------------------------
Executing: aws s3 cp s3://human-pangenomics/submissions/92fa20c5-5bdb-41ca-bd79-e6ccead281b3--UW_HPRC_Y5_Kinnex/HPRC_Pool006.KN/Read_Segmentation_and_IsoSeq_m84046_240728_205116_s1/flnc-2.bam s3://human-pangenomics/working/HPRC/HG02364/raw_data/PacBio_Kinnex/HG02364.lymph.m84046_240728_205116_s1.flnc.bam
copy: s3://human-pangenomics/submissions/92fa20c5-5bdb-41ca-bd79-e6ccead281b3--UW_HPRC_Y5_Kinnex/HPRC_Pool006.KN/Read_Segmentation_and_IsoSeq_m84046_240728_205116_s1/flnc-2.bam to s3://human-pangenomics/working/HPRC/HG02364/raw_data/PacBio_Kinnex/HG02364.lymph.m84046_240728_205116_s1.flnc.bam
Exit code: 0
----------------------------------------
Executing: aws s3 cp s3://human-pangenomics/submissions/92fa20c5-5bdb-41ca-bd79-e6ccead281b3--UW_HPRC_Y5_Kinnex/HPRC_Pool006.KN/Read_Segmentation_and_IsoSeq_m84046_240728_225112_s2/flnc-2.bam s3://human-pangenomics/working/HPRC/HG02364/raw_data/PacBio_Kinnex/HG02364.lymph.m84046_240728_225112_s2.flnc.bam
copy: s3://human-pangenomics/submissions/92fa20c5-5bdb-41ca-bd79-e6ccead281b3--UW_HPRC_Y5_Kinnex/HPRC_Pool006.KN/Read_Segmentation_and_IsoSeq_m84046_240728_225112_s2/flnc-2.bam to s3://human-pangenomics/working/HPRC/HG02364/raw_data/PacBio_Kinnex/HG02364.lymph.m84046_240728_225112_s2.flnc.bam
Exit code: 0
----------------------------------------
Executing: aws s3 cp s3://human-pangenomics/submissions/92fa20c5-5bdb-41ca-bd79-e6ccead281b3--UW_HPRC_Y5_Kinnex/HPRC_Pool003.KN/Read_Segmentation_and_IsoSeq_m84046_240713_091428_s4/flnc-4.bam s3://human-pangenomics/working/HPRC/HG02523/raw_data/PacBio_Kinnex/HG02523.lymph.m84046_240713_091428_s4.flnc.bam
copy: s3://human-pangenomics/submissions/92fa20c5-5bdb-41ca-bd79-e6ccead281b3--UW_HPRC_Y5_Kinnex/HPRC_Pool003.KN/Read_Segmentation_and_IsoSeq_m84046_240713_091428_s4/flnc-4.bam to s3://human-pangenomics/working/HPRC/HG02523/raw_data/PacBio_Kinnex/HG02523.lymph.m84046_240713_091428_s4.flnc.bam
Exit code: 0
----------------------------------------
Executing: aws s3 cp s3://human-pangenomics/submissions/92fa20c5-5bdb-41ca-bd79-e6ccead281b3--UW_HPRC_Y5_Kinnex/HPRC_Pool003.KN/Read_Segmentation_and_IsoSeq_m84046_240717_125059_s3/flnc-4.bam s3://human-pangenomics/working/HPRC/HG02523/raw_data/PacBio_Kinnex/HG02523.lymph.m84046_240717_125059_s3.flnc.bam
copy: s3://human-pangenomics/submissions/92fa20c5-5bdb-41ca-bd79-e6ccead281b3--UW_HPRC_Y5_Kinnex/HPRC_Pool003.KN/Read_Segmentation_and_IsoSeq_m84046_240717_125059_s3/flnc-4.bam to s3://human-pangenomics/working/HPRC/HG02523/raw_data/PacBio_Kinnex/HG02523.lymph.m84046_240717_125059_s3.flnc.bam
Exit code: 0
----------------------------------------
Executing: aws s3 cp s3://human-pangenomics/submissions/92fa20c5-5bdb-41ca-bd79-e6ccead281b3--UW_HPRC_Y5_Kinnex/HPRC_Pool006.KN/Read_Segmentation_and_IsoSeq_m84046_240728_205116_s1/flnc-3.bam s3://human-pangenomics/working/HPRC/HG03052/raw_data/PacBio_Kinnex/HG03052.lymph.m84046_240728_205116_s1.flnc.bam
copy: s3://human-pangenomics/submissions/92fa20c5-5bdb-41ca-bd79-e6ccead281b3--UW_HPRC_Y5_Kinnex/HPRC_Pool006.KN/Read_Segmentation_and_IsoSeq_m84046_240728_205116_s1/flnc-3.bam to s3://human-pangenomics/working/HPRC/HG03052/raw_data/PacBio_Kinnex/HG03052.lymph.m84046_240728_205116_s1.flnc.bam
Exit code: 0
----------------------------------------
Executing: aws s3 cp s3://human-pangenomics/submissions/92fa20c5-5bdb-41ca-bd79-e6ccead281b3--UW_HPRC_Y5_Kinnex/HPRC_Pool006.KN/Read_Segmentation_and_IsoSeq_m84046_240728_225112_s2/flnc-3.bam s3://human-pangenomics/working/HPRC/HG03052/raw_data/PacBio_Kinnex/HG03052.lymph.m84046_240728_225112_s2.flnc.bam
copy: s3://human-pangenomics/submissions/92fa20c5-5bdb-41ca-bd79-e6ccead281b3--UW_HPRC_Y5_Kinnex/HPRC_Pool006.KN/Read_Segmentation_and_IsoSeq_m84046_240728_225112_s2/flnc-3.bam to s3://human-pangenomics/working/HPRC/HG03052/raw_data/PacBio_Kinnex/HG03052.lymph.m84046_240728_225112_s2.flnc.bam
Exit code: 0
----------------------------------------
Executing: aws s3 cp s3://human-pangenomics/submissions/92fa20c5-5bdb-41ca-bd79-e6ccead281b3--UW_HPRC_Y5_Kinnex/HPRC_Pool004.KN/Read_Segmentation_and_IsoSeq_m84046_240727_105921_s1/flnc-4.bam s3://human-pangenomics/working/HPRC/HG03072/raw_data/PacBio_Kinnex/HG03072.lymph.m84046_240727_105921_s1.flnc.bam
copy: s3://human-pangenomics/submissions/92fa20c5-5bdb-41ca-bd79-e6ccead281b3--UW_HPRC_Y5_Kinnex/HPRC_Pool004.KN/Read_Segmentation_and_IsoSeq_m84046_240727_105921_s1/flnc-4.bam to s3://human-pangenomics/working/HPRC/HG03072/raw_data/PacBio_Kinnex/HG03072.lymph.m84046_240727_105921_s1.flnc.bam
Exit code: 0
----------------------------------------
Executing: aws s3 cp s3://human-pangenomics/submissions/92fa20c5-5bdb-41ca-bd79-e6ccead281b3--UW_HPRC_Y5_Kinnex/HPRC_Pool004.KN/Read_Segmentation_and_IsoSeq_m84046_240727_125908_s2/flnc-4.bam s3://human-pangenomics/working/HPRC/HG03072/raw_data/PacBio_Kinnex/HG03072.lymph.m84046_240727_125908_s2.flnc.bam
copy: s3://human-pangenomics/submissions/92fa20c5-5bdb-41ca-bd79-e6ccead281b3--UW_HPRC_Y5_Kinnex/HPRC_Pool004.KN/Read_Segmentation_and_IsoSeq_m84046_240727_125908_s2/flnc-4.bam to s3://human-pangenomics/working/HPRC/HG03072/raw_data/PacBio_Kinnex/HG03072.lymph.m84046_240727_125908_s2.flnc.bam
Exit code: 0
----------------------------------------
Executing: aws s3 cp s3://human-pangenomics/submissions/92fa20c5-5bdb-41ca-bd79-e6ccead281b3--UW_HPRC_Y5_Kinnex/HPRC_Pool005.KN/Read_Segmentation_and_IsoSeq_m84046_240727_145828_s3/flnc-7.bam s3://human-pangenomics/working/HPRC/HG03117/raw_data/PacBio_Kinnex/HG03117.lymph.m84046_240727_145828_s3.flnc.bam
copy: s3://human-pangenomics/submissions/92fa20c5-5bdb-41ca-bd79-e6ccead281b3--UW_HPRC_Y5_Kinnex/HPRC_Pool005.KN/Read_Segmentation_and_IsoSeq_m84046_240727_145828_s3/flnc-7.bam to s3://human-pangenomics/working/HPRC/HG03117/raw_data/PacBio_Kinnex/HG03117.lymph.m84046_240727_145828_s3.flnc.bam
Exit code: 0
----------------------------------------
Executing: aws s3 cp s3://human-pangenomics/submissions/92fa20c5-5bdb-41ca-bd79-e6ccead281b3--UW_HPRC_Y5_Kinnex/HPRC_Pool005.KN/Read_Segmentation_and_IsoSeq_m84046_240727_165745_s4/flnc-7.bam s3://human-pangenomics/working/HPRC/HG03117/raw_data/PacBio_Kinnex/HG03117.lymph.m84046_240727_165745_s4.flnc.bam
copy: s3://human-pangenomics/submissions/92fa20c5-5bdb-41ca-bd79-e6ccead281b3--UW_HPRC_Y5_Kinnex/HPRC_Pool005.KN/Read_Segmentation_and_IsoSeq_m84046_240727_165745_s4/flnc-7.bam to s3://human-pangenomics/working/HPRC/HG03117/raw_data/PacBio_Kinnex/HG03117.lymph.m84046_240727_165745_s4.flnc.bam
Exit code: 0
----------------------------------------
Executing: aws s3 cp s3://human-pangenomics/submissions/92fa20c5-5bdb-41ca-bd79-e6ccead281b3--UW_HPRC_Y5_Kinnex/HPRC_Pool004.KN/Read_Segmentation_and_IsoSeq_m84046_240727_105921_s1/flnc-1.bam s3://human-pangenomics/working/HPRC/HG03388/raw_data/PacBio_Kinnex/HG03388.lymph.m84046_240727_105921_s1.flnc.bam
copy: s3://human-pangenomics/submissions/92fa20c5-5bdb-41ca-bd79-e6ccead281b3--UW_HPRC_Y5_Kinnex/HPRC_Pool004.KN/Read_Segmentation_and_IsoSeq_m84046_240727_105921_s1/flnc-1.bam to s3://human-pangenomics/working/HPRC/HG03388/raw_data/PacBio_Kinnex/HG03388.lymph.m84046_240727_105921_s1.flnc.bam
Exit code: 0
----------------------------------------
Executing: aws s3 cp s3://human-pangenomics/submissions/92fa20c5-5bdb-41ca-bd79-e6ccead281b3--UW_HPRC_Y5_Kinnex/HPRC_Pool004.KN/Read_Segmentation_and_IsoSeq_m84046_240727_125908_s2/flnc-1.bam s3://human-pangenomics/working/HPRC/HG03388/raw_data/PacBio_Kinnex/HG03388.lymph.m84046_240727_125908_s2.flnc.bam
copy: s3://human-pangenomics/submissions/92fa20c5-5bdb-41ca-bd79-e6ccead281b3--UW_HPRC_Y5_Kinnex/HPRC_Pool004.KN/Read_Segmentation_and_IsoSeq_m84046_240727_125908_s2/flnc-1.bam to s3://human-pangenomics/working/HPRC/HG03388/raw_data/PacBio_Kinnex/HG03388.lymph.m84046_240727_125908_s2.flnc.bam
Exit code: 0
----------------------------------------
Executing: aws s3 cp s3://human-pangenomics/submissions/92fa20c5-5bdb-41ca-bd79-e6ccead281b3--UW_HPRC_Y5_Kinnex/HPRC_Pool004.KN/Read_Segmentation_and_IsoSeq_m84046_240727_105921_s1/flnc-5.bam s3://human-pangenomics/working/HPRC/HG03445/raw_data/PacBio_Kinnex/HG03445.lymph.m84046_240727_105921_s1.flnc.bam
copy: s3://human-pangenomics/submissions/92fa20c5-5bdb-41ca-bd79-e6ccead281b3--UW_HPRC_Y5_Kinnex/HPRC_Pool004.KN/Read_Segmentation_and_IsoSeq_m84046_240727_105921_s1/flnc-5.bam to s3://human-pangenomics/working/HPRC/HG03445/raw_data/PacBio_Kinnex/HG03445.lymph.m84046_240727_105921_s1.flnc.bam
Exit code: 0
----------------------------------------
Executing: aws s3 cp s3://human-pangenomics/submissions/92fa20c5-5bdb-41ca-bd79-e6ccead281b3--UW_HPRC_Y5_Kinnex/HPRC_Pool004.KN/Read_Segmentation_and_IsoSeq_m84046_240727_125908_s2/flnc-5.bam s3://human-pangenomics/working/HPRC/HG03445/raw_data/PacBio_Kinnex/HG03445.lymph.m84046_240727_125908_s2.flnc.bam
copy: s3://human-pangenomics/submissions/92fa20c5-5bdb-41ca-bd79-e6ccead281b3--UW_HPRC_Y5_Kinnex/HPRC_Pool004.KN/Read_Segmentation_and_IsoSeq_m84046_240727_125908_s2/flnc-5.bam to s3://human-pangenomics/working/HPRC/HG03445/raw_data/PacBio_Kinnex/HG03445.lymph.m84046_240727_125908_s2.flnc.bam
Exit code: 0
----------------------------------------
Executing: aws s3 cp s3://human-pangenomics/submissions/92fa20c5-5bdb-41ca-bd79-e6ccead281b3--UW_HPRC_Y5_Kinnex/HPRC_Pool005.KN/Read_Segmentation_and_IsoSeq_m84046_240727_145828_s3/flnc-4.bam s3://human-pangenomics/working/HPRC/HG03460/raw_data/PacBio_Kinnex/HG03460.lymph.m84046_240727_145828_s3.flnc.bam
copy: s3://human-pangenomics/submissions/92fa20c5-5bdb-41ca-bd79-e6ccead281b3--UW_HPRC_Y5_Kinnex/HPRC_Pool005.KN/Read_Segmentation_and_IsoSeq_m84046_240727_145828_s3/flnc-4.bam to s3://human-pangenomics/working/HPRC/HG03460/raw_data/PacBio_Kinnex/HG03460.lymph.m84046_240727_145828_s3.flnc.bam
Exit code: 0
----------------------------------------
Executing: aws s3 cp s3://human-pangenomics/submissions/92fa20c5-5bdb-41ca-bd79-e6ccead281b3--UW_HPRC_Y5_Kinnex/HPRC_Pool005.KN/Read_Segmentation_and_IsoSeq_m84046_240727_165745_s4/flnc-4.bam s3://human-pangenomics/working/HPRC/HG03460/raw_data/PacBio_Kinnex/HG03460.lymph.m84046_240727_165745_s4.flnc.bam
copy: s3://human-pangenomics/submissions/92fa20c5-5bdb-41ca-bd79-e6ccead281b3--UW_HPRC_Y5_Kinnex/HPRC_Pool005.KN/Read_Segmentation_and_IsoSeq_m84046_240727_165745_s4/flnc-4.bam to s3://human-pangenomics/working/HPRC/HG03460/raw_data/PacBio_Kinnex/HG03460.lymph.m84046_240727_165745_s4.flnc.bam
Exit code: 0
----------------------------------------
Executing: aws s3 cp s3://human-pangenomics/submissions/92fa20c5-5bdb-41ca-bd79-e6ccead281b3--UW_HPRC_Y5_Kinnex/HPRC_Pool001.KN/Read_Segmentation_and_IsoSeq_m84046_240713_051553_s2/flnc-5.bam s3://human-pangenomics/working/HPRC/HG03579/raw_data/PacBio_Kinnex/HG03579.lymph.m84046_240713_051553_s2.flnc.bam
copy: s3://human-pangenomics/submissions/92fa20c5-5bdb-41ca-bd79-e6ccead281b3--UW_HPRC_Y5_Kinnex/HPRC_Pool001.KN/Read_Segmentation_and_IsoSeq_m84046_240713_051553_s2/flnc-5.bam to s3://human-pangenomics/working/HPRC/HG03579/raw_data/PacBio_Kinnex/HG03579.lymph.m84046_240713_051553_s2.flnc.bam
Exit code: 0
----------------------------------------
Executing: aws s3 cp s3://human-pangenomics/submissions/92fa20c5-5bdb-41ca-bd79-e6ccead281b3--UW_HPRC_Y5_Kinnex/HPRC_Pool001.KN/Read_Segmentation_and_IsoSeq_m84046_240722_012946_s4/flnc-5.bam s3://human-pangenomics/working/HPRC/HG03579/raw_data/PacBio_Kinnex/HG03579.lymph.m84046_240722_012946_s4.flnc.bam
copy: s3://human-pangenomics/submissions/92fa20c5-5bdb-41ca-bd79-e6ccead281b3--UW_HPRC_Y5_Kinnex/HPRC_Pool001.KN/Read_Segmentation_and_IsoSeq_m84046_240722_012946_s4/flnc-5.bam to s3://human-pangenomics/working/HPRC/HG03579/raw_data/PacBio_Kinnex/HG03579.lymph.m84046_240722_012946_s4.flnc.bam
Exit code: 0
----------------------------------------
Executing: aws s3 cp s3://human-pangenomics/submissions/92fa20c5-5bdb-41ca-bd79-e6ccead281b3--UW_HPRC_Y5_Kinnex/HPRC_Pool005.KN/Read_Segmentation_and_IsoSeq_m84046_240727_145828_s3/flnc-1.bam s3://human-pangenomics/working/HPRC/HG03691/raw_data/PacBio_Kinnex/HG03691.lymph.m84046_240727_145828_s3.flnc.bam
copy: s3://human-pangenomics/submissions/92fa20c5-5bdb-41ca-bd79-e6ccead281b3--UW_HPRC_Y5_Kinnex/HPRC_Pool005.KN/Read_Segmentation_and_IsoSeq_m84046_240727_145828_s3/flnc-1.bam to s3://human-pangenomics/working/HPRC/HG03691/raw_data/PacBio_Kinnex/HG03691.lymph.m84046_240727_145828_s3.flnc.bam
Exit code: 0
----------------------------------------
Executing: aws s3 cp s3://human-pangenomics/submissions/92fa20c5-5bdb-41ca-bd79-e6ccead281b3--UW_HPRC_Y5_Kinnex/HPRC_Pool005.KN/Read_Segmentation_and_IsoSeq_m84046_240727_165745_s4/flnc-1.bam s3://human-pangenomics/working/HPRC/HG03691/raw_data/PacBio_Kinnex/HG03691.lymph.m84046_240727_165745_s4.flnc.bam
copy: s3://human-pangenomics/submissions/92fa20c5-5bdb-41ca-bd79-e6ccead281b3--UW_HPRC_Y5_Kinnex/HPRC_Pool005.KN/Read_Segmentation_and_IsoSeq_m84046_240727_165745_s4/flnc-1.bam to s3://human-pangenomics/working/HPRC/HG03691/raw_data/PacBio_Kinnex/HG03691.lymph.m84046_240727_165745_s4.flnc.bam
Exit code: 0
----------------------------------------
Executing: aws s3 cp s3://human-pangenomics/submissions/92fa20c5-5bdb-41ca-bd79-e6ccead281b3--UW_HPRC_Y5_Kinnex/HPRC_Pool006.KN/Read_Segmentation_and_IsoSeq_m84046_240728_205116_s1/flnc-5.bam s3://human-pangenomics/working/HPRC/HG03733/raw_data/PacBio_Kinnex/HG03733.lymph.m84046_240728_205116_s1.flnc.bam
copy: s3://human-pangenomics/submissions/92fa20c5-5bdb-41ca-bd79-e6ccead281b3--UW_HPRC_Y5_Kinnex/HPRC_Pool006.KN/Read_Segmentation_and_IsoSeq_m84046_240728_205116_s1/flnc-5.bam to s3://human-pangenomics/working/HPRC/HG03733/raw_data/PacBio_Kinnex/HG03733.lymph.m84046_240728_205116_s1.flnc.bam
Exit code: 0
----------------------------------------
Executing: aws s3 cp s3://human-pangenomics/submissions/92fa20c5-5bdb-41ca-bd79-e6ccead281b3--UW_HPRC_Y5_Kinnex/HPRC_Pool006.KN/Read_Segmentation_and_IsoSeq_m84046_240728_225112_s2/flnc-5.bam s3://human-pangenomics/working/HPRC/HG03733/raw_data/PacBio_Kinnex/HG03733.lymph.m84046_240728_225112_s2.flnc.bam
copy: s3://human-pangenomics/submissions/92fa20c5-5bdb-41ca-bd79-e6ccead281b3--UW_HPRC_Y5_Kinnex/HPRC_Pool006.KN/Read_Segmentation_and_IsoSeq_m84046_240728_225112_s2/flnc-5.bam to s3://human-pangenomics/working/HPRC/HG03733/raw_data/PacBio_Kinnex/HG03733.lymph.m84046_240728_225112_s2.flnc.bam
Exit code: 0
----------------------------------------
Executing: aws s3 cp s3://human-pangenomics/submissions/92fa20c5-5bdb-41ca-bd79-e6ccead281b3--UW_HPRC_Y5_Kinnex/HPRC_Pool004.KN/Read_Segmentation_and_IsoSeq_m84046_240727_105921_s1/flnc-6.bam s3://human-pangenomics/working/HPRC/HG03788/raw_data/PacBio_Kinnex/HG03788.lymph.m84046_240727_105921_s1.flnc.bam
copy: s3://human-pangenomics/submissions/92fa20c5-5bdb-41ca-bd79-e6ccead281b3--UW_HPRC_Y5_Kinnex/HPRC_Pool004.KN/Read_Segmentation_and_IsoSeq_m84046_240727_105921_s1/flnc-6.bam to s3://human-pangenomics/working/HPRC/HG03788/raw_data/PacBio_Kinnex/HG03788.lymph.m84046_240727_105921_s1.flnc.bam
Exit code: 0
----------------------------------------
Executing: aws s3 cp s3://human-pangenomics/submissions/92fa20c5-5bdb-41ca-bd79-e6ccead281b3--UW_HPRC_Y5_Kinnex/HPRC_Pool004.KN/Read_Segmentation_and_IsoSeq_m84046_240727_125908_s2/flnc-6.bam s3://human-pangenomics/working/HPRC/HG03788/raw_data/PacBio_Kinnex/HG03788.lymph.m84046_240727_125908_s2.flnc.bam
copy: s3://human-pangenomics/submissions/92fa20c5-5bdb-41ca-bd79-e6ccead281b3--UW_HPRC_Y5_Kinnex/HPRC_Pool004.KN/Read_Segmentation_and_IsoSeq_m84046_240727_125908_s2/flnc-6.bam to s3://human-pangenomics/working/HPRC/HG03788/raw_data/PacBio_Kinnex/HG03788.lymph.m84046_240727_125908_s2.flnc.bam
Exit code: 0
----------------------------------------
Executing: aws s3 cp s3://human-pangenomics/submissions/92fa20c5-5bdb-41ca-bd79-e6ccead281b3--UW_HPRC_Y5_Kinnex/HPRC_Pool003.KN/Read_Segmentation_and_IsoSeq_m84046_240713_091428_s4/flnc-7.bam s3://human-pangenomics/working/HPRC/HG03942/raw_data/PacBio_Kinnex/HG03942.lymph.m84046_240713_091428_s4.flnc.bam
copy: s3://human-pangenomics/submissions/92fa20c5-5bdb-41ca-bd79-e6ccead281b3--UW_HPRC_Y5_Kinnex/HPRC_Pool003.KN/Read_Segmentation_and_IsoSeq_m84046_240713_091428_s4/flnc-7.bam to s3://human-pangenomics/working/HPRC/HG03942/raw_data/PacBio_Kinnex/HG03942.lymph.m84046_240713_091428_s4.flnc.bam
Exit code: 0
----------------------------------------
Executing: aws s3 cp s3://human-pangenomics/submissions/92fa20c5-5bdb-41ca-bd79-e6ccead281b3--UW_HPRC_Y5_Kinnex/HPRC_Pool003.KN/Read_Segmentation_and_IsoSeq_m84046_240717_125059_s3/flnc-7.bam s3://human-pangenomics/working/HPRC/HG03942/raw_data/PacBio_Kinnex/HG03942.lymph.m84046_240717_125059_s3.flnc.bam
copy: s3://human-pangenomics/submissions/92fa20c5-5bdb-41ca-bd79-e6ccead281b3--UW_HPRC_Y5_Kinnex/HPRC_Pool003.KN/Read_Segmentation_and_IsoSeq_m84046_240717_125059_s3/flnc-7.bam to s3://human-pangenomics/working/HPRC/HG03942/raw_data/PacBio_Kinnex/HG03942.lymph.m84046_240717_125059_s3.flnc.bam
Exit code: 0
----------------------------------------
Executing: aws s3 cp s3://human-pangenomics/submissions/92fa20c5-5bdb-41ca-bd79-e6ccead281b3--UW_HPRC_Y5_Kinnex/HPRC_Pool003.KN/Read_Segmentation_and_IsoSeq_m84046_240713_091428_s4/flnc-8.bam s3://human-pangenomics/working/HPRC/HG04187/raw_data/PacBio_Kinnex/HG04187.lymph.m84046_240713_091428_s4.flnc.bam
copy: s3://human-pangenomics/submissions/92fa20c5-5bdb-41ca-bd79-e6ccead281b3--UW_HPRC_Y5_Kinnex/HPRC_Pool003.KN/Read_Segmentation_and_IsoSeq_m84046_240713_091428_s4/flnc-8.bam to s3://human-pangenomics/working/HPRC/HG04187/raw_data/PacBio_Kinnex/HG04187.lymph.m84046_240713_091428_s4.flnc.bam
Exit code: 0
----------------------------------------
Executing: aws s3 cp s3://human-pangenomics/submissions/92fa20c5-5bdb-41ca-bd79-e6ccead281b3--UW_HPRC_Y5_Kinnex/HPRC_Pool003.KN/Read_Segmentation_and_IsoSeq_m84046_240717_125059_s3/flnc-8.bam s3://human-pangenomics/working/HPRC/HG04187/raw_data/PacBio_Kinnex/HG04187.lymph.m84046_240717_125059_s3.flnc.bam
copy: s3://human-pangenomics/submissions/92fa20c5-5bdb-41ca-bd79-e6ccead281b3--UW_HPRC_Y5_Kinnex/HPRC_Pool003.KN/Read_Segmentation_and_IsoSeq_m84046_240717_125059_s3/flnc-8.bam to s3://human-pangenomics/working/HPRC/HG04187/raw_data/PacBio_Kinnex/HG04187.lymph.m84046_240717_125059_s3.flnc.bam
Exit code: 0
----------------------------------------
Executing: aws s3 cp s3://human-pangenomics/submissions/92fa20c5-5bdb-41ca-bd79-e6ccead281b3--UW_HPRC_Y5_Kinnex/HPRC_Pool005.KN/Read_Segmentation_and_IsoSeq_m84046_240727_145828_s3/flnc-8.bam s3://human-pangenomics/working/HPRC/HG04216/raw_data/PacBio_Kinnex/HG04216.lymph.m84046_240727_145828_s3.flnc.bam
copy: s3://human-pangenomics/submissions/92fa20c5-5bdb-41ca-bd79-e6ccead281b3--UW_HPRC_Y5_Kinnex/HPRC_Pool005.KN/Read_Segmentation_and_IsoSeq_m84046_240727_145828_s3/flnc-8.bam to s3://human-pangenomics/working/HPRC/HG04216/raw_data/PacBio_Kinnex/HG04216.lymph.m84046_240727_145828_s3.flnc.bam
Exit code: 0
----------------------------------------
Executing: aws s3 cp s3://human-pangenomics/submissions/92fa20c5-5bdb-41ca-bd79-e6ccead281b3--UW_HPRC_Y5_Kinnex/HPRC_Pool005.KN/Read_Segmentation_and_IsoSeq_m84046_240727_165745_s4/flnc-8.bam s3://human-pangenomics/working/HPRC/HG04216/raw_data/PacBio_Kinnex/HG04216.lymph.m84046_240727_165745_s4.flnc.bam
copy: s3://human-pangenomics/submissions/92fa20c5-5bdb-41ca-bd79-e6ccead281b3--UW_HPRC_Y5_Kinnex/HPRC_Pool005.KN/Read_Segmentation_and_IsoSeq_m84046_240727_165745_s4/flnc-8.bam to s3://human-pangenomics/working/HPRC/HG04216/raw_data/PacBio_Kinnex/HG04216.lymph.m84046_240727_165745_s4.flnc.bam
Exit code: 0
----------------------------------------
Executing: aws s3 cp s3://human-pangenomics/submissions/92fa20c5-5bdb-41ca-bd79-e6ccead281b3--UW_HPRC_Y5_Kinnex/HPRC_Pool005.KN/Read_Segmentation_and_IsoSeq_m84046_240727_145828_s3/flnc-5.bam s3://human-pangenomics/working/HPRC/NA18538/raw_data/PacBio_Kinnex/NA18538.lymph.m84046_240727_145828_s3.flnc.bam
copy: s3://human-pangenomics/submissions/92fa20c5-5bdb-41ca-bd79-e6ccead281b3--UW_HPRC_Y5_Kinnex/HPRC_Pool005.KN/Read_Segmentation_and_IsoSeq_m84046_240727_145828_s3/flnc-5.bam to s3://human-pangenomics/working/HPRC/NA18538/raw_data/PacBio_Kinnex/NA18538.lymph.m84046_240727_145828_s3.flnc.bam
Exit code: 0
----------------------------------------
Executing: aws s3 cp s3://human-pangenomics/submissions/92fa20c5-5bdb-41ca-bd79-e6ccead281b3--UW_HPRC_Y5_Kinnex/HPRC_Pool005.KN/Read_Segmentation_and_IsoSeq_m84046_240727_165745_s4/flnc-5.bam s3://human-pangenomics/working/HPRC/NA18538/raw_data/PacBio_Kinnex/NA18538.lymph.m84046_240727_165745_s4.flnc.bam
copy: s3://human-pangenomics/submissions/92fa20c5-5bdb-41ca-bd79-e6ccead281b3--UW_HPRC_Y5_Kinnex/HPRC_Pool005.KN/Read_Segmentation_and_IsoSeq_m84046_240727_165745_s4/flnc-5.bam to s3://human-pangenomics/working/HPRC/NA18538/raw_data/PacBio_Kinnex/NA18538.lymph.m84046_240727_165745_s4.flnc.bam
Exit code: 0
----------------------------------------
Executing: aws s3 cp s3://human-pangenomics/submissions/92fa20c5-5bdb-41ca-bd79-e6ccead281b3--UW_HPRC_Y5_Kinnex/HPRC_Pool006.KN/Read_Segmentation_and_IsoSeq_m84046_240728_205116_s1/flnc-1.bam s3://human-pangenomics/working/HPRC/NA18559/raw_data/PacBio_Kinnex/NA18559.lymph.m84046_240728_205116_s1.flnc.bam
copy: s3://human-pangenomics/submissions/92fa20c5-5bdb-41ca-bd79-e6ccead281b3--UW_HPRC_Y5_Kinnex/HPRC_Pool006.KN/Read_Segmentation_and_IsoSeq_m84046_240728_205116_s1/flnc-1.bam to s3://human-pangenomics/working/HPRC/NA18559/raw_data/PacBio_Kinnex/NA18559.lymph.m84046_240728_205116_s1.flnc.bam
Exit code: 0
----------------------------------------
Executing: aws s3 cp s3://human-pangenomics/submissions/92fa20c5-5bdb-41ca-bd79-e6ccead281b3--UW_HPRC_Y5_Kinnex/HPRC_Pool006.KN/Read_Segmentation_and_IsoSeq_m84046_240728_225112_s2/flnc-1.bam s3://human-pangenomics/working/HPRC/NA18559/raw_data/PacBio_Kinnex/NA18559.lymph.m84046_240728_225112_s2.flnc.bam
copy: s3://human-pangenomics/submissions/92fa20c5-5bdb-41ca-bd79-e6ccead281b3--UW_HPRC_Y5_Kinnex/HPRC_Pool006.KN/Read_Segmentation_and_IsoSeq_m84046_240728_225112_s2/flnc-1.bam to s3://human-pangenomics/working/HPRC/NA18559/raw_data/PacBio_Kinnex/NA18559.lymph.m84046_240728_225112_s2.flnc.bam
Exit code: 0
----------------------------------------
Executing: aws s3 cp s3://human-pangenomics/submissions/92fa20c5-5bdb-41ca-bd79-e6ccead281b3--UW_HPRC_Y5_Kinnex/HPRC_Pool004.KN/Read_Segmentation_and_IsoSeq_m84046_240727_105921_s1/flnc-8.bam s3://human-pangenomics/working/HPRC/NA18606/raw_data/PacBio_Kinnex/NA18606.lymph.m84046_240727_105921_s1.flnc.bam
copy: s3://human-pangenomics/submissions/92fa20c5-5bdb-41ca-bd79-e6ccead281b3--UW_HPRC_Y5_Kinnex/HPRC_Pool004.KN/Read_Segmentation_and_IsoSeq_m84046_240727_105921_s1/flnc-8.bam to s3://human-pangenomics/working/HPRC/NA18606/raw_data/PacBio_Kinnex/NA18606.lymph.m84046_240727_105921_s1.flnc.bam
Exit code: 0
----------------------------------------
Executing: aws s3 cp s3://human-pangenomics/submissions/92fa20c5-5bdb-41ca-bd79-e6ccead281b3--UW_HPRC_Y5_Kinnex/HPRC_Pool004.KN/Read_Segmentation_and_IsoSeq_m84046_240727_125908_s2/flnc-8.bam s3://human-pangenomics/working/HPRC/NA18606/raw_data/PacBio_Kinnex/NA18606.lymph.m84046_240727_125908_s2.flnc.bam
copy: s3://human-pangenomics/submissions/92fa20c5-5bdb-41ca-bd79-e6ccead281b3--UW_HPRC_Y5_Kinnex/HPRC_Pool004.KN/Read_Segmentation_and_IsoSeq_m84046_240727_125908_s2/flnc-8.bam to s3://human-pangenomics/working/HPRC/NA18606/raw_data/PacBio_Kinnex/NA18606.lymph.m84046_240727_125908_s2.flnc.bam
Exit code: 0
----------------------------------------
Executing: aws s3 cp s3://human-pangenomics/submissions/92fa20c5-5bdb-41ca-bd79-e6ccead281b3--UW_HPRC_Y5_Kinnex/HPRC_Pool006.KN/Read_Segmentation_and_IsoSeq_m84046_240728_205116_s1/flnc-7.bam s3://human-pangenomics/working/HPRC/NA18870/raw_data/PacBio_Kinnex/NA18870.lymph.m84046_240728_205116_s1.flnc.bam
copy: s3://human-pangenomics/submissions/92fa20c5-5bdb-41ca-bd79-e6ccead281b3--UW_HPRC_Y5_Kinnex/HPRC_Pool006.KN/Read_Segmentation_and_IsoSeq_m84046_240728_205116_s1/flnc-7.bam to s3://human-pangenomics/working/HPRC/NA18870/raw_data/PacBio_Kinnex/NA18870.lymph.m84046_240728_205116_s1.flnc.bam
Exit code: 0
----------------------------------------
Executing: aws s3 cp s3://human-pangenomics/submissions/92fa20c5-5bdb-41ca-bd79-e6ccead281b3--UW_HPRC_Y5_Kinnex/HPRC_Pool006.KN/Read_Segmentation_and_IsoSeq_m84046_240728_225112_s2/flnc-7.bam s3://human-pangenomics/working/HPRC/NA18870/raw_data/PacBio_Kinnex/NA18870.lymph.m84046_240728_225112_s2.flnc.bam
copy: s3://human-pangenomics/submissions/92fa20c5-5bdb-41ca-bd79-e6ccead281b3--UW_HPRC_Y5_Kinnex/HPRC_Pool006.KN/Read_Segmentation_and_IsoSeq_m84046_240728_225112_s2/flnc-7.bam to s3://human-pangenomics/working/HPRC/NA18870/raw_data/PacBio_Kinnex/NA18870.lymph.m84046_240728_225112_s2.flnc.bam
Exit code: 0
----------------------------------------
Executing: aws s3 cp s3://human-pangenomics/submissions/92fa20c5-5bdb-41ca-bd79-e6ccead281b3--UW_HPRC_Y5_Kinnex/HPRC_Pool006.KN/Read_Segmentation_and_IsoSeq_m84046_240728_205116_s1/flnc-4.bam s3://human-pangenomics/working/HPRC/NA19031/raw_data/PacBio_Kinnex/NA19031.lymph.m84046_240728_205116_s1.flnc.bam
copy: s3://human-pangenomics/submissions/92fa20c5-5bdb-41ca-bd79-e6ccead281b3--UW_HPRC_Y5_Kinnex/HPRC_Pool006.KN/Read_Segmentation_and_IsoSeq_m84046_240728_205116_s1/flnc-4.bam to s3://human-pangenomics/working/HPRC/NA19031/raw_data/PacBio_Kinnex/NA19031.lymph.m84046_240728_205116_s1.flnc.bam
Exit code: 0
----------------------------------------
Executing: aws s3 cp s3://human-pangenomics/submissions/92fa20c5-5bdb-41ca-bd79-e6ccead281b3--UW_HPRC_Y5_Kinnex/HPRC_Pool006.KN/Read_Segmentation_and_IsoSeq_m84046_240728_225112_s2/flnc-4.bam s3://human-pangenomics/working/HPRC/NA19031/raw_data/PacBio_Kinnex/NA19031.lymph.m84046_240728_225112_s2.flnc.bam
copy: s3://human-pangenomics/submissions/92fa20c5-5bdb-41ca-bd79-e6ccead281b3--UW_HPRC_Y5_Kinnex/HPRC_Pool006.KN/Read_Segmentation_and_IsoSeq_m84046_240728_225112_s2/flnc-4.bam to s3://human-pangenomics/working/HPRC/NA19031/raw_data/PacBio_Kinnex/NA19031.lymph.m84046_240728_225112_s2.flnc.bam
Exit code: 0
----------------------------------------
Executing: aws s3 cp s3://human-pangenomics/submissions/92fa20c5-5bdb-41ca-bd79-e6ccead281b3--UW_HPRC_Y5_Kinnex/HPRC_Pool004.KN/Read_Segmentation_and_IsoSeq_m84046_240727_105921_s1/flnc-2.bam s3://human-pangenomics/working/HPRC/NA19042/raw_data/PacBio_Kinnex/NA19042.lymph.m84046_240727_105921_s1.flnc.bam
copy: s3://human-pangenomics/submissions/92fa20c5-5bdb-41ca-bd79-e6ccead281b3--UW_HPRC_Y5_Kinnex/HPRC_Pool004.KN/Read_Segmentation_and_IsoSeq_m84046_240727_105921_s1/flnc-2.bam to s3://human-pangenomics/working/HPRC/NA19042/raw_data/PacBio_Kinnex/NA19042.lymph.m84046_240727_105921_s1.flnc.bam
Exit code: 0
----------------------------------------
Executing: aws s3 cp s3://human-pangenomics/submissions/92fa20c5-5bdb-41ca-bd79-e6ccead281b3--UW_HPRC_Y5_Kinnex/HPRC_Pool004.KN/Read_Segmentation_and_IsoSeq_m84046_240727_125908_s2/flnc-2.bam s3://human-pangenomics/working/HPRC/NA19042/raw_data/PacBio_Kinnex/NA19042.lymph.m84046_240727_125908_s2.flnc.bam
copy: s3://human-pangenomics/submissions/92fa20c5-5bdb-41ca-bd79-e6ccead281b3--UW_HPRC_Y5_Kinnex/HPRC_Pool004.KN/Read_Segmentation_and_IsoSeq_m84046_240727_125908_s2/flnc-2.bam to s3://human-pangenomics/working/HPRC/NA19042/raw_data/PacBio_Kinnex/NA19042.lymph.m84046_240727_125908_s2.flnc.bam
Exit code: 0
----------------------------------------
Executing: aws s3 cp s3://human-pangenomics/submissions/92fa20c5-5bdb-41ca-bd79-e6ccead281b3--UW_HPRC_Y5_Kinnex/HPRC_Pool006.KN/Read_Segmentation_and_IsoSeq_m84046_240728_205116_s1/flnc-6.bam s3://human-pangenomics/working/HPRC/NA19314/raw_data/PacBio_Kinnex/NA19314.lymph.m84046_240728_205116_s1.flnc.bam
copy: s3://human-pangenomics/submissions/92fa20c5-5bdb-41ca-bd79-e6ccead281b3--UW_HPRC_Y5_Kinnex/HPRC_Pool006.KN/Read_Segmentation_and_IsoSeq_m84046_240728_205116_s1/flnc-6.bam to s3://human-pangenomics/working/HPRC/NA19314/raw_data/PacBio_Kinnex/NA19314.lymph.m84046_240728_205116_s1.flnc.bam
Exit code: 0
----------------------------------------
Executing: aws s3 cp s3://human-pangenomics/submissions/92fa20c5-5bdb-41ca-bd79-e6ccead281b3--UW_HPRC_Y5_Kinnex/HPRC_Pool006.KN/Read_Segmentation_and_IsoSeq_m84046_240728_225112_s2/flnc-6.bam s3://human-pangenomics/working/HPRC/NA19314/raw_data/PacBio_Kinnex/NA19314.lymph.m84046_240728_225112_s2.flnc.bam
copy: s3://human-pangenomics/submissions/92fa20c5-5bdb-41ca-bd79-e6ccead281b3--UW_HPRC_Y5_Kinnex/HPRC_Pool006.KN/Read_Segmentation_and_IsoSeq_m84046_240728_225112_s2/flnc-6.bam to s3://human-pangenomics/working/HPRC/NA19314/raw_data/PacBio_Kinnex/NA19314.lymph.m84046_240728_225112_s2.flnc.bam
Exit code: 0
----------------------------------------
Executing: aws s3 cp s3://human-pangenomics/submissions/92fa20c5-5bdb-41ca-bd79-e6ccead281b3--UW_HPRC_Y5_Kinnex/HPRC_Pool006.KN/Read_Segmentation_and_IsoSeq_m84046_240728_205116_s1/flnc-8.bam s3://human-pangenomics/working/HPRC/NA20756/raw_data/PacBio_Kinnex/NA20756.lymph.m84046_240728_205116_s1.flnc.bam
copy: s3://human-pangenomics/submissions/92fa20c5-5bdb-41ca-bd79-e6ccead281b3--UW_HPRC_Y5_Kinnex/HPRC_Pool006.KN/Read_Segmentation_and_IsoSeq_m84046_240728_205116_s1/flnc-8.bam to s3://human-pangenomics/working/HPRC/NA20756/raw_data/PacBio_Kinnex/NA20756.lymph.m84046_240728_205116_s1.flnc.bam
Exit code: 0
----------------------------------------
Executing: aws s3 cp s3://human-pangenomics/submissions/92fa20c5-5bdb-41ca-bd79-e6ccead281b3--UW_HPRC_Y5_Kinnex/HPRC_Pool006.KN/Read_Segmentation_and_IsoSeq_m84046_240728_225112_s2/flnc-8.bam s3://human-pangenomics/working/HPRC/NA20756/raw_data/PacBio_Kinnex/NA20756.lymph.m84046_240728_225112_s2.flnc.bam
copy: s3://human-pangenomics/submissions/92fa20c5-5bdb-41ca-bd79-e6ccead281b3--UW_HPRC_Y5_Kinnex/HPRC_Pool006.KN/Read_Segmentation_and_IsoSeq_m84046_240728_225112_s2/flnc-8.bam to s3://human-pangenomics/working/HPRC/NA20756/raw_data/PacBio_Kinnex/NA20756.lymph.m84046_240728_225112_s2.flnc.bam
Exit code: 0
----------------------------------------
