2025-07-29 18:57:20 Starting array task 198 of job 10006226
2025-07-29 18:57:20 Working directory: /data/scratch/aofarrel/transfer_work_10006226_198
2025-07-29 18:57:20 Checking disk size on phoenix-20.prism
	* AWSFILEBYTES	000020877794295	(19.44 GB)
	* NEEDED_BYTES	000031316691442	(29.17 GB)
	* AVAILA_BYTES	013084969463808	(12186.33 GB)
2025-07-29 18:57:20 Processing S3 path: s3://human-pangenomics/working/HPRC/HG00738/raw_data/PacBio_HiFi/deepconsensus/v1pt2/HG00738.m64043_210530_003337.dc.q20.fastq.gz
2025-07-29 18:57:20 Local filename: HG00738.m64043_210530_003337.dc.q20.fastq.gz
2025-07-29 18:57:20 Task mainfest: ./manifest_10006226_198.csv
2025-07-29 18:57:20 Destination path: gs://fc-dcbd33a0-b9cf-475e-97c5-7fcfa3b51c71/human-pangenomics/working/HPRC/HG00738/raw_data/PacBio_HiFi/deepconsensus/v1pt2/HG00738.m64043_210530_003337.dc.q20.fastq.gz
2025-07-29 18:57:20 Downloading HG00738.m64043_210530_003337.dc.q20.fastq.gz from S3...
download: s3://human-pangenomics/working/HPRC/HG00738/raw_data/PacBio_HiFi/deepconsensus/v1pt2/HG00738.m64043_210530_003337.dc.q20.fastq.gz to downloads/HG00738.m64043_210530_003337.dc.q20.fastq.gz
2025-07-29 19:00:55 Calculating checksum and file size for HG00738.m64043_210530_003337.dc.q20.fastq.gz...
2025-07-29 19:02:09 File size: 20877794295 bytes
2025-07-29 19:02:10 MD5 checksum: e72499287717ff9e91d803e215f93bbd
2025-07-29 19:02:10 Manifest:
file,aws_file_size,download_size,checksum,s3_source,gs_path,slurm_job_id,slurm_task_id
HG00738.m64043_210530_003337.dc.q20.fastq.gz,20877794295,20877794295,e72499287717ff9e91d803e215f93bbd,s3://human-pangenomics/working/HPRC/HG00738/raw_data/PacBio_HiFi/deepconsensus/v1pt2/HG00738.m64043_210530_003337.dc.q20.fastq.gz,gs://fc-dcbd33a0-b9cf-475e-97c5-7fcfa3b51c71/human-pangenomics/working/HPRC/HG00738/raw_data/PacBio_HiFi/deepconsensus/v1pt2/HG00738.m64043_210530_003337.dc.q20.fastq.gz,10006226,198
2025-07-29 19:02:10 Uploading HG00738.m64043_210530_003337.dc.q20.fastq.gz to Google Cloud Storage...
Copying file://./downloads/HG00738.m64043_210530_003337.dc.q20.fastq.gz to gs://fc-dcbd33a0-b9cf-475e-97c5-7fcfa3b51c71/human-pangenomics/working/HPRC/HG00738/raw_data/PacBio_HiFi/deepconsensus/v1pt2/HG00738.m64043_210530_003337.dc.q20.fastq.gz
  
Created: gs://fc-dcbd33a0-b9cf-475e-97c5-7fcfa3b51c71/human-pangenomics/working/HPRC/HG00738/raw_data/PacBio_HiFi/deepconsensus/v1pt2/HG00738.m64043_210530_003337.dc.q20.fastq.gz#1753841366612072
..........................................................................................................................................................................................................................................................................................................................................................................................................................................................................................................................................................................................................................................................................................................................................................................................................................................................................................................................................................................................................................................................................................................................................................................................................................................................................................................................................................................................................................................................................................................................................................................................................................................................................................................................................................................................................................................................................................................................................................................................................................................................................................................................................................................................................................................................

Average throughput: 45.9MiB/s
2025-07-29 19:09:27 Attempting to copy manifest to migalab...
2025-07-29 19:09:27 Cleaning up temporary files...
2025-07-29 19:09:28 ✓ Task 198 completed successfully
2025-07-29 19:09:28 ✓ Processed file: HG00738.m64043_210530_003337.dc.q20.fastq.gz
2025-07-29 19:09:28 ✓ Manifest saved to: ./manifest_10006226_198.csv
2025-07-29 19:09:28 ✓ Transferred: s3://human-pangenomics/working/HPRC/HG00738/raw_data/PacBio_HiFi/deepconsensus/v1pt2/HG00738.m64043_210530_003337.dc.q20.fastq.gz -> gs://fc-dcbd33a0-b9cf-475e-97c5-7fcfa3b51c71/human-pangenomics/working/HPRC/HG00738/raw_data/PacBio_HiFi/deepconsensus/v1pt2/HG00738.m64043_210530_003337.dc.q20.fastq.gz
slurmstepd-phoenix-20: error: Unable to unlink domain socket `/var/lib/slurm/slurmd/phoenix-20_10011549.4294967291`: No such file or directory